# JRE version: OpenJDK Runtime Environment Temurin-17.0.1+12 (17.0.1+12) (build 17.0.1+12)
# Java VM: OpenJDK 64-Bit Server VM Temurin-17.0.1+12 (17.0.1+12, mixed mode, tiered, compressed oops, compressed class ptrs, parallel gc, linux-amd64)
GC Precious Log:
 CPUs: 12 total, 12 available
 Memory: 15855M
 Large Page Support: Disabled
 NUMA Support: Disabled
 Compressed Oops: Enabled (32-bit)
 Alignments: Space 512K, Generation 512K, Heap 2M
 Heap Min Capacity: 100M
 Heap Initial Capacity: 100M
 Heap Max Capacity: 2G
 Pre-touch: Disabled
 Parallel Workers: 10
Heap:
 PSYoungGen      total 13824K, used 2029K [0x00000000d5580000, 0x00000000d6700000, 0x0000000100000000)
  eden space 12800K, 7% used [0x00000000d5580000,0x00000000d567b7f0,0x00000000d6200000)
  from space 1024K, 100% used [0x00000000d6200000,0x00000000d6300000,0x00000000d6300000)
  to   space 2560K, 0% used [0x00000000d6480000,0x00000000d6480000,0x00000000d6700000)
 ParOldGen       total 68608K, used 65070K [0x0000000080000000, 0x0000000084300000, 0x00000000d5580000)
  object space 68608K, 94% used [0x0000000080000000,0x0000000083f8bbe8,0x0000000084300000)
 Metaspace       used 63906K, committed 64832K, reserved 1114112K
  class space    used 6819K, committed 7232K, reserved 1048576K
GC Heap History (20 events):
Event: 4,405 GC heap before
{Heap before GC invocations=52 (full 3):
 PSYoungGen      total 14336K, used 13824K [0x00000000d5580000, 0x00000000d6500000, 0x0000000100000000)
  eden space 12800K, 100% used [0x00000000d5580000,0x00000000d6200000,0x00000000d6200000)
  from space 1536K, 66% used [0x00000000d6380000,0x00000000d6480000,0x00000000d6500000)
  to   space 1536K, 0% used [0x00000000d6200000,0x00000000d6200000,0x00000000d6380000)
 ParOldGen       total 68608K, used 55619K [0x0000000080000000, 0x0000000084300000, 0x00000000d5580000)
  object space 68608K, 81% used [0x0000000080000000,0x0000000083650f88,0x0000000084300000)
 Metaspace       used 63829K, committed 64768K, reserved 1114112K
  class space    used 6804K, committed 7232K, reserved 1048576K
}
Event: 4,406 GC heap after
{Heap after GC invocations=52 (full 3):
 PSYoungGen      total 14336K, used 1088K [0x00000000d5580000, 0x00000000d6500000, 0x0000000100000000)
  eden space 12800K, 0% used [0x00000000d5580000,0x00000000d5580000,0x00000000d6200000)
  from space 1536K, 70% used [0x00000000d6200000,0x00000000d6310000,0x00000000d6380000)
  to   space 1536K, 0% used [0x00000000d6380000,0x00000000d6380000,0x00000000d6500000)
 ParOldGen       total 68608K, used 56539K [0x0000000080000000, 0x0000000084300000, 0x00000000d5580000)
  object space 68608K, 82% used [0x0000000080000000,0x0000000083736f88,0x0000000084300000)
 Metaspace       used 63829K, committed 64768K, reserved 1114112K
  class space    used 6804K, committed 7232K, reserved 1048576K
}
Event: 4,420 GC heap before
{Heap before GC invocations=53 (full 3):
 PSYoungGen      total 14336K, used 13887K [0x00000000d5580000, 0x00000000d6500000, 0x0000000100000000)
  eden space 12800K, 99% used [0x00000000d5580000,0x00000000d61ffff8,0x00000000d6200000)
  from space 1536K, 70% used [0x00000000d6200000,0x00000000d6310000,0x00000000d6380000)
  to   space 1536K, 0% used [0x00000000d6380000,0x00000000d6380000,0x00000000d6500000)
 ParOldGen       total 68608K, used 56539K [0x0000000080000000, 0x0000000084300000, 0x00000000d5580000)
  object space 68608K, 82% used [0x0000000080000000,0x0000000083736f88,0x0000000084300000)
 Metaspace       used 63829K, committed 64768K, reserved 1114112K
  class space    used 6804K, committed 7232K, reserved 1048576K
}
Event: 4,421 GC heap after
{Heap after GC invocations=53 (full 3):
 PSYoungGen      total 13824K, used 960K [0x00000000d5580000, 0x00000000d6480000, 0x0000000100000000)
  eden space 12800K, 0% used [0x00000000d5580000,0x00000000d5580000,0x00000000d6200000)
  from space 1024K, 93% used [0x00000000d6380000,0x00000000d6470000,0x00000000d6480000)
  to   space 1024K, 0% used [0x00000000d6280000,0x00000000d6280000,0x00000000d6380000)
 ParOldGen       total 68608K, used 57385K [0x0000000080000000, 0x0000000084300000, 0x00000000d5580000)
  object space 68608K, 83% used [0x0000000080000000,0x000000008380a408,0x0000000084300000)
 Metaspace       used 63829K, committed 64768K, reserved 1114112K
  class space    used 6804K, committed 7232K, reserved 1048576K
}
Event: 4,436 GC heap before
{Heap before GC invocations=54 (full 3):
 PSYoungGen      total 13824K, used 13760K [0x00000000d5580000, 0x00000000d6480000, 0x0000000100000000)
  eden space 12800K, 100% used [0x00000000d5580000,0x00000000d6200000,0x00000000d6200000)
  from space 1024K, 93% used [0x00000000d6380000,0x00000000d6470000,0x00000000d6480000)
  to   space 1024K, 0% used [0x00000000d6280000,0x00000000d6280000,0x00000000d6380000)
 ParOldGen       total 68608K, used 57385K [0x0000000080000000, 0x0000000084300000, 0x00000000d5580000)
  object space 68608K, 83% used [0x0000000080000000,0x000000008380a408,0x0000000084300000)
 Metaspace       used 63842K, committed 64768K, reserved 1114112K
  class space    used 6807K, committed 7232K, reserved 1048576K
}
Event: 4,437 GC heap after
{Heap after GC invocations=54 (full 3):
 PSYoungGen      total 13824K, used 942K [0x00000000d5580000, 0x00000000d6400000, 0x0000000100000000)
  eden space 12800K, 0% used [0x00000000d5580000,0x00000000d5580000,0x00000000d6200000)
  from space 1024K, 92% used [0x00000000d6280000,0x00000000d636bb00,0x00000000d6380000)
  to   space 512K, 0% used [0x00000000d6380000,0x00000000d6380000,0x00000000d6400000)
 ParOldGen       total 68608K, used 58038K [0x0000000080000000, 0x0000000084300000, 0x00000000d5580000)
  object space 68608K, 84% used [0x0000000080000000,0x00000000838ad888,0x0000000084300000)
 Metaspace       used 63842K, committed 64768K, reserved 1114112K
  class space    used 6807K, committed 7232K, reserved 1048576K
}
Event: 4,455 GC heap before
{Heap before GC invocations=55 (full 3):
 PSYoungGen      total 13824K, used 13742K [0x00000000d5580000, 0x00000000d6400000, 0x0000000100000000)
  eden space 12800K, 100% used [0x00000000d5580000,0x00000000d6200000,0x00000000d6200000)
  from space 1024K, 92% used [0x00000000d6280000,0x00000000d636bb00,0x00000000d6380000)
  to   space 512K, 0% used [0x00000000d6380000,0x00000000d6380000,0x00000000d6400000)
 ParOldGen       total 68608K, used 58038K [0x0000000080000000, 0x0000000084300000, 0x00000000d5580000)
  object space 68608K, 84% used [0x0000000080000000,0x00000000838ad888,0x0000000084300000)
 Metaspace       used 63848K, committed 64768K, reserved 1114112K
  class space    used 6809K, committed 7232K, reserved 1048576K
}
Event: 4,456 GC heap after
{Heap after GC invocations=55 (full 3):
 PSYoungGen      total 13312K, used 494K [0x00000000d5580000, 0x00000000d6500000, 0x0000000100000000)
  eden space 12800K, 0% used [0x00000000d5580000,0x00000000d5580000,0x00000000d6200000)
  from space 512K, 96% used [0x00000000d6380000,0x00000000d63fbb00,0x00000000d6400000)
  to   space 1536K, 0% used [0x00000000d6200000,0x00000000d6200000,0x00000000d6380000)
 ParOldGen       total 68608K, used 58613K [0x0000000080000000, 0x0000000084300000, 0x00000000d5580000)
  object space 68608K, 85% used [0x0000000080000000,0x000000008393d488,0x0000000084300000)
 Metaspace       used 63848K, committed 64768K, reserved 1114112K
  class space    used 6809K, committed 7232K, reserved 1048576K
}
Event: 4,472 GC heap before
{Heap before GC invocations=56 (full 3):
 PSYoungGen      total 13312K, used 13294K [0x00000000d5580000, 0x00000000d6500000, 0x0000000100000000)
  eden space 12800K, 100% used [0x00000000d5580000,0x00000000d6200000,0x00000000d6200000)
  from space 512K, 96% used [0x00000000d6380000,0x00000000d63fbb00,0x00000000d6400000)
  to   space 1536K, 0% used [0x00000000d6200000,0x00000000d6200000,0x00000000d6380000)
 ParOldGen       total 68608K, used 58613K [0x0000000080000000, 0x0000000084300000, 0x00000000d5580000)
  object space 68608K, 85% used [0x0000000080000000,0x000000008393d488,0x0000000084300000)
 Metaspace       used 63850K, committed 64768K, reserved 1114112K
  class space    used 6809K, committed 7232K, reserved 1048576K
}
Event: 4,473 GC heap after
{Heap after GC invocations=56 (full 3):
 PSYoungGen      total 14336K, used 1452K [0x00000000d5580000, 0x00000000d6500000, 0x0000000100000000)
  eden space 12800K, 0% used [0x00000000d5580000,0x00000000d5580000,0x00000000d6200000)
  from space 1536K, 94% used [0x00000000d6200000,0x00000000d636b100,0x00000000d6380000)
  to   space 1536K, 0% used [0x00000000d6380000,0x00000000d6380000,0x00000000d6500000)
 ParOldGen       total 68608K, used 58987K [0x0000000080000000, 0x0000000084300000, 0x00000000d5580000)
  object space 68608K, 85% used [0x0000000080000000,0x000000008399af88,0x0000000084300000)
 Metaspace       used 63850K, committed 64768K, reserved 1114112K
  class space    used 6809K, committed 7232K, reserved 1048576K
}
Event: 4,487 GC heap before
{Heap before GC invocations=57 (full 3):
 PSYoungGen      total 14336K, used 14252K [0x00000000d5580000, 0x00000000d6500000, 0x0000000100000000)
  eden space 12800K, 99% used [0x00000000d5580000,0x00000000d61ffff8,0x00000000d6200000)
  from space 1536K, 94% used [0x00000000d6200000,0x00000000d636b100,0x00000000d6380000)
  to   space 1536K, 0% used [0x00000000d6380000,0x00000000d6380000,0x00000000d6500000)
 ParOldGen       total 68608K, used 58987K [0x0000000080000000, 0x0000000084300000, 0x00000000d5580000)
  object space 68608K, 85% used [0x0000000080000000,0x000000008399af88,0x0000000084300000)
 Metaspace       used 63850K, committed 64768K, reserved 1114112K
  class space    used 6809K, committed 7232K, reserved 1048576K
}
Event: 4,489 GC heap after
{Heap after GC invocations=57 (full 3):
 PSYoungGen      total 14336K, used 1088K [0x00000000d5580000, 0x00000000d6500000, 0x0000000100000000)
  eden space 12800K, 0% used [0x00000000d5580000,0x00000000d5580000,0x00000000d6200000)
  from space 1536K, 70% used [0x00000000d6380000,0x00000000d6490000,0x00000000d6500000)
  to   space 1536K, 0% used [0x00000000d6200000,0x00000000d6200000,0x00000000d6380000)
 ParOldGen       total 68608K, used 60294K [0x0000000080000000, 0x0000000084300000, 0x00000000d5580000)
  object space 68608K, 87% used [0x0000000080000000,0x0000000083ae1be8,0x0000000084300000)
 Metaspace       used 63850K, committed 64768K, reserved 1114112K
  class space    used 6809K, committed 7232K, reserved 1048576K
}
Event: 4,503 GC heap before
{Heap before GC invocations=58 (full 3):
 PSYoungGen      total 14336K, used 13888K [0x00000000d5580000, 0x00000000d6500000, 0x0000000100000000)
  eden space 12800K, 100% used [0x00000000d5580000,0x00000000d6200000,0x00000000d6200000)
  from space 1536K, 70% used [0x00000000d6380000,0x00000000d6490000,0x00000000d6500000)
  to   space 1536K, 0% used [0x00000000d6200000,0x00000000d6200000,0x00000000d6380000)
 ParOldGen       total 68608K, used 60294K [0x0000000080000000, 0x0000000084300000, 0x00000000d5580000)
  object space 68608K, 87% used [0x0000000080000000,0x0000000083ae1be8,0x0000000084300000)
 Metaspace       used 63851K, committed 64768K, reserved 1114112K
  class space    used 6809K, committed 7232K, reserved 1048576K
}
Event: 4,505 GC heap after
{Heap after GC invocations=58 (full 3):
 PSYoungGen      total 14336K, used 1056K [0x00000000d5580000, 0x00000000d6500000, 0x0000000100000000)
  eden space 12800K, 0% used [0x00000000d5580000,0x00000000d5580000,0x00000000d6200000)
  from space 1536K, 68% used [0x00000000d6200000,0x00000000d6308000,0x00000000d6380000)
  to   space 1536K, 0% used [0x00000000d6380000,0x00000000d6380000,0x00000000d6500000)
 ParOldGen       total 68608K, used 61246K [0x0000000080000000, 0x0000000084300000, 0x00000000d5580000)
  object space 68608K, 89% used [0x0000000080000000,0x0000000083bcfbe8,0x0000000084300000)
 Metaspace       used 63851K, committed 64768K, reserved 1114112K
  class space    used 6809K, committed 7232K, reserved 1048576K
}
Event: 4,519 GC heap before
{Heap before GC invocations=59 (full 3):
 PSYoungGen      total 14336K, used 13856K [0x00000000d5580000, 0x00000000d6500000, 0x0000000100000000)
  eden space 12800K, 100% used [0x00000000d5580000,0x00000000d6200000,0x00000000d6200000)
  from space 1536K, 68% used [0x00000000d6200000,0x00000000d6308000,0x00000000d6380000)
  to   space 1536K, 0% used [0x00000000d6380000,0x00000000d6380000,0x00000000d6500000)
 ParOldGen       total 68608K, used 61246K [0x0000000080000000, 0x0000000084300000, 0x00000000d5580000)
  object space 68608K, 89% used [0x0000000080000000,0x0000000083bcfbe8,0x0000000084300000)
 Metaspace       used 63851K, committed 64768K, reserved 1114112K
  class space    used 6809K, committed 7232K, reserved 1048576K
}
Event: 4,521 GC heap after
{Heap after GC invocations=59 (full 3):
 PSYoungGen      total 14336K, used 1024K [0x00000000d5580000, 0x00000000d6500000, 0x0000000100000000)
  eden space 12800K, 0% used [0x00000000d5580000,0x00000000d5580000,0x00000000d6200000)
  from space 1536K, 66% used [0x00000000d6380000,0x00000000d6480000,0x00000000d6500000)
  to   space 1536K, 0% used [0x00000000d6200000,0x00000000d6200000,0x00000000d6380000)
 ParOldGen       total 68608K, used 62174K [0x0000000080000000, 0x0000000084300000, 0x00000000d5580000)
  object space 68608K, 90% used [0x0000000080000000,0x0000000083cb7be8,0x0000000084300000)
 Metaspace       used 63851K, committed 64768K, reserved 1114112K
  class space    used 6809K, committed 7232K, reserved 1048576K
}
Event: 4,535 GC heap before
{Heap before GC invocations=60 (full 3):
 PSYoungGen      total 14336K, used 13823K [0x00000000d5580000, 0x00000000d6500000, 0x0000000100000000)
  eden space 12800K, 99% used [0x00000000d5580000,0x00000000d61ffff8,0x00000000d6200000)
  from space 1536K, 66% used [0x00000000d6380000,0x00000000d6480000,0x00000000d6500000)
  to   space 1536K, 0% used [0x00000000d6200000,0x00000000d6200000,0x00000000d6380000)
 ParOldGen       total 68608K, used 62174K [0x0000000080000000, 0x0000000084300000, 0x00000000d5580000)
  object space 68608K, 90% used [0x0000000080000000,0x0000000083cb7be8,0x0000000084300000)
 Metaspace       used 63851K, committed 64768K, reserved 1114112K
  class space    used 6809K, committed 7232K, reserved 1048576K
}
Event: 4,537 GC heap after
{Heap after GC invocations=60 (full 3):
 PSYoungGen      total 13824K, used 992K [0x00000000d5580000, 0x00000000d6400000, 0x0000000100000000)
  eden space 12800K, 0% used [0x00000000d5580000,0x00000000d5580000,0x00000000d6200000)
  from space 1024K, 96% used [0x00000000d6200000,0x00000000d62f8000,0x00000000d6300000)
  to   space 1024K, 0% used [0x00000000d6300000,0x00000000d6300000,0x00000000d6400000)
 ParOldGen       total 68608K, used 63118K [0x0000000080000000, 0x0000000084300000, 0x00000000d5580000)
  object space 68608K, 91% used [0x0000000080000000,0x0000000083da3be8,0x0000000084300000)
 Metaspace       used 63851K, committed 64768K, reserved 1114112K
  class space    used 6809K, committed 7232K, reserved 1048576K
}
Event: 4,552 GC heap before
{Heap before GC invocations=61 (full 3):
 PSYoungGen      total 13824K, used 13792K [0x00000000d5580000, 0x00000000d6400000, 0x0000000100000000)
  eden space 12800K, 100% used [0x00000000d5580000,0x00000000d6200000,0x00000000d6200000)
  from space 1024K, 96% used [0x00000000d6200000,0x00000000d62f8000,0x00000000d6300000)
  to   space 1024K, 0% used [0x00000000d6300000,0x00000000d6300000,0x00000000d6400000)
 ParOldGen       total 68608K, used 63118K [0x0000000080000000, 0x0000000084300000, 0x00000000d5580000)
  object space 68608K, 91% used [0x0000000080000000,0x0000000083da3be8,0x0000000084300000)
 Metaspace       used 63855K, committed 64768K, reserved 1114112K
  class space    used 6809K, committed 7232K, reserved 1048576K
}
Event: 4,554 GC heap after
{Heap after GC invocations=61 (full 3):
 PSYoungGen      total 13824K, used 997K [0x00000000d5580000, 0x00000000d6400000, 0x0000000100000000)
  eden space 12800K, 0% used [0x00000000d5580000,0x00000000d5580000,0x00000000d6200000)
  from space 1024K, 97% used [0x00000000d6300000,0x00000000d63f95a0,0x00000000d6400000)
  to   space 1024K, 0% used [0x00000000d6200000,0x00000000d6200000,0x00000000d6300000)
 ParOldGen       total 68608K, used 64006K [0x0000000080000000, 0x0000000084300000, 0x00000000d5580000)
  object space 68608K, 93% used [0x0000000080000000,0x0000000083e81be8,0x0000000084300000)
 Metaspace       used 63855K, committed 64768K, reserved 1114112K
  class space    used 6809K, committed 7232K, reserved 1048576K
}

