# JRE version: OpenJDK Runtime Environment Temurin-17.0.1+12 (17.0.1+12) (build 17.0.1+12)
# Java VM: OpenJDK 64-Bit Server VM Temurin-17.0.1+12 (17.0.1+12, mixed mode, tiered, compressed oops, compressed class ptrs, parallel gc, linux-amd64)
GC Precious Log:
 CPUs: 12 total, 12 available
 Memory: 15855M
 Large Page Support: Disabled
 NUMA Support: Disabled
 Compressed Oops: Enabled (32-bit)
 Alignments: Space 512K, Generation 512K, Heap 2M
 Heap Min Capacity: 100M
 Heap Initial Capacity: 100M
 Heap Max Capacity: 2G
 Pre-touch: Disabled
 Parallel Workers: 10
Heap:
 PSYoungGen      total 22016K, used 4072K [0x00000000d5580000, 0x00000000d8800000, 0x0000000100000000)
  eden space 17920K, 0% used [0x00000000d5580000,0x00000000d5580000,0x00000000d6700000)
  from space 4096K, 99% used [0x00000000d7980000,0x00000000d7d7a138,0x00000000d7d80000)
  to   space 16896K, 0% used [0x00000000d6700000,0x00000000d6700000,0x00000000d7780000)
 ParOldGen       total 179200K, used 178079K [0x0000000080000000, 0x000000008af00000, 0x00000000d5580000)
  object space 179200K, 99% used [0x0000000080000000,0x000000008ade7c38,0x000000008af00000)
 Metaspace       used 76920K, committed 77952K, reserved 1122304K
  class space    used 7993K, committed 8448K, reserved 1048576K
GC Heap History (20 events):
Event: 589,280 GC heap after
{Heap after GC invocations=316 (full 12):
 PSYoungGen      total 19968K, used 954K [0x00000000d5580000, 0x00000000d6f00000, 0x0000000100000000)
  eden space 15360K, 0% used [0x00000000d5580000,0x00000000d5580000,0x00000000d6480000)
  from space 4608K, 20% used [0x00000000d6880000,0x00000000d696e900,0x00000000d6d00000)
  to   space 2048K, 0% used [0x00000000d6d00000,0x00000000d6d00000,0x00000000d6f00000)
 ParOldGen       total 155648K, used 109389K [0x0000000080000000, 0x0000000089800000, 0x00000000d5580000)
  object space 155648K, 70% used [0x0000000080000000,0x0000000086ad3490,0x0000000089800000)
 Metaspace       used 75990K, committed 76992K, reserved 1122304K
  class space    used 7923K, committed 8384K, reserved 1048576K
}
Event: 589,453 GC heap before
{Heap before GC invocations=317 (full 12):
 PSYoungGen      total 19968K, used 16314K [0x00000000d5580000, 0x00000000d6f00000, 0x0000000100000000)
  eden space 15360K, 100% used [0x00000000d5580000,0x00000000d6480000,0x00000000d6480000)
  from space 4608K, 20% used [0x00000000d6880000,0x00000000d696e900,0x00000000d6d00000)
  to   space 2048K, 0% used [0x00000000d6d00000,0x00000000d6d00000,0x00000000d6f00000)
 ParOldGen       total 155648K, used 109389K [0x0000000080000000, 0x0000000089800000, 0x00000000d5580000)
  object space 155648K, 70% used [0x0000000080000000,0x0000000086ad3490,0x0000000089800000)
 Metaspace       used 76248K, committed 77248K, reserved 1122304K
  class space    used 7966K, committed 8384K, reserved 1048576K
}
Event: 589,457 GC heap after
{Heap after GC invocations=317 (full 12):
 PSYoungGen      total 14336K, used 2030K [0x00000000d5580000, 0x00000000d7b80000, 0x0000000100000000)
  eden space 12288K, 0% used [0x00000000d5580000,0x00000000d5580000,0x00000000d6180000)
  from space 2048K, 99% used [0x00000000d6d00000,0x00000000d6efbb40,0x00000000d6f00000)
  to   space 11776K, 0% used [0x00000000d6180000,0x00000000d6180000,0x00000000d6d00000)
 ParOldGen       total 155648K, used 117453K [0x0000000080000000, 0x0000000089800000, 0x00000000d5580000)
  object space 155648K, 75% used [0x0000000080000000,0x00000000872b3490,0x0000000089800000)
 Metaspace       used 76248K, committed 77248K, reserved 1122304K
  class space    used 7966K, committed 8384K, reserved 1048576K
}
Event: 589,558 GC heap before
{Heap before GC invocations=318 (full 12):
 PSYoungGen      total 14336K, used 14318K [0x00000000d5580000, 0x00000000d7b80000, 0x0000000100000000)
  eden space 12288K, 100% used [0x00000000d5580000,0x00000000d6180000,0x00000000d6180000)
  from space 2048K, 99% used [0x00000000d6d00000,0x00000000d6efbb40,0x00000000d6f00000)
  to   space 11776K, 0% used [0x00000000d6180000,0x00000000d6180000,0x00000000d6d00000)
 ParOldGen       total 155648K, used 117453K [0x0000000080000000, 0x0000000089800000, 0x00000000d5580000)
  object space 155648K, 75% used [0x0000000080000000,0x00000000872b3490,0x0000000089800000)
 Metaspace       used 76375K, committed 77376K, reserved 1122304K
  class space    used 7973K, committed 8384K, reserved 1048576K
}
Event: 589,559 GC heap after
{Heap after GC invocations=318 (full 12):
 PSYoungGen      total 14336K, used 1577K [0x00000000d5580000, 0x00000000d6d80000, 0x0000000100000000)
  eden space 12288K, 0% used [0x00000000d5580000,0x00000000d5580000,0x00000000d6180000)
  from space 2048K, 77% used [0x00000000d6180000,0x00000000d630a420,0x00000000d6380000)
  to   space 5120K, 0% used [0x00000000d6880000,0x00000000d6880000,0x00000000d6d80000)
 ParOldGen       total 155648K, used 118405K [0x0000000080000000, 0x0000000089800000, 0x00000000d5580000)
  object space 155648K, 76% used [0x0000000080000000,0x00000000873a1758,0x0000000089800000)
 Metaspace       used 76375K, committed 77376K, reserved 1122304K
  class space    used 7973K, committed 8384K, reserved 1048576K
}
Event: 589,870 GC heap before
{Heap before GC invocations=319 (full 12):
 PSYoungGen      total 14336K, used 13865K [0x00000000d5580000, 0x00000000d6d80000, 0x0000000100000000)
  eden space 12288K, 100% used [0x00000000d5580000,0x00000000d6180000,0x00000000d6180000)
  from space 2048K, 77% used [0x00000000d6180000,0x00000000d630a420,0x00000000d6380000)
  to   space 5120K, 0% used [0x00000000d6880000,0x00000000d6880000,0x00000000d6d80000)
 ParOldGen       total 155648K, used 118405K [0x0000000080000000, 0x0000000089800000, 0x00000000d5580000)
  object space 155648K, 76% used [0x0000000080000000,0x00000000873a1758,0x0000000089800000)
 Metaspace       used 76528K, committed 77632K, reserved 1122304K
  class space    used 7981K, committed 8448K, reserved 1048576K
}
Event: 589,871 GC heap after
{Heap after GC invocations=319 (full 12):
 PSYoungGen      total 15360K, used 2682K [0x00000000d5580000, 0x00000000d6b80000, 0x0000000100000000)
  eden space 12288K, 0% used [0x00000000d5580000,0x00000000d5580000,0x00000000d6180000)
  from space 3072K, 87% used [0x00000000d6880000,0x00000000d6b1e8d0,0x00000000d6b80000)
  to   space 3072K, 0% used [0x00000000d6580000,0x00000000d6580000,0x00000000d6880000)
 ParOldGen       total 155648K, used 118405K [0x0000000080000000, 0x0000000089800000, 0x00000000d5580000)
  object space 155648K, 76% used [0x0000000080000000,0x00000000873a1758,0x0000000089800000)
 Metaspace       used 76528K, committed 77632K, reserved 1122304K
  class space    used 7981K, committed 8448K, reserved 1048576K
}
Event: 589,876 GC heap before
{Heap before GC invocations=320 (full 12):
 PSYoungGen      total 15360K, used 14970K [0x00000000d5580000, 0x00000000d6b80000, 0x0000000100000000)
  eden space 12288K, 99% used [0x00000000d5580000,0x00000000d617ffd8,0x00000000d6180000)
  from space 3072K, 87% used [0x00000000d6880000,0x00000000d6b1e8d0,0x00000000d6b80000)
  to   space 3072K, 0% used [0x00000000d6580000,0x00000000d6580000,0x00000000d6880000)
 ParOldGen       total 155648K, used 118405K [0x0000000080000000, 0x0000000089800000, 0x00000000d5580000)
  object space 155648K, 76% used [0x0000000080000000,0x00000000873a1758,0x0000000089800000)
 Metaspace       used 76528K, committed 77632K, reserved 1122304K
  class space    used 7981K, committed 8448K, reserved 1048576K
}
Event: 589,880 GC heap after
{Heap after GC invocations=320 (full 12):
 PSYoungGen      total 17408K, used 3068K [0x00000000d5580000, 0x00000000d8180000, 0x0000000100000000)
  eden space 14336K, 0% used [0x00000000d5580000,0x00000000d5580000,0x00000000d6380000)
  from space 3072K, 99% used [0x00000000d6580000,0x00000000d687f148,0x00000000d6880000)
  to   space 15360K, 0% used [0x00000000d7280000,0x00000000d7280000,0x00000000d8180000)
 ParOldGen       total 155648K, used 128757K [0x0000000080000000, 0x0000000089800000, 0x00000000d5580000)
  object space 155648K, 82% used [0x0000000080000000,0x0000000087dbd588,0x0000000089800000)
 Metaspace       used 76528K, committed 77632K, reserved 1122304K
  class space    used 7981K, committed 8448K, reserved 1048576K
}
Event: 589,902 GC heap before
{Heap before GC invocations=321 (full 12):
 PSYoungGen      total 17408K, used 17404K [0x00000000d5580000, 0x00000000d8180000, 0x0000000100000000)
  eden space 14336K, 100% used [0x00000000d5580000,0x00000000d6380000,0x00000000d6380000)
  from space 3072K, 99% used [0x00000000d6580000,0x00000000d687f148,0x00000000d6880000)
  to   space 15360K, 0% used [0x00000000d7280000,0x00000000d7280000,0x00000000d8180000)
 ParOldGen       total 155648K, used 128757K [0x0000000080000000, 0x0000000089800000, 0x00000000d5580000)
  object space 155648K, 82% used [0x0000000080000000,0x0000000087dbd588,0x0000000089800000)
 Metaspace       used 76531K, committed 77632K, reserved 1122304K
  class space    used 7981K, committed 8448K, reserved 1048576K
}
Event: 589,906 GC heap after
{Heap after GC invocations=321 (full 12):
 PSYoungGen      total 22016K, used 5447K [0x00000000d5580000, 0x00000000d7800000, 0x0000000100000000)
  eden space 16384K, 0% used [0x00000000d5580000,0x00000000d5580000,0x00000000d6580000)
  from space 5632K, 96% used [0x00000000d7280000,0x00000000d77d1d70,0x00000000d7800000)
  to   space 8704K, 0% used [0x00000000d6700000,0x00000000d6700000,0x00000000d6f80000)
 ParOldGen       total 155648K, used 129213K [0x0000000080000000, 0x0000000089800000, 0x00000000d5580000)
  object space 155648K, 83% used [0x0000000080000000,0x0000000087e2f588,0x0000000089800000)
 Metaspace       used 76531K, committed 77632K, reserved 1122304K
  class space    used 7981K, committed 8448K, reserved 1048576K
}
Event: 589,930 GC heap before
{Heap before GC invocations=322 (full 12):
 PSYoungGen      total 22016K, used 21831K [0x00000000d5580000, 0x00000000d7800000, 0x0000000100000000)
  eden space 16384K, 100% used [0x00000000d5580000,0x00000000d6580000,0x00000000d6580000)
  from space 5632K, 96% used [0x00000000d7280000,0x00000000d77d1d70,0x00000000d7800000)
  to   space 8704K, 0% used [0x00000000d6700000,0x00000000d6700000,0x00000000d6f80000)
 ParOldGen       total 155648K, used 129213K [0x0000000080000000, 0x0000000089800000, 0x00000000d5580000)
  object space 155648K, 83% used [0x0000000080000000,0x0000000087e2f588,0x0000000089800000)
 Metaspace       used 76533K, committed 77632K, reserved 1122304K
  class space    used 7981K, committed 8448K, reserved 1048576K
}
Event: 589,935 GC heap after
{Heap after GC invocations=322 (full 12):
 PSYoungGen      total 26624K, used 8698K [0x00000000d5580000, 0x00000000d9200000, 0x0000000100000000)
  eden space 17920K, 0% used [0x00000000d5580000,0x00000000d5580000,0x00000000d6700000)
  from space 8704K, 99% used [0x00000000d6700000,0x00000000d6f7e980,0x00000000d6f80000)
  to   space 21504K, 0% used [0x00000000d7d00000,0x00000000d7d00000,0x00000000d9200000)
 ParOldGen       total 155648K, used 139254K [0x0000000080000000, 0x0000000089800000, 0x00000000d5580000)
  object space 155648K, 89% used [0x0000000080000000,0x00000000887fd868,0x0000000089800000)
 Metaspace       used 76533K, committed 77632K, reserved 1122304K
  class space    used 7981K, committed 8448K, reserved 1048576K
}
Event: 589,989 GC heap before
{Heap before GC invocations=323 (full 12):
 PSYoungGen      total 26624K, used 26618K [0x00000000d5580000, 0x00000000d9200000, 0x0000000100000000)
  eden space 17920K, 100% used [0x00000000d5580000,0x00000000d6700000,0x00000000d6700000)
  from space 8704K, 99% used [0x00000000d6700000,0x00000000d6f7e980,0x00000000d6f80000)
  to   space 21504K, 0% used [0x00000000d7d00000,0x00000000d7d00000,0x00000000d9200000)
 ParOldGen       total 155648K, used 139254K [0x0000000080000000, 0x0000000089800000, 0x00000000d5580000)
  object space 155648K, 89% used [0x0000000080000000,0x00000000887fd868,0x0000000089800000)
 Metaspace       used 76664K, committed 77696K, reserved 1122304K
  class space    used 7987K, committed 8448K, reserved 1048576K
}
Event: 589,991 GC heap after
{Heap after GC invocations=323 (full 12):
 PSYoungGen      total 23040K, used 4999K [0x00000000d5580000, 0x00000000d8200000, 0x0000000100000000)
  eden space 17920K, 0% used [0x00000000d5580000,0x00000000d5580000,0x00000000d6700000)
  from space 5120K, 97% used [0x00000000d7d00000,0x00000000d81e1e70,0x00000000d8200000)
  to   space 10240K, 0% used [0x00000000d6e00000,0x00000000d6e00000,0x00000000d7800000)
 ParOldGen       total 155648K, used 144502K [0x0000000080000000, 0x0000000089800000, 0x00000000d5580000)
  object space 155648K, 92% used [0x0000000080000000,0x0000000088d1d8a8,0x0000000089800000)
 Metaspace       used 76664K, committed 77696K, reserved 1122304K
  class space    used 7987K, committed 8448K, reserved 1048576K
}
Event: 590,549 GC heap before
{Heap before GC invocations=324 (full 12):
 PSYoungGen      total 23040K, used 22919K [0x00000000d5580000, 0x00000000d8200000, 0x0000000100000000)
  eden space 17920K, 100% used [0x00000000d5580000,0x00000000d6700000,0x00000000d6700000)
  from space 5120K, 97% used [0x00000000d7d00000,0x00000000d81e1e70,0x00000000d8200000)
  to   space 10240K, 0% used [0x00000000d6e00000,0x00000000d6e00000,0x00000000d7800000)
 ParOldGen       total 179200K, used 167542K [0x0000000080000000, 0x000000008af00000, 0x00000000d5580000)
  object space 179200K, 93% used [0x0000000080000000,0x000000008a39d8c8,0x000000008af00000)
 Metaspace       used 76886K, committed 77888K, reserved 1122304K
  class space    used 7993K, committed 8448K, reserved 1048576K
}
Event: 590,554 GC heap after
{Heap after GC invocations=324 (full 12):
 PSYoungGen      total 28160K, used 1978K [0x00000000d5580000, 0x00000000d7d80000, 0x0000000100000000)
  eden space 17920K, 0% used [0x00000000d5580000,0x00000000d5580000,0x00000000d6700000)
  from space 10240K, 19% used [0x00000000d6e00000,0x00000000d6fee940,0x00000000d7800000)
  to   space 4096K, 0% used [0x00000000d7980000,0x00000000d7980000,0x00000000d7d80000)
 ParOldGen       total 179200K, used 167670K [0x0000000080000000, 0x000000008af00000, 0x00000000d5580000)
  object space 179200K, 93% used [0x0000000080000000,0x000000008a3bd8c8,0x000000008af00000)
 Metaspace       used 76886K, committed 77888K, reserved 1122304K
  class space    used 7993K, committed 8448K, reserved 1048576K
}
Event: 590,659 GC heap before
{Heap before GC invocations=325 (full 12):
 PSYoungGen      total 28160K, used 19898K [0x00000000d5580000, 0x00000000d7d80000, 0x0000000100000000)
  eden space 17920K, 100% used [0x00000000d5580000,0x00000000d6700000,0x00000000d6700000)
  from space 10240K, 19% used [0x00000000d6e00000,0x00000000d6fee940,0x00000000d7800000)
  to   space 4096K, 0% used [0x00000000d7980000,0x00000000d7980000,0x00000000d7d80000)
 ParOldGen       total 179200K, used 167670K [0x0000000080000000, 0x000000008af00000, 0x00000000d5580000)
  object space 179200K, 93% used [0x0000000080000000,0x000000008a3bd8c8,0x000000008af00000)
 Metaspace       used 76920K, committed 77952K, reserved 1122304K
  class space    used 7993K, committed 8448K, reserved 1048576K
}
Event: 590,666 GC heap after
{Heap after GC invocations=325 (full 12):
 PSYoungGen      total 22016K, used 4072K [0x00000000d5580000, 0x00000000d8800000, 0x0000000100000000)
  eden space 17920K, 0% used [0x00000000d5580000,0x00000000d5580000,0x00000000d6700000)
  from space 4096K, 99% used [0x00000000d7980000,0x00000000d7d7a138,0x00000000d7d80000)
  to   space 16896K, 0% used [0x00000000d6700000,0x00000000d6700000,0x00000000d7780000)
 ParOldGen       total 179200K, used 178079K [0x0000000080000000, 0x000000008af00000, 0x00000000d5580000)
  object space 179200K, 99% used [0x0000000080000000,0x000000008ade7c38,0x000000008af00000)
 Metaspace       used 76920K, committed 77952K, reserved 1122304K
  class space    used 7993K, committed 8448K, reserved 1048576K
}
Event: 590,666 GC heap before
{Heap before GC invocations=326 (full 13):
 PSYoungGen      total 22016K, used 4072K [0x00000000d5580000, 0x00000000d8800000, 0x0000000100000000)
  eden space 17920K, 0% used [0x00000000d5580000,0x00000000d5580000,0x00000000d6700000)
  from space 4096K, 99% used [0x00000000d7980000,0x00000000d7d7a138,0x00000000d7d80000)
  to   space 16896K, 0% used [0x00000000d6700000,0x00000000d6700000,0x00000000d7780000)
 ParOldGen       total 179200K, used 178079K [0x0000000080000000, 0x000000008af00000, 0x00000000d5580000)
  object space 179200K, 99% used [0x0000000080000000,0x000000008ade7c38,0x000000008af00000)
 Metaspace       used 76920K, committed 77952K, reserved 1122304K
  class space    used 7993K, committed 8448K, reserved 1048576K
}

