# JRE version: OpenJDK Runtime Environment Temurin-17.0.1+12 (17.0.1+12) (build 17.0.1+12)
# Java VM: OpenJDK 64-Bit Server VM Temurin-17.0.1+12 (17.0.1+12, mixed mode, tiered, compressed oops, compressed class ptrs, parallel gc, linux-amd64)
GC Precious Log:
 CPUs: 12 total, 12 available
 Memory: 15855M
 Large Page Support: Disabled
 NUMA Support: Disabled
 Compressed Oops: Enabled (32-bit)
 Alignments: Space 512K, Generation 512K, Heap 2M
 Heap Min Capacity: 100M
 Heap Initial Capacity: 100M
 Heap Max Capacity: 2G
 Pre-touch: Disabled
 Parallel Workers: 10
Heap:
 PSYoungGen      total 14336K, used 7050K [0x00000000d5580000, 0x00000000d6d00000, 0x0000000100000000)
  eden space 12800K, 46% used [0x00000000d5580000,0x00000000d5b52a88,0x00000000d6200000)
  from space 1536K, 70% used [0x00000000d6a00000,0x00000000d6b10000,0x00000000d6b80000)
  to   space 1536K, 0% used [0x00000000d6b80000,0x00000000d6b80000,0x00000000d6d00000)
 ParOldGen       total 68608K, used 38392K [0x0000000080000000, 0x0000000084300000, 0x00000000d5580000)
  object space 68608K, 55% used [0x0000000080000000,0x000000008257e160,0x0000000084300000)
 Metaspace       used 59513K, committed 60544K, reserved 1105920K
  class space    used 6485K, committed 6976K, reserved 1048576K
GC Heap History (20 events):
Event: 2,571 GC heap before
{Heap before GC invocations=17 (full 2):
 PSYoungGen      total 23552K, used 23520K [0x00000000d5580000, 0x00000000d7400000, 0x0000000100000000)
  eden space 21504K, 100% used [0x00000000d5580000,0x00000000d6a80000,0x00000000d6a80000)
  from space 2048K, 98% used [0x00000000d6f00000,0x00000000d70f8010,0x00000000d7100000)
  to   space 4608K, 0% used [0x00000000d6a80000,0x00000000d6a80000,0x00000000d6f00000)
 ParOldGen       total 68608K, used 29302K [0x0000000080000000, 0x0000000084300000, 0x00000000d5580000)
  object space 68608K, 42% used [0x0000000080000000,0x0000000081c9db18,0x0000000084300000)
 Metaspace       used 49881K, committed 50752K, reserved 1097728K
  class space    used 5545K, committed 5952K, reserved 1048576K
}
Event: 2,574 GC heap after
{Heap after GC invocations=17 (full 2):
 PSYoungGen      total 23552K, used 1920K [0x00000000d5580000, 0x00000000d7080000, 0x0000000100000000)
  eden space 21504K, 0% used [0x00000000d5580000,0x00000000d5580000,0x00000000d6a80000)
  from space 2048K, 93% used [0x00000000d6a80000,0x00000000d6c60000,0x00000000d6c80000)
  to   space 3072K, 0% used [0x00000000d6d80000,0x00000000d6d80000,0x00000000d7080000)
 ParOldGen       total 68608K, used 31300K [0x0000000080000000, 0x0000000084300000, 0x00000000d5580000)
  object space 68608K, 45% used [0x0000000080000000,0x0000000081e913a8,0x0000000084300000)
 Metaspace       used 49881K, committed 50752K, reserved 1097728K
  class space    used 5545K, committed 5952K, reserved 1048576K
}
Event: 2,628 GC heap before
{Heap before GC invocations=18 (full 2):
 PSYoungGen      total 23552K, used 23424K [0x00000000d5580000, 0x00000000d7080000, 0x0000000100000000)
  eden space 21504K, 100% used [0x00000000d5580000,0x00000000d6a80000,0x00000000d6a80000)
  from space 2048K, 93% used [0x00000000d6a80000,0x00000000d6c60000,0x00000000d6c80000)
  to   space 3072K, 0% used [0x00000000d6d80000,0x00000000d6d80000,0x00000000d7080000)
 ParOldGen       total 68608K, used 31300K [0x0000000080000000, 0x0000000084300000, 0x00000000d5580000)
  object space 68608K, 45% used [0x0000000080000000,0x0000000081e913a8,0x0000000084300000)
 Metaspace       used 51138K, committed 52032K, reserved 1097728K
  class space    used 5691K, committed 6144K, reserved 1048576K
}
Event: 2,632 GC heap after
{Heap after GC invocations=18 (full 2):
 PSYoungGen      total 24576K, used 2611K [0x00000000d5580000, 0x00000000d7080000, 0x0000000100000000)
  eden space 21504K, 0% used [0x00000000d5580000,0x00000000d5580000,0x00000000d6a80000)
  from space 3072K, 85% used [0x00000000d6d80000,0x00000000d700ce90,0x00000000d7080000)
  to   space 3072K, 0% used [0x00000000d6a80000,0x00000000d6a80000,0x00000000d6d80000)
 ParOldGen       total 68608K, used 33092K [0x0000000080000000, 0x0000000084300000, 0x00000000d5580000)
  object space 68608K, 48% used [0x0000000080000000,0x00000000820513a8,0x0000000084300000)
 Metaspace       used 51138K, committed 52032K, reserved 1097728K
  class space    used 5691K, committed 6144K, reserved 1048576K
}
Event: 2,801 GC heap before
{Heap before GC invocations=19 (full 2):
 PSYoungGen      total 24576K, used 24115K [0x00000000d5580000, 0x00000000d7080000, 0x0000000100000000)
  eden space 21504K, 100% used [0x00000000d5580000,0x00000000d6a80000,0x00000000d6a80000)
  from space 3072K, 85% used [0x00000000d6d80000,0x00000000d700ce90,0x00000000d7080000)
  to   space 3072K, 0% used [0x00000000d6a80000,0x00000000d6a80000,0x00000000d6d80000)
 ParOldGen       total 68608K, used 33092K [0x0000000080000000, 0x0000000084300000, 0x00000000d5580000)
  object space 68608K, 48% used [0x0000000080000000,0x00000000820513a8,0x0000000084300000)
 Metaspace       used 52891K, committed 53760K, reserved 1097728K
  class space    used 5879K, committed 6272K, reserved 1048576K
}
Event: 2,803 GC heap after
{Heap after GC invocations=19 (full 2):
 PSYoungGen      total 22528K, used 992K [0x00000000d5580000, 0x00000000d6e80000, 0x0000000100000000)
  eden space 21504K, 0% used [0x00000000d5580000,0x00000000d5580000,0x00000000d6a80000)
  from space 1024K, 96% used [0x00000000d6a80000,0x00000000d6b783d0,0x00000000d6b80000)
  to   space 2048K, 0% used [0x00000000d6c80000,0x00000000d6c80000,0x00000000d6e80000)
 ParOldGen       total 68608K, used 35528K [0x0000000080000000, 0x0000000084300000, 0x00000000d5580000)
  object space 68608K, 51% used [0x0000000080000000,0x00000000822b2238,0x0000000084300000)
 Metaspace       used 52891K, committed 53760K, reserved 1097728K
  class space    used 5879K, committed 6272K, reserved 1048576K
}
Event: 2,964 GC heap before
{Heap before GC invocations=20 (full 2):
 PSYoungGen      total 22528K, used 22496K [0x00000000d5580000, 0x00000000d6e80000, 0x0000000100000000)
  eden space 21504K, 100% used [0x00000000d5580000,0x00000000d6a80000,0x00000000d6a80000)
  from space 1024K, 96% used [0x00000000d6a80000,0x00000000d6b783d0,0x00000000d6b80000)
  to   space 2048K, 0% used [0x00000000d6c80000,0x00000000d6c80000,0x00000000d6e80000)
 ParOldGen       total 68608K, used 35528K [0x0000000080000000, 0x0000000084300000, 0x00000000d5580000)
  object space 68608K, 51% used [0x0000000080000000,0x00000000822b2238,0x0000000084300000)
 Metaspace       used 54761K, committed 55744K, reserved 1105920K
  class space    used 6026K, committed 6528K, reserved 1048576K
}
Event: 2,965 GC heap after
{Heap after GC invocations=20 (full 2):
 PSYoungGen      total 20992K, used 2046K [0x00000000d5580000, 0x00000000d7380000, 0x0000000100000000)
  eden space 18944K, 0% used [0x00000000d5580000,0x00000000d5580000,0x00000000d6800000)
  from space 2048K, 99% used [0x00000000d6c80000,0x00000000d6e7f880,0x00000000d6e80000)
  to   space 4608K, 0% used [0x00000000d6800000,0x00000000d6800000,0x00000000d6c80000)
 ParOldGen       total 68608K, used 37444K [0x0000000080000000, 0x0000000084300000, 0x00000000d5580000)
  object space 68608K, 54% used [0x0000000080000000,0x0000000082491110,0x0000000084300000)
 Metaspace       used 54761K, committed 55744K, reserved 1105920K
  class space    used 6026K, committed 6528K, reserved 1048576K
}
Event: 3,227 GC heap before
{Heap before GC invocations=21 (full 2):
 PSYoungGen      total 20992K, used 20990K [0x00000000d5580000, 0x00000000d7380000, 0x0000000100000000)
  eden space 18944K, 100% used [0x00000000d5580000,0x00000000d6800000,0x00000000d6800000)
  from space 2048K, 99% used [0x00000000d6c80000,0x00000000d6e7f880,0x00000000d6e80000)
  to   space 4608K, 0% used [0x00000000d6800000,0x00000000d6800000,0x00000000d6c80000)
 ParOldGen       total 68608K, used 37444K [0x0000000080000000, 0x0000000084300000, 0x00000000d5580000)
  object space 68608K, 54% used [0x0000000080000000,0x0000000082491110,0x0000000084300000)
 Metaspace       used 56543K, committed 57536K, reserved 1105920K
  class space    used 6179K, committed 6656K, reserved 1048576K
}
Event: 3,229 GC heap after
{Heap after GC invocations=21 (full 2):
 PSYoungGen      total 23040K, used 3930K [0x00000000d5580000, 0x00000000d7000000, 0x0000000100000000)
  eden space 18944K, 0% used [0x00000000d5580000,0x00000000d5580000,0x00000000d6800000)
  from space 4096K, 95% used [0x00000000d6800000,0x00000000d6bd6b40,0x00000000d6c00000)
  to   space 4096K, 0% used [0x00000000d6c00000,0x00000000d6c00000,0x00000000d7000000)
 ParOldGen       total 68608K, used 39417K [0x0000000080000000, 0x0000000084300000, 0x00000000d5580000)
  object space 68608K, 57% used [0x0000000080000000,0x000000008267e4a0,0x0000000084300000)
 Metaspace       used 56543K, committed 57536K, reserved 1105920K
  class space    used 6179K, committed 6656K, reserved 1048576K
}
Event: 3,419 GC heap before
{Heap before GC invocations=22 (full 2):
 PSYoungGen      total 23040K, used 22874K [0x00000000d5580000, 0x00000000d7000000, 0x0000000100000000)
  eden space 18944K, 100% used [0x00000000d5580000,0x00000000d6800000,0x00000000d6800000)
  from space 4096K, 95% used [0x00000000d6800000,0x00000000d6bd6b40,0x00000000d6c00000)
  to   space 4096K, 0% used [0x00000000d6c00000,0x00000000d6c00000,0x00000000d7000000)
 ParOldGen       total 68608K, used 39417K [0x0000000080000000, 0x0000000084300000, 0x00000000d5580000)
  object space 68608K, 57% used [0x0000000080000000,0x000000008267e4a0,0x0000000084300000)
 Metaspace       used 57261K, committed 58240K, reserved 1105920K
  class space    used 6232K, committed 6720K, reserved 1048576K
}
Event: 3,421 GC heap after
{Heap after GC invocations=22 (full 2):
 PSYoungGen      total 16896K, used 4080K [0x00000000d5580000, 0x00000000d7c00000, 0x0000000100000000)
  eden space 12800K, 0% used [0x00000000d5580000,0x00000000d5580000,0x00000000d6200000)
  from space 4096K, 99% used [0x00000000d6c00000,0x00000000d6ffc320,0x00000000d7000000)
  to   space 10240K, 0% used [0x00000000d6200000,0x00000000d6200000,0x00000000d6c00000)
 ParOldGen       total 68608K, used 44295K [0x0000000080000000, 0x0000000084300000, 0x00000000d5580000)
  object space 68608K, 64% used [0x0000000080000000,0x0000000082b41cb8,0x0000000084300000)
 Metaspace       used 57261K, committed 58240K, reserved 1105920K
  class space    used 6232K, committed 6720K, reserved 1048576K
}
Event: 3,558 GC heap before
{Heap before GC invocations=23 (full 2):
 PSYoungGen      total 16896K, used 13475K [0x00000000d5580000, 0x00000000d7c00000, 0x0000000100000000)
  eden space 12800K, 73% used [0x00000000d5580000,0x00000000d5eacbc8,0x00000000d6200000)
  from space 4096K, 99% used [0x00000000d6c00000,0x00000000d6ffc320,0x00000000d7000000)
  to   space 10240K, 0% used [0x00000000d6200000,0x00000000d6200000,0x00000000d6c00000)
 ParOldGen       total 68608K, used 44295K [0x0000000080000000, 0x0000000084300000, 0x00000000d5580000)
  object space 68608K, 64% used [0x0000000080000000,0x0000000082b41cb8,0x0000000084300000)
 Metaspace       used 58835K, committed 59776K, reserved 1105920K
  class space    used 6440K, committed 6912K, reserved 1048576K
}
Event: 3,560 GC heap after
{Heap after GC invocations=23 (full 2):
 PSYoungGen      total 23040K, used 1664K [0x00000000d5580000, 0x00000000d7100000, 0x0000000100000000)
  eden space 12800K, 0% used [0x00000000d5580000,0x00000000d5580000,0x00000000d6200000)
  from space 10240K, 16% used [0x00000000d6200000,0x00000000d63a0000,0x00000000d6c00000)
  to   space 4608K, 0% used [0x00000000d6c80000,0x00000000d6c80000,0x00000000d7100000)
 ParOldGen       total 68608K, used 45079K [0x0000000080000000, 0x0000000084300000, 0x00000000d5580000)
  object space 68608K, 65% used [0x0000000080000000,0x0000000082c05fa8,0x0000000084300000)
 Metaspace       used 58835K, committed 59776K, reserved 1105920K
  class space    used 6440K, committed 6912K, reserved 1048576K
}
Event: 3,560 GC heap before
{Heap before GC invocations=24 (full 3):
 PSYoungGen      total 23040K, used 1664K [0x00000000d5580000, 0x00000000d7100000, 0x0000000100000000)
  eden space 12800K, 0% used [0x00000000d5580000,0x00000000d5580000,0x00000000d6200000)
  from space 10240K, 16% used [0x00000000d6200000,0x00000000d63a0000,0x00000000d6c00000)
  to   space 4608K, 0% used [0x00000000d6c80000,0x00000000d6c80000,0x00000000d7100000)
 ParOldGen       total 68608K, used 45079K [0x0000000080000000, 0x0000000084300000, 0x00000000d5580000)
  object space 68608K, 65% used [0x0000000080000000,0x0000000082c05fa8,0x0000000084300000)
 Metaspace       used 58835K, committed 59776K, reserved 1105920K
  class space    used 6440K, committed 6912K, reserved 1048576K
}
Event: 3,616 GC heap after
{Heap after GC invocations=24 (full 3):
 PSYoungGen      total 23040K, used 0K [0x00000000d5580000, 0x00000000d7100000, 0x0000000100000000)
  eden space 12800K, 0% used [0x00000000d5580000,0x00000000d5580000,0x00000000d6200000)
  from space 10240K, 0% used [0x00000000d6200000,0x00000000d6200000,0x00000000d6c00000)
  to   space 4608K, 0% used [0x00000000d6c80000,0x00000000d6c80000,0x00000000d7100000)
 ParOldGen       total 68608K, used 36736K [0x0000000080000000, 0x0000000084300000, 0x00000000d5580000)
  object space 68608K, 53% used [0x0000000080000000,0x00000000823e0150,0x0000000084300000)
 Metaspace       used 58835K, committed 59776K, reserved 1105920K
  class space    used 6440K, committed 6912K, reserved 1048576K
}
Event: 3,711 GC heap before
{Heap before GC invocations=25 (full 3):
 PSYoungGen      total 23040K, used 12800K [0x00000000d5580000, 0x00000000d7100000, 0x0000000100000000)
  eden space 12800K, 100% used [0x00000000d5580000,0x00000000d6200000,0x00000000d6200000)
  from space 10240K, 0% used [0x00000000d6200000,0x00000000d6200000,0x00000000d6c00000)
  to   space 4608K, 0% used [0x00000000d6c80000,0x00000000d6c80000,0x00000000d7100000)
 ParOldGen       total 68608K, used 36736K [0x0000000080000000, 0x0000000084300000, 0x00000000d5580000)
  object space 68608K, 53% used [0x0000000080000000,0x00000000823e0150,0x0000000084300000)
 Metaspace       used 59264K, committed 60352K, reserved 1105920K
  class space    used 6468K, committed 6976K, reserved 1048576K
}
Event: 3,713 GC heap after
{Heap after GC invocations=25 (full 3):
 PSYoungGen      total 15360K, used 2112K [0x00000000d5580000, 0x00000000d6f00000, 0x0000000100000000)
  eden space 12800K, 0% used [0x00000000d5580000,0x00000000d5580000,0x00000000d6200000)
  from space 2560K, 82% used [0x00000000d6c80000,0x00000000d6e90000,0x00000000d6f00000)
  to   space 2560K, 0% used [0x00000000d6a00000,0x00000000d6a00000,0x00000000d6c80000)
 ParOldGen       total 68608K, used 36744K [0x0000000080000000, 0x0000000084300000, 0x00000000d5580000)
  object space 68608K, 53% used [0x0000000080000000,0x00000000823e2150,0x0000000084300000)
 Metaspace       used 59264K, committed 60352K, reserved 1105920K
  class space    used 6468K, committed 6976K, reserved 1048576K
}
Event: 3,776 GC heap before
{Heap before GC invocations=26 (full 3):
 PSYoungGen      total 15360K, used 14912K [0x00000000d5580000, 0x00000000d6f00000, 0x0000000100000000)
  eden space 12800K, 100% used [0x00000000d5580000,0x00000000d6200000,0x00000000d6200000)
  from space 2560K, 82% used [0x00000000d6c80000,0x00000000d6e90000,0x00000000d6f00000)
  to   space 2560K, 0% used [0x00000000d6a00000,0x00000000d6a00000,0x00000000d6c80000)
 ParOldGen       total 68608K, used 36744K [0x0000000080000000, 0x0000000084300000, 0x00000000d5580000)
  object space 68608K, 53% used [0x0000000080000000,0x00000000823e2150,0x0000000084300000)
 Metaspace       used 59358K, committed 60416K, reserved 1105920K
  class space    used 6468K, committed 6976K, reserved 1048576K
}
Event: 3,777 GC heap after
{Heap after GC invocations=26 (full 3):
 PSYoungGen      total 14336K, used 1088K [0x00000000d5580000, 0x00000000d6d00000, 0x0000000100000000)
  eden space 12800K, 0% used [0x00000000d5580000,0x00000000d5580000,0x00000000d6200000)
  from space 1536K, 70% used [0x00000000d6a00000,0x00000000d6b10000,0x00000000d6b80000)
  to   space 1536K, 0% used [0x00000000d6b80000,0x00000000d6b80000,0x00000000d6d00000)
 ParOldGen       total 68608K, used 38392K [0x0000000080000000, 0x0000000084300000, 0x00000000d5580000)
  object space 68608K, 55% used [0x0000000080000000,0x000000008257e160,0x0000000084300000)
 Metaspace       used 59358K, committed 60416K, reserved 1105920K
  class space    used 6468K, committed 6976K, reserved 1048576K
}

