# JRE version: OpenJDK Runtime Environment Temurin-17.0.1+12 (17.0.1+12) (build 17.0.1+12)
# Java VM: OpenJDK 64-Bit Server VM Temurin-17.0.1+12 (17.0.1+12, mixed mode, tiered, compressed oops, compressed class ptrs, parallel gc, linux-amd64)
GC Precious Log:
 CPUs: 12 total, 12 available
 Memory: 15855M
 Large Page Support: Disabled
 NUMA Support: Disabled
 Compressed Oops: Enabled (32-bit)
 Alignments: Space 512K, Generation 512K, Heap 2M
 Heap Min Capacity: 100M
 Heap Initial Capacity: 100M
 Heap Max Capacity: 1G
 Pre-touch: Disabled
 Parallel Workers: 10
Heap:
 PSYoungGen      total 25088K, used 24608K [0x00000000eab00000, 0x00000000ec880000, 0x0000000100000000)
  eden space 22016K, 100% used [0x00000000eab00000,0x00000000ec080000,0x00000000ec080000)
  from space 3072K, 84% used [0x00000000ec580000,0x00000000ec808000,0x00000000ec880000)
  to   space 3072K, 37% used [0x00000000ec280000,0x00000000ec3a0000,0x00000000ec580000)
 ParOldGen       total 68608K, used 28237K [0x00000000c0000000, 0x00000000c4300000, 0x00000000eab00000)
  object space 68608K, 41% used [0x00000000c0000000,0x00000000c1b936e8,0x00000000c4300000)
 Metaspace       used 42379K, committed 43008K, reserved 1089536K
  class space    used 4648K, committed 4928K, reserved 1048576K
GC Heap History (20 events):
Event: 1,341 GC heap after
{Heap after GC invocations=5 (full 1):
 PSYoungGen      total 29696K, used 4094K [0x00000000eab00000, 0x00000000ecc00000, 0x0000000100000000)
  eden space 25600K, 0% used [0x00000000eab00000,0x00000000eab00000,0x00000000ec400000)
  from space 4096K, 99% used [0x00000000ec800000,0x00000000ecbffae0,0x00000000ecc00000)
  to   space 4096K, 0% used [0x00000000ec400000,0x00000000ec400000,0x00000000ec800000)
 ParOldGen       total 68608K, used 8557K [0x00000000c0000000, 0x00000000c4300000, 0x00000000eab00000)
  object space 68608K, 12% used [0x00000000c0000000,0x00000000c085b400,0x00000000c4300000)
 Metaspace       used 34859K, committed 35520K, reserved 1081344K
  class space    used 3687K, committed 3968K, reserved 1048576K
}
Event: 1,348 GC heap before
{Heap before GC invocations=6 (full 1):
 PSYoungGen      total 29696K, used 5213K [0x00000000eab00000, 0x00000000ecc00000, 0x0000000100000000)
  eden space 25600K, 4% used [0x00000000eab00000,0x00000000eac17a58,0x00000000ec400000)
  from space 4096K, 99% used [0x00000000ec800000,0x00000000ecbffae0,0x00000000ecc00000)
  to   space 4096K, 0% used [0x00000000ec400000,0x00000000ec400000,0x00000000ec800000)
 ParOldGen       total 68608K, used 8557K [0x00000000c0000000, 0x00000000c4300000, 0x00000000eab00000)
  object space 68608K, 12% used [0x00000000c0000000,0x00000000c085b400,0x00000000c4300000)
 Metaspace       used 35194K, committed 35840K, reserved 1089536K
  class space    used 3738K, committed 4032K, reserved 1048576K
}
Event: 1,349 GC heap after
{Heap after GC invocations=6 (full 1):
 PSYoungGen      total 29696K, used 4089K [0x00000000eab00000, 0x00000000ecd00000, 0x0000000100000000)
  eden space 25600K, 0% used [0x00000000eab00000,0x00000000eab00000,0x00000000ec400000)
  from space 4096K, 99% used [0x00000000ec400000,0x00000000ec7fe638,0x00000000ec800000)
  to   space 4608K, 0% used [0x00000000ec880000,0x00000000ec880000,0x00000000ecd00000)
 ParOldGen       total 68608K, used 8849K [0x00000000c0000000, 0x00000000c4300000, 0x00000000eab00000)
  object space 68608K, 12% used [0x00000000c0000000,0x00000000c08a47f0,0x00000000c4300000)
 Metaspace       used 35194K, committed 35840K, reserved 1089536K
  class space    used 3738K, committed 4032K, reserved 1048576K
}
Event: 1,349 GC heap before
{Heap before GC invocations=7 (full 2):
 PSYoungGen      total 29696K, used 4089K [0x00000000eab00000, 0x00000000ecd00000, 0x0000000100000000)
  eden space 25600K, 0% used [0x00000000eab00000,0x00000000eab00000,0x00000000ec400000)
  from space 4096K, 99% used [0x00000000ec400000,0x00000000ec7fe638,0x00000000ec800000)
  to   space 4608K, 0% used [0x00000000ec880000,0x00000000ec880000,0x00000000ecd00000)
 ParOldGen       total 68608K, used 8849K [0x00000000c0000000, 0x00000000c4300000, 0x00000000eab00000)
  object space 68608K, 12% used [0x00000000c0000000,0x00000000c08a47f0,0x00000000c4300000)
 Metaspace       used 35194K, committed 35840K, reserved 1089536K
  class space    used 3738K, committed 4032K, reserved 1048576K
}
Event: 1,361 GC heap after
{Heap after GC invocations=7 (full 2):
 PSYoungGen      total 29696K, used 0K [0x00000000eab00000, 0x00000000ecd00000, 0x0000000100000000)
  eden space 25600K, 0% used [0x00000000eab00000,0x00000000eab00000,0x00000000ec400000)
  from space 4096K, 0% used [0x00000000ec400000,0x00000000ec400000,0x00000000ec800000)
  to   space 4608K, 0% used [0x00000000ec880000,0x00000000ec880000,0x00000000ecd00000)
 ParOldGen       total 68608K, used 12466K [0x00000000c0000000, 0x00000000c4300000, 0x00000000eab00000)
  object space 68608K, 18% used [0x00000000c0000000,0x00000000c0c2c8e0,0x00000000c4300000)
 Metaspace       used 35194K, committed 35840K, reserved 1089536K
  class space    used 3738K, committed 4032K, reserved 1048576K
}
Event: 1,515 GC heap before
{Heap before GC invocations=8 (full 2):
 PSYoungGen      total 29696K, used 25600K [0x00000000eab00000, 0x00000000ecd00000, 0x0000000100000000)
  eden space 25600K, 100% used [0x00000000eab00000,0x00000000ec400000,0x00000000ec400000)
  from space 4096K, 0% used [0x00000000ec400000,0x00000000ec400000,0x00000000ec800000)
  to   space 4608K, 0% used [0x00000000ec880000,0x00000000ec880000,0x00000000ecd00000)
 ParOldGen       total 68608K, used 12466K [0x00000000c0000000, 0x00000000c4300000, 0x00000000eab00000)
  object space 68608K, 18% used [0x00000000c0000000,0x00000000c0c2c8e0,0x00000000c4300000)
 Metaspace       used 37255K, committed 37888K, reserved 1089536K
  class space    used 3981K, committed 4288K, reserved 1048576K
}
Event: 1,516 GC heap after
{Heap after GC invocations=8 (full 2):
 PSYoungGen      total 28160K, used 2960K [0x00000000eab00000, 0x00000000ecb80000, 0x0000000100000000)
  eden space 25088K, 0% used [0x00000000eab00000,0x00000000eab00000,0x00000000ec380000)
  from space 3072K, 96% used [0x00000000ec880000,0x00000000ecb64030,0x00000000ecb80000)
  to   space 3584K, 0% used [0x00000000ec480000,0x00000000ec480000,0x00000000ec800000)
 ParOldGen       total 68608K, used 12474K [0x00000000c0000000, 0x00000000c4300000, 0x00000000eab00000)
  object space 68608K, 18% used [0x00000000c0000000,0x00000000c0c2e8e0,0x00000000c4300000)
 Metaspace       used 37255K, committed 37888K, reserved 1089536K
  class space    used 3981K, committed 4288K, reserved 1048576K
}
Event: 1,560 GC heap before
{Heap before GC invocations=9 (full 2):
 PSYoungGen      total 28160K, used 28048K [0x00000000eab00000, 0x00000000ecb80000, 0x0000000100000000)
  eden space 25088K, 100% used [0x00000000eab00000,0x00000000ec380000,0x00000000ec380000)
  from space 3072K, 96% used [0x00000000ec880000,0x00000000ecb64030,0x00000000ecb80000)
  to   space 3584K, 0% used [0x00000000ec480000,0x00000000ec480000,0x00000000ec800000)
 ParOldGen       total 68608K, used 12474K [0x00000000c0000000, 0x00000000c4300000, 0x00000000eab00000)
  object space 68608K, 18% used [0x00000000c0000000,0x00000000c0c2e8e0,0x00000000c4300000)
 Metaspace       used 37336K, committed 38016K, reserved 1089536K
  class space    used 3985K, committed 4288K, reserved 1048576K
}
Event: 1,563 GC heap after
{Heap after GC invocations=9 (full 2):
 PSYoungGen      total 28160K, used 3568K [0x00000000eab00000, 0x00000000ecd00000, 0x0000000100000000)
  eden space 24576K, 0% used [0x00000000eab00000,0x00000000eab00000,0x00000000ec300000)
  from space 3584K, 99% used [0x00000000ec480000,0x00000000ec7fc030,0x00000000ec800000)
  to   space 5120K, 0% used [0x00000000ec800000,0x00000000ec800000,0x00000000ecd00000)
 ParOldGen       total 68608K, used 13690K [0x00000000c0000000, 0x00000000c4300000, 0x00000000eab00000)
  object space 68608K, 19% used [0x00000000c0000000,0x00000000c0d5e8e0,0x00000000c4300000)
 Metaspace       used 37336K, committed 38016K, reserved 1089536K
  class space    used 3985K, committed 4288K, reserved 1048576K
}
Event: 1,600 GC heap before
{Heap before GC invocations=10 (full 2):
 PSYoungGen      total 28160K, used 28144K [0x00000000eab00000, 0x00000000ecd00000, 0x0000000100000000)
  eden space 24576K, 100% used [0x00000000eab00000,0x00000000ec300000,0x00000000ec300000)
  from space 3584K, 99% used [0x00000000ec480000,0x00000000ec7fc030,0x00000000ec800000)
  to   space 5120K, 0% used [0x00000000ec800000,0x00000000ec800000,0x00000000ecd00000)
 ParOldGen       total 68608K, used 13690K [0x00000000c0000000, 0x00000000c4300000, 0x00000000eab00000)
  object space 68608K, 19% used [0x00000000c0000000,0x00000000c0d5e8e0,0x00000000c4300000)
 Metaspace       used 37414K, committed 38080K, reserved 1089536K
  class space    used 3988K, committed 4288K, reserved 1048576K
}
Event: 1,603 GC heap after
{Heap after GC invocations=10 (full 2):
 PSYoungGen      total 28672K, used 5104K [0x00000000eab00000, 0x00000000ece80000, 0x0000000100000000)
  eden space 23552K, 0% used [0x00000000eab00000,0x00000000eab00000,0x00000000ec200000)
  from space 5120K, 99% used [0x00000000ec800000,0x00000000eccfc030,0x00000000ecd00000)
  to   space 6144K, 0% used [0x00000000ec200000,0x00000000ec200000,0x00000000ec800000)
 ParOldGen       total 68608K, used 14186K [0x00000000c0000000, 0x00000000c4300000, 0x00000000eab00000)
  object space 68608K, 20% used [0x00000000c0000000,0x00000000c0dda8f0,0x00000000c4300000)
 Metaspace       used 37414K, committed 38080K, reserved 1089536K
  class space    used 3988K, committed 4288K, reserved 1048576K
}
Event: 1,648 GC heap before
{Heap before GC invocations=11 (full 2):
 PSYoungGen      total 28672K, used 28656K [0x00000000eab00000, 0x00000000ece80000, 0x0000000100000000)
  eden space 23552K, 100% used [0x00000000eab00000,0x00000000ec200000,0x00000000ec200000)
  from space 5120K, 99% used [0x00000000ec800000,0x00000000eccfc030,0x00000000ecd00000)
  to   space 6144K, 0% used [0x00000000ec200000,0x00000000ec200000,0x00000000ec800000)
 ParOldGen       total 68608K, used 14186K [0x00000000c0000000, 0x00000000c4300000, 0x00000000eab00000)
  object space 68608K, 20% used [0x00000000c0000000,0x00000000c0dda8f0,0x00000000c4300000)
 Metaspace       used 37466K, committed 38144K, reserved 1089536K
  class space    used 3998K, committed 4288K, reserved 1048576K
}
Event: 1,653 GC heap after
{Heap after GC invocations=11 (full 2):
 PSYoungGen      total 29184K, used 5714K [0x00000000eab00000, 0x00000000ecd80000, 0x0000000100000000)
  eden space 23040K, 0% used [0x00000000eab00000,0x00000000eab00000,0x00000000ec180000)
  from space 6144K, 93% used [0x00000000ec200000,0x00000000ec794b38,0x00000000ec800000)
  to   space 5632K, 0% used [0x00000000ec800000,0x00000000ec800000,0x00000000ecd80000)
 ParOldGen       total 68608K, used 16142K [0x00000000c0000000, 0x00000000c4300000, 0x00000000eab00000)
  object space 68608K, 23% used [0x00000000c0000000,0x00000000c0fc3930,0x00000000c4300000)
 Metaspace       used 37466K, committed 38144K, reserved 1089536K
  class space    used 3998K, committed 4288K, reserved 1048576K
}
Event: 1,707 GC heap before
{Heap before GC invocations=12 (full 2):
 PSYoungGen      total 29184K, used 28754K [0x00000000eab00000, 0x00000000ecd80000, 0x0000000100000000)
  eden space 23040K, 100% used [0x00000000eab00000,0x00000000ec180000,0x00000000ec180000)
  from space 6144K, 93% used [0x00000000ec200000,0x00000000ec794b38,0x00000000ec800000)
  to   space 5632K, 0% used [0x00000000ec800000,0x00000000ec800000,0x00000000ecd80000)
 ParOldGen       total 68608K, used 16142K [0x00000000c0000000, 0x00000000c4300000, 0x00000000eab00000)
  object space 68608K, 23% used [0x00000000c0000000,0x00000000c0fc3930,0x00000000c4300000)
 Metaspace       used 37467K, committed 38144K, reserved 1089536K
  class space    used 3998K, committed 4288K, reserved 1048576K
}
Event: 1,713 GC heap after
{Heap after GC invocations=12 (full 2):
 PSYoungGen      total 27648K, used 4736K [0x00000000eab00000, 0x00000000ecd00000, 0x0000000100000000)
  eden space 22528K, 0% used [0x00000000eab00000,0x00000000eab00000,0x00000000ec100000)
  from space 5120K, 92% used [0x00000000ec800000,0x00000000ecca0020,0x00000000ecd00000)
  to   space 5120K, 0% used [0x00000000ec300000,0x00000000ec300000,0x00000000ec800000)
 ParOldGen       total 68608K, used 19241K [0x00000000c0000000, 0x00000000c4300000, 0x00000000eab00000)
  object space 68608K, 28% used [0x00000000c0000000,0x00000000c12ca448,0x00000000c4300000)
 Metaspace       used 37467K, committed 38144K, reserved 1089536K
  class space    used 3998K, committed 4288K, reserved 1048576K
}
Event: 1,754 GC heap before
{Heap before GC invocations=13 (full 2):
 PSYoungGen      total 27648K, used 27264K [0x00000000eab00000, 0x00000000ecd00000, 0x0000000100000000)
  eden space 22528K, 100% used [0x00000000eab00000,0x00000000ec100000,0x00000000ec100000)
  from space 5120K, 92% used [0x00000000ec800000,0x00000000ecca0020,0x00000000ecd00000)
  to   space 5120K, 0% used [0x00000000ec300000,0x00000000ec300000,0x00000000ec800000)
 ParOldGen       total 68608K, used 19241K [0x00000000c0000000, 0x00000000c4300000, 0x00000000eab00000)
  object space 68608K, 28% used [0x00000000c0000000,0x00000000c12ca448,0x00000000c4300000)
 Metaspace       used 37467K, committed 38144K, reserved 1089536K
  class space    used 3998K, committed 4288K, reserved 1048576K
}
Event: 1,759 GC heap after
{Heap after GC invocations=13 (full 2):
 PSYoungGen      total 24576K, used 2176K [0x00000000eab00000, 0x00000000ec880000, 0x0000000100000000)
  eden space 22016K, 0% used [0x00000000eab00000,0x00000000eab00000,0x00000000ec080000)
  from space 2560K, 85% used [0x00000000ec300000,0x00000000ec520000,0x00000000ec580000)
  to   space 3072K, 0% used [0x00000000ec580000,0x00000000ec580000,0x00000000ec880000)
 ParOldGen       total 68608K, used 23791K [0x00000000c0000000, 0x00000000c4300000, 0x00000000eab00000)
  object space 68608K, 34% used [0x00000000c0000000,0x00000000c173be68,0x00000000c4300000)
 Metaspace       used 37467K, committed 38144K, reserved 1089536K
  class space    used 3998K, committed 4288K, reserved 1048576K
}
Event: 1,869 GC heap before
{Heap before GC invocations=14 (full 2):
 PSYoungGen      total 24576K, used 24192K [0x00000000eab00000, 0x00000000ec880000, 0x0000000100000000)
  eden space 22016K, 100% used [0x00000000eab00000,0x00000000ec080000,0x00000000ec080000)
  from space 2560K, 85% used [0x00000000ec300000,0x00000000ec520000,0x00000000ec580000)
  to   space 3072K, 0% used [0x00000000ec580000,0x00000000ec580000,0x00000000ec880000)
 ParOldGen       total 68608K, used 23791K [0x00000000c0000000, 0x00000000c4300000, 0x00000000eab00000)
  object space 68608K, 34% used [0x00000000c0000000,0x00000000c173be68,0x00000000c4300000)
 Metaspace       used 38428K, committed 39104K, reserved 1089536K
  class space    used 4132K, committed 4416K, reserved 1048576K
}
Event: 1,874 GC heap after
{Heap after GC invocations=14 (full 2):
 PSYoungGen      total 25088K, used 2592K [0x00000000eab00000, 0x00000000ec880000, 0x0000000100000000)
  eden space 22016K, 0% used [0x00000000eab00000,0x00000000eab00000,0x00000000ec080000)
  from space 3072K, 84% used [0x00000000ec580000,0x00000000ec808000,0x00000000ec880000)
  to   space 3072K, 0% used [0x00000000ec280000,0x00000000ec280000,0x00000000ec580000)
 ParOldGen       total 68608K, used 25789K [0x00000000c0000000, 0x00000000c4300000, 0x00000000eab00000)
  object space 68608K, 37% used [0x00000000c0000000,0x00000000c192f6e8,0x00000000c4300000)
 Metaspace       used 38428K, committed 39104K, reserved 1089536K
  class space    used 4132K, committed 4416K, reserved 1048576K
}
Event: 2,135 GC heap before
{Heap before GC invocations=15 (full 2):
 PSYoungGen      total 25088K, used 24608K [0x00000000eab00000, 0x00000000ec880000, 0x0000000100000000)
  eden space 22016K, 100% used [0x00000000eab00000,0x00000000ec080000,0x00000000ec080000)
  from space 3072K, 84% used [0x00000000ec580000,0x00000000ec808000,0x00000000ec880000)
  to   space 3072K, 0% used [0x00000000ec280000,0x00000000ec280000,0x00000000ec580000)
 ParOldGen       total 68608K, used 25789K [0x00000000c0000000, 0x00000000c4300000, 0x00000000eab00000)
  object space 68608K, 37% used [0x00000000c0000000,0x00000000c192f6e8,0x00000000c4300000)
 Metaspace       used 42379K, committed 43008K, reserved 1089536K
  class space    used 4648K, committed 4928K, reserved 1048576K
}

