# JRE version: OpenJDK Runtime Environment Temurin-17.0.1+12 (17.0.1+12) (build 17.0.1+12)
# Java VM: OpenJDK 64-Bit Server VM Temurin-17.0.1+12 (17.0.1+12, mixed mode, tiered, compressed oops, compressed class ptrs, parallel gc, linux-amd64)
GC Precious Log:
 CPUs: 12 total, 12 available
 Memory: 15855M
 Large Page Support: Disabled
 NUMA Support: Disabled
 Compressed Oops: Enabled (32-bit)
 Alignments: Space 512K, Generation 512K, Heap 2M
 Heap Min Capacity: 100M
 Heap Initial Capacity: 100M
 Heap Max Capacity: 2G
 Pre-touch: Disabled
 Parallel Workers: 10
Heap:
 PSYoungGen      total 26624K, used 4603K [0x00000000d5580000, 0x00000000d7f00000, 0x0000000100000000)
  eden space 22016K, 0% used [0x00000000d5580000,0x00000000d5580000,0x00000000d6b00000)
  from space 4608K, 99% used [0x00000000d7480000,0x00000000d78fef70,0x00000000d7900000)
  to   space 9728K, 0% used [0x00000000d6b00000,0x00000000d6b00000,0x00000000d7480000)
 ParOldGen       total 68608K, used 20553K [0x0000000080000000, 0x0000000084300000, 0x00000000d5580000)
  object space 68608K, 29% used [0x0000000080000000,0x0000000081412780,0x0000000084300000)
 Metaspace       used 35298K, committed 35840K, reserved 1089536K
  class space    used 3636K, committed 3904K, reserved 1048576K
GC Heap History (20 events):
Event: 0,716 GC heap after
{Heap after GC invocations=2 (full 0):
 PSYoungGen      total 29696K, used 4093K [0x00000000d5580000, 0x00000000d7680000, 0x0000000100000000)
  eden space 25600K, 0% used [0x00000000d5580000,0x00000000d5580000,0x00000000d6e80000)
  from space 4096K, 99% used [0x00000000d7280000,0x00000000d767f418,0x00000000d7680000)
  to   space 4096K, 0% used [0x00000000d6e80000,0x00000000d6e80000,0x00000000d7280000)
 ParOldGen       total 68608K, used 2721K [0x0000000080000000, 0x0000000084300000, 0x00000000d5580000)
  object space 68608K, 3% used [0x0000000080000000,0x00000000802a85e0,0x0000000084300000)
 Metaspace       used 21149K, committed 21504K, reserved 1073152K
  class space    used 2157K, committed 2304K, reserved 1048576K
}
Event: 0,716 GC heap before
{Heap before GC invocations=3 (full 1):
 PSYoungGen      total 29696K, used 4093K [0x00000000d5580000, 0x00000000d7680000, 0x0000000100000000)
  eden space 25600K, 0% used [0x00000000d5580000,0x00000000d5580000,0x00000000d6e80000)
  from space 4096K, 99% used [0x00000000d7280000,0x00000000d767f418,0x00000000d7680000)
  to   space 4096K, 0% used [0x00000000d6e80000,0x00000000d6e80000,0x00000000d7280000)
 ParOldGen       total 68608K, used 2721K [0x0000000080000000, 0x0000000084300000, 0x00000000d5580000)
  object space 68608K, 3% used [0x0000000080000000,0x00000000802a85e0,0x0000000084300000)
 Metaspace       used 21149K, committed 21504K, reserved 1073152K
  class space    used 2157K, committed 2304K, reserved 1048576K
}
Event: 0,727 GC heap after
{Heap after GC invocations=3 (full 1):
 PSYoungGen      total 29696K, used 0K [0x00000000d5580000, 0x00000000d7680000, 0x0000000100000000)
  eden space 25600K, 0% used [0x00000000d5580000,0x00000000d5580000,0x00000000d6e80000)
  from space 4096K, 0% used [0x00000000d7280000,0x00000000d7280000,0x00000000d7680000)
  to   space 4096K, 0% used [0x00000000d6e80000,0x00000000d6e80000,0x00000000d7280000)
 ParOldGen       total 68608K, used 6703K [0x0000000080000000, 0x0000000084300000, 0x00000000d5580000)
  object space 68608K, 9% used [0x0000000080000000,0x000000008068bfa0,0x0000000084300000)
 Metaspace       used 21149K, committed 21504K, reserved 1073152K
  class space    used 2157K, committed 2304K, reserved 1048576K
}
Event: 1,453 GC heap before
{Heap before GC invocations=4 (full 1):
 PSYoungGen      total 29696K, used 25600K [0x00000000d5580000, 0x00000000d7680000, 0x0000000100000000)
  eden space 25600K, 100% used [0x00000000d5580000,0x00000000d6e80000,0x00000000d6e80000)
  from space 4096K, 0% used [0x00000000d7280000,0x00000000d7280000,0x00000000d7680000)
  to   space 4096K, 0% used [0x00000000d6e80000,0x00000000d6e80000,0x00000000d7280000)
 ParOldGen       total 68608K, used 6703K [0x0000000080000000, 0x0000000084300000, 0x00000000d5580000)
  object space 68608K, 9% used [0x0000000080000000,0x000000008068bfa0,0x0000000084300000)
 Metaspace       used 28578K, committed 29056K, reserved 1081344K
  class space    used 2881K, committed 3072K, reserved 1048576K
}
Event: 1,454 GC heap after
{Heap after GC invocations=4 (full 1):
 PSYoungGen      total 29696K, used 1641K [0x00000000d5580000, 0x00000000d7680000, 0x0000000100000000)
  eden space 25600K, 0% used [0x00000000d5580000,0x00000000d5580000,0x00000000d6e80000)
  from space 4096K, 40% used [0x00000000d6e80000,0x00000000d701a770,0x00000000d7280000)
  to   space 4096K, 0% used [0x00000000d7280000,0x00000000d7280000,0x00000000d7680000)
 ParOldGen       total 68608K, used 6711K [0x0000000080000000, 0x0000000084300000, 0x00000000d5580000)
  object space 68608K, 9% used [0x0000000080000000,0x000000008068dfa0,0x0000000084300000)
 Metaspace       used 28578K, committed 29056K, reserved 1081344K
  class space    used 2881K, committed 3072K, reserved 1048576K
}
Event: 1,695 GC heap before
{Heap before GC invocations=5 (full 1):
 PSYoungGen      total 29696K, used 27241K [0x00000000d5580000, 0x00000000d7680000, 0x0000000100000000)
  eden space 25600K, 100% used [0x00000000d5580000,0x00000000d6e80000,0x00000000d6e80000)
  from space 4096K, 40% used [0x00000000d6e80000,0x00000000d701a770,0x00000000d7280000)
  to   space 4096K, 0% used [0x00000000d7280000,0x00000000d7280000,0x00000000d7680000)
 ParOldGen       total 68608K, used 6711K [0x0000000080000000, 0x0000000084300000, 0x00000000d5580000)
  object space 68608K, 9% used [0x0000000080000000,0x000000008068dfa0,0x0000000084300000)
 Metaspace       used 32567K, committed 33216K, reserved 1081344K
  class space    used 3333K, committed 3648K, reserved 1048576K
}
Event: 1,696 GC heap after
{Heap after GC invocations=5 (full 1):
 PSYoungGen      total 29696K, used 4093K [0x00000000d5580000, 0x00000000d7680000, 0x0000000100000000)
  eden space 25600K, 0% used [0x00000000d5580000,0x00000000d5580000,0x00000000d6e80000)
  from space 4096K, 99% used [0x00000000d7280000,0x00000000d767f400,0x00000000d7680000)
  to   space 4096K, 0% used [0x00000000d6e80000,0x00000000d6e80000,0x00000000d7280000)
 ParOldGen       total 68608K, used 6743K [0x0000000080000000, 0x0000000084300000, 0x00000000d5580000)
  object space 68608K, 9% used [0x0000000080000000,0x0000000080695fa0,0x0000000084300000)
 Metaspace       used 32567K, committed 33216K, reserved 1081344K
  class space    used 3333K, committed 3648K, reserved 1048576K
}
Event: 1,778 GC heap before
{Heap before GC invocations=6 (full 1):
 PSYoungGen      total 29696K, used 29693K [0x00000000d5580000, 0x00000000d7680000, 0x0000000100000000)
  eden space 25600K, 100% used [0x00000000d5580000,0x00000000d6e80000,0x00000000d6e80000)
  from space 4096K, 99% used [0x00000000d7280000,0x00000000d767f400,0x00000000d7680000)
  to   space 4096K, 0% used [0x00000000d6e80000,0x00000000d6e80000,0x00000000d7280000)
 ParOldGen       total 68608K, used 6743K [0x0000000080000000, 0x0000000084300000, 0x00000000d5580000)
  object space 68608K, 9% used [0x0000000080000000,0x0000000080695fa0,0x0000000084300000)
 Metaspace       used 32649K, committed 33280K, reserved 1081344K
  class space    used 3337K, committed 3648K, reserved 1048576K
}
Event: 1,781 GC heap after
{Heap after GC invocations=6 (full 1):
 PSYoungGen      total 29184K, used 4093K [0x00000000d5580000, 0x00000000d7b00000, 0x0000000100000000)
  eden space 25088K, 0% used [0x00000000d5580000,0x00000000d5580000,0x00000000d6e00000)
  from space 4096K, 99% used [0x00000000d6e80000,0x00000000d727f400,0x00000000d7280000)
  to   space 6656K, 0% used [0x00000000d7480000,0x00000000d7480000,0x00000000d7b00000)
 ParOldGen       total 68608K, used 8687K [0x0000000080000000, 0x0000000084300000, 0x00000000d5580000)
  object space 68608K, 12% used [0x0000000080000000,0x000000008087bfa0,0x0000000084300000)
 Metaspace       used 32649K, committed 33280K, reserved 1081344K
  class space    used 3337K, committed 3648K, reserved 1048576K
}
Event: 1,813 GC heap before
{Heap before GC invocations=7 (full 1):
 PSYoungGen      total 29184K, used 29181K [0x00000000d5580000, 0x00000000d7b00000, 0x0000000100000000)
  eden space 25088K, 100% used [0x00000000d5580000,0x00000000d6e00000,0x00000000d6e00000)
  from space 4096K, 99% used [0x00000000d6e80000,0x00000000d727f400,0x00000000d7280000)
  to   space 6656K, 0% used [0x00000000d7480000,0x00000000d7480000,0x00000000d7b00000)
 ParOldGen       total 68608K, used 8687K [0x0000000080000000, 0x0000000084300000, 0x00000000d5580000)
  object space 68608K, 12% used [0x0000000080000000,0x000000008087bfa0,0x0000000084300000)
 Metaspace       used 32657K, committed 33280K, reserved 1081344K
  class space    used 3337K, committed 3648K, reserved 1048576K
}
Event: 1,815 GC heap after
{Heap after GC invocations=7 (full 1):
 PSYoungGen      total 31232K, used 6220K [0x00000000d5580000, 0x00000000d7b00000, 0x0000000100000000)
  eden space 24576K, 0% used [0x00000000d5580000,0x00000000d5580000,0x00000000d6d80000)
  from space 6656K, 93% used [0x00000000d7480000,0x00000000d7a93078,0x00000000d7b00000)
  to   space 6656K, 0% used [0x00000000d6e00000,0x00000000d6e00000,0x00000000d7480000)
 ParOldGen       total 68608K, used 8687K [0x0000000080000000, 0x0000000084300000, 0x00000000d5580000)
  object space 68608K, 12% used [0x0000000080000000,0x000000008087bfa0,0x0000000084300000)
 Metaspace       used 32657K, committed 33280K, reserved 1081344K
  class space    used 3337K, committed 3648K, reserved 1048576K
}
Event: 1,849 GC heap before
{Heap before GC invocations=8 (full 1):
 PSYoungGen      total 31232K, used 30796K [0x00000000d5580000, 0x00000000d7b00000, 0x0000000100000000)
  eden space 24576K, 100% used [0x00000000d5580000,0x00000000d6d80000,0x00000000d6d80000)
  from space 6656K, 93% used [0x00000000d7480000,0x00000000d7a93078,0x00000000d7b00000)
  to   space 6656K, 0% used [0x00000000d6e00000,0x00000000d6e00000,0x00000000d7480000)
 ParOldGen       total 68608K, used 8687K [0x0000000080000000, 0x0000000084300000, 0x00000000d5580000)
  object space 68608K, 12% used [0x0000000080000000,0x000000008087bfa0,0x0000000084300000)
 Metaspace       used 32784K, committed 33408K, reserved 1081344K
  class space    used 3353K, committed 3648K, reserved 1048576K
}
Event: 1,852 GC heap after
{Heap after GC invocations=8 (full 1):
 PSYoungGen      total 30720K, used 6652K [0x00000000d5580000, 0x00000000d8000000, 0x0000000100000000)
  eden space 24064K, 0% used [0x00000000d5580000,0x00000000d5580000,0x00000000d6d00000)
  from space 6656K, 99% used [0x00000000d6e00000,0x00000000d747f180,0x00000000d7480000)
  to   space 9728K, 0% used [0x00000000d7680000,0x00000000d7680000,0x00000000d8000000)
 ParOldGen       total 68608K, used 11043K [0x0000000080000000, 0x0000000084300000, 0x00000000d5580000)
  object space 68608K, 16% used [0x0000000080000000,0x0000000080ac8c68,0x0000000084300000)
 Metaspace       used 32784K, committed 33408K, reserved 1081344K
  class space    used 3353K, committed 3648K, reserved 1048576K
}
Event: 1,877 GC heap before
{Heap before GC invocations=9 (full 1):
 PSYoungGen      total 30720K, used 30716K [0x00000000d5580000, 0x00000000d8000000, 0x0000000100000000)
  eden space 24064K, 100% used [0x00000000d5580000,0x00000000d6d00000,0x00000000d6d00000)
  from space 6656K, 99% used [0x00000000d6e00000,0x00000000d747f180,0x00000000d7480000)
  to   space 9728K, 0% used [0x00000000d7680000,0x00000000d7680000,0x00000000d8000000)
 ParOldGen       total 68608K, used 11043K [0x0000000080000000, 0x0000000084300000, 0x00000000d5580000)
  object space 68608K, 16% used [0x0000000080000000,0x0000000080ac8c68,0x0000000084300000)
 Metaspace       used 32784K, committed 33408K, reserved 1081344K
  class space    used 3353K, committed 3648K, reserved 1048576K
}
Event: 1,881 GC heap after
{Heap after GC invocations=9 (full 1):
 PSYoungGen      total 30208K, used 6450K [0x00000000d5580000, 0x00000000d7d00000, 0x0000000100000000)
  eden space 23552K, 0% used [0x00000000d5580000,0x00000000d5580000,0x00000000d6c80000)
  from space 6656K, 96% used [0x00000000d7680000,0x00000000d7cccb28,0x00000000d7d00000)
  to   space 7680K, 0% used [0x00000000d6e00000,0x00000000d6e00000,0x00000000d7580000)
 ParOldGen       total 68608K, used 13811K [0x0000000080000000, 0x0000000084300000, 0x00000000d5580000)
  object space 68608K, 20% used [0x0000000080000000,0x0000000080d7cf00,0x0000000084300000)
 Metaspace       used 32784K, committed 33408K, reserved 1081344K
  class space    used 3353K, committed 3648K, reserved 1048576K
}
Event: 1,906 GC heap before
{Heap before GC invocations=10 (full 1):
 PSYoungGen      total 30208K, used 30002K [0x00000000d5580000, 0x00000000d7d00000, 0x0000000100000000)
  eden space 23552K, 100% used [0x00000000d5580000,0x00000000d6c80000,0x00000000d6c80000)
  from space 6656K, 96% used [0x00000000d7680000,0x00000000d7cccb28,0x00000000d7d00000)
  to   space 7680K, 0% used [0x00000000d6e00000,0x00000000d6e00000,0x00000000d7580000)
 ParOldGen       total 68608K, used 13811K [0x0000000080000000, 0x0000000084300000, 0x00000000d5580000)
  object space 68608K, 20% used [0x0000000080000000,0x0000000080d7cf00,0x0000000084300000)
 Metaspace       used 32784K, committed 33408K, reserved 1081344K
  class space    used 3353K, committed 3648K, reserved 1048576K
}
Event: 1,910 GC heap after
{Heap after GC invocations=10 (full 1):
 PSYoungGen      total 29696K, used 6336K [0x00000000d5580000, 0x00000000d7900000, 0x0000000100000000)
  eden space 23040K, 0% used [0x00000000d5580000,0x00000000d5580000,0x00000000d6c00000)
  from space 6656K, 95% used [0x00000000d6e00000,0x00000000d7430010,0x00000000d7480000)
  to   space 4608K, 0% used [0x00000000d7480000,0x00000000d7480000,0x00000000d7900000)
 ParOldGen       total 68608K, used 16214K [0x0000000080000000, 0x0000000084300000, 0x00000000d5580000)
  object space 68608K, 23% used [0x0000000080000000,0x0000000080fd5a18,0x0000000084300000)
 Metaspace       used 32784K, committed 33408K, reserved 1081344K
  class space    used 3353K, committed 3648K, reserved 1048576K
}
Event: 2,041 GC heap before
{Heap before GC invocations=11 (full 1):
 PSYoungGen      total 29696K, used 26267K [0x00000000d5580000, 0x00000000d7900000, 0x0000000100000000)
  eden space 23040K, 86% used [0x00000000d5580000,0x00000000d68f6ec8,0x00000000d6c00000)
  from space 6656K, 95% used [0x00000000d6e00000,0x00000000d7430010,0x00000000d7480000)
  to   space 4608K, 0% used [0x00000000d7480000,0x00000000d7480000,0x00000000d7900000)
 ParOldGen       total 68608K, used 16214K [0x0000000080000000, 0x0000000084300000, 0x00000000d5580000)
  object space 68608K, 23% used [0x0000000080000000,0x0000000080fd5a18,0x0000000084300000)
 Metaspace       used 35298K, committed 35840K, reserved 1089536K
  class space    used 3636K, committed 3904K, reserved 1048576K
}
Event: 2,044 GC heap after
{Heap after GC invocations=11 (full 1):
 PSYoungGen      total 26624K, used 4603K [0x00000000d5580000, 0x00000000d7f00000, 0x0000000100000000)
  eden space 22016K, 0% used [0x00000000d5580000,0x00000000d5580000,0x00000000d6b00000)
  from space 4608K, 99% used [0x00000000d7480000,0x00000000d78fef70,0x00000000d7900000)
  to   space 9728K, 0% used [0x00000000d6b00000,0x00000000d6b00000,0x00000000d7480000)
 ParOldGen       total 68608K, used 20553K [0x0000000080000000, 0x0000000084300000, 0x00000000d5580000)
  object space 68608K, 29% used [0x0000000080000000,0x0000000081412780,0x0000000084300000)
 Metaspace       used 35298K, committed 35840K, reserved 1089536K
  class space    used 3636K, committed 3904K, reserved 1048576K
}
Event: 2,044 GC heap before
{Heap before GC invocations=12 (full 2):
 PSYoungGen      total 26624K, used 4603K [0x00000000d5580000, 0x00000000d7f00000, 0x0000000100000000)
  eden space 22016K, 0% used [0x00000000d5580000,0x00000000d5580000,0x00000000d6b00000)
  from space 4608K, 99% used [0x00000000d7480000,0x00000000d78fef70,0x00000000d7900000)
  to   space 9728K, 0% used [0x00000000d6b00000,0x00000000d6b00000,0x00000000d7480000)
 ParOldGen       total 68608K, used 20553K [0x0000000080000000, 0x0000000084300000, 0x00000000d5580000)
  object space 68608K, 29% used [0x0000000080000000,0x0000000081412780,0x0000000084300000)
 Metaspace       used 35298K, committed 35840K, reserved 1089536K
  class space    used 3636K, committed 3904K, reserved 1048576K
}

