# JRE version: OpenJDK Runtime Environment Temurin-17.0.1+12 (17.0.1+12) (build 17.0.1+12)
# Java VM: OpenJDK 64-Bit Server VM Temurin-17.0.1+12 (17.0.1+12, mixed mode, tiered, compressed oops, compressed class ptrs, parallel gc, linux-amd64)
GC Precious Log:
 CPUs: 12 total, 12 available
 Memory: 15855M
 Large Page Support: Disabled
 NUMA Support: Disabled
 Compressed Oops: Enabled (32-bit)
 Alignments: Space 512K, Generation 512K, Heap 2M
 Heap Min Capacity: 100M
 Heap Initial Capacity: 100M
 Heap Max Capacity: 2G
 Pre-touch: Disabled
 Parallel Workers: 10
Heap:
 PSYoungGen      total 34304K, used 3068K [0x00000000d5580000, 0x00000000da380000, 0x0000000100000000)
  eden space 31232K, 0% used [0x00000000d5580000,0x00000000d5580000,0x00000000d7400000)
  from space 3072K, 99% used [0x00000000d8700000,0x00000000d89ff2a8,0x00000000d8a00000)
  to   space 19456K, 0% used [0x00000000d7400000,0x00000000d7400000,0x00000000d8700000)
 ParOldGen       total 230912K, used 229725K [0x0000000080000000, 0x000000008e180000, 0x00000000d5580000)
  object space 230912K, 99% used [0x0000000080000000,0x000000008e057508,0x000000008e180000)
 Metaspace       used 80920K, committed 82048K, reserved 1122304K
  class space    used 8417K, committed 8896K, reserved 1048576K
GC Heap History (20 events):
Event: 1565,243 GC heap after
{Heap after GC invocations=130 (full 7):
 PSYoungGen      total 48640K, used 2937K [0x00000000d5580000, 0x00000000d9100000, 0x0000000100000000)
  eden space 45568K, 0% used [0x00000000d5580000,0x00000000d5580000,0x00000000d8200000)
  from space 3072K, 95% used [0x00000000d8280000,0x00000000d855e4c8,0x00000000d8580000)
  to   space 6656K, 0% used [0x00000000d8a80000,0x00000000d8a80000,0x00000000d9100000)
 ParOldGen       total 230912K, used 204286K [0x0000000080000000, 0x000000008e180000, 0x00000000d5580000)
  object space 230912K, 88% used [0x0000000080000000,0x000000008c77f8b8,0x000000008e180000)
 Metaspace       used 79764K, committed 80704K, reserved 1122304K
  class space    used 8290K, committed 8704K, reserved 1048576K
}
Event: 1565,277 GC heap before
{Heap before GC invocations=131 (full 7):
 PSYoungGen      total 48640K, used 48042K [0x00000000d5580000, 0x00000000d9100000, 0x0000000100000000)
  eden space 45568K, 98% used [0x00000000d5580000,0x00000000d818c578,0x00000000d8200000)
  from space 3072K, 95% used [0x00000000d8280000,0x00000000d855e4c8,0x00000000d8580000)
  to   space 6656K, 0% used [0x00000000d8a80000,0x00000000d8a80000,0x00000000d9100000)
 ParOldGen       total 230912K, used 204286K [0x0000000080000000, 0x000000008e180000, 0x00000000d5580000)
  object space 230912K, 88% used [0x0000000080000000,0x000000008c77f8b8,0x000000008e180000)
 Metaspace       used 79773K, committed 80768K, reserved 1122304K
  class space    used 8290K, committed 8704K, reserved 1048576K
}
Event: 1565,279 GC heap after
{Heap after GC invocations=131 (full 7):
 PSYoungGen      total 48128K, used 2740K [0x00000000d5580000, 0x00000000d8d80000, 0x0000000100000000)
  eden space 45056K, 0% used [0x00000000d5580000,0x00000000d5580000,0x00000000d8180000)
  from space 3072K, 89% used [0x00000000d8a80000,0x00000000d8d2d200,0x00000000d8d80000)
  to   space 3584K, 0% used [0x00000000d8680000,0x00000000d8680000,0x00000000d8a00000)
 ParOldGen       total 230912K, used 204286K [0x0000000080000000, 0x000000008e180000, 0x00000000d5580000)
  object space 230912K, 88% used [0x0000000080000000,0x000000008c77f8b8,0x000000008e180000)
 Metaspace       used 79773K, committed 80768K, reserved 1122304K
  class space    used 8290K, committed 8704K, reserved 1048576K
}
Event: 1565,317 GC heap before
{Heap before GC invocations=132 (full 7):
 PSYoungGen      total 48128K, used 47359K [0x00000000d5580000, 0x00000000d8d80000, 0x0000000100000000)
  eden space 45056K, 99% used [0x00000000d5580000,0x00000000d8112d80,0x00000000d8180000)
  from space 3072K, 89% used [0x00000000d8a80000,0x00000000d8d2d200,0x00000000d8d80000)
  to   space 3584K, 0% used [0x00000000d8680000,0x00000000d8680000,0x00000000d8a00000)
 ParOldGen       total 230912K, used 204286K [0x0000000080000000, 0x000000008e180000, 0x00000000d5580000)
  object space 230912K, 88% used [0x0000000080000000,0x000000008c77f8b8,0x000000008e180000)
 Metaspace       used 79773K, committed 80768K, reserved 1122304K
  class space    used 8290K, committed 8704K, reserved 1048576K
}
Event: 1565,319 GC heap after
{Heap after GC invocations=132 (full 7):
 PSYoungGen      total 48128K, used 3140K [0x00000000d5580000, 0x00000000d8b00000, 0x0000000100000000)
  eden space 44544K, 0% used [0x00000000d5580000,0x00000000d5580000,0x00000000d8100000)
  from space 3584K, 87% used [0x00000000d8680000,0x00000000d8991210,0x00000000d8a00000)
  to   space 1024K, 0% used [0x00000000d8a00000,0x00000000d8a00000,0x00000000d8b00000)
 ParOldGen       total 230912K, used 204286K [0x0000000080000000, 0x000000008e180000, 0x00000000d5580000)
  object space 230912K, 88% used [0x0000000080000000,0x000000008c77f8b8,0x000000008e180000)
 Metaspace       used 79773K, committed 80768K, reserved 1122304K
  class space    used 8290K, committed 8704K, reserved 1048576K
}
Event: 1565,356 GC heap before
{Heap before GC invocations=133 (full 7):
 PSYoungGen      total 48128K, used 47280K [0x00000000d5580000, 0x00000000d8b00000, 0x0000000100000000)
  eden space 44544K, 99% used [0x00000000d5580000,0x00000000d809af48,0x00000000d8100000)
  from space 3584K, 87% used [0x00000000d8680000,0x00000000d8991210,0x00000000d8a00000)
  to   space 1024K, 0% used [0x00000000d8a00000,0x00000000d8a00000,0x00000000d8b00000)
 ParOldGen       total 230912K, used 204286K [0x0000000080000000, 0x000000008e180000, 0x00000000d5580000)
  object space 230912K, 88% used [0x0000000080000000,0x000000008c77f8b8,0x000000008e180000)
 Metaspace       used 79773K, committed 80768K, reserved 1122304K
  class space    used 8290K, committed 8704K, reserved 1048576K
}
Event: 1565,358 GC heap after
{Heap after GC invocations=133 (full 7):
 PSYoungGen      total 45056K, used 1024K [0x00000000d5580000, 0x00000000d8b00000, 0x0000000100000000)
  eden space 44032K, 0% used [0x00000000d5580000,0x00000000d5580000,0x00000000d8080000)
  from space 1024K, 100% used [0x00000000d8a00000,0x00000000d8b00000,0x00000000d8b00000)
  to   space 4096K, 0% used [0x00000000d8300000,0x00000000d8300000,0x00000000d8700000)
 ParOldGen       total 230912K, used 206841K [0x0000000080000000, 0x000000008e180000, 0x00000000d5580000)
  object space 230912K, 89% used [0x0000000080000000,0x000000008c9fe580,0x000000008e180000)
 Metaspace       used 79773K, committed 80768K, reserved 1122304K
  class space    used 8290K, committed 8704K, reserved 1048576K
}
Event: 1565,395 GC heap before
{Heap before GC invocations=134 (full 7):
 PSYoungGen      total 45056K, used 45056K [0x00000000d5580000, 0x00000000d8b00000, 0x0000000100000000)
  eden space 44032K, 100% used [0x00000000d5580000,0x00000000d8080000,0x00000000d8080000)
  from space 1024K, 100% used [0x00000000d8a00000,0x00000000d8b00000,0x00000000d8b00000)
  to   space 4096K, 0% used [0x00000000d8300000,0x00000000d8300000,0x00000000d8700000)
 ParOldGen       total 230912K, used 206841K [0x0000000080000000, 0x000000008e180000, 0x00000000d5580000)
  object space 230912K, 89% used [0x0000000080000000,0x000000008c9fe580,0x000000008e180000)
 Metaspace       used 79773K, committed 80768K, reserved 1122304K
  class space    used 8290K, committed 8704K, reserved 1048576K
}
Event: 1565,396 GC heap after
{Heap after GC invocations=134 (full 7):
 PSYoungGen      total 47616K, used 1120K [0x00000000d5580000, 0x00000000d8a80000, 0x0000000100000000)
  eden space 43520K, 0% used [0x00000000d5580000,0x00000000d5580000,0x00000000d8000000)
  from space 4096K, 27% used [0x00000000d8300000,0x00000000d8418000,0x00000000d8700000)
  to   space 2048K, 0% used [0x00000000d8880000,0x00000000d8880000,0x00000000d8a80000)
 ParOldGen       total 230912K, used 207537K [0x0000000080000000, 0x000000008e180000, 0x00000000d5580000)
  object space 230912K, 89% used [0x0000000080000000,0x000000008caac580,0x000000008e180000)
 Metaspace       used 79773K, committed 80768K, reserved 1122304K
  class space    used 8290K, committed 8704K, reserved 1048576K
}
Event: 1598,104 GC heap before
{Heap before GC invocations=135 (full 7):
 PSYoungGen      total 47616K, used 44640K [0x00000000d5580000, 0x00000000d8a80000, 0x0000000100000000)
  eden space 43520K, 100% used [0x00000000d5580000,0x00000000d8000000,0x00000000d8000000)
  from space 4096K, 27% used [0x00000000d8300000,0x00000000d8418000,0x00000000d8700000)
  to   space 2048K, 0% used [0x00000000d8880000,0x00000000d8880000,0x00000000d8a80000)
 ParOldGen       total 230912K, used 207537K [0x0000000080000000, 0x000000008e180000, 0x00000000d5580000)
  object space 230912K, 89% used [0x0000000080000000,0x000000008caac580,0x000000008e180000)
 Metaspace       used 79783K, committed 80832K, reserved 1122304K
  class space    used 8291K, committed 8704K, reserved 1048576K
}
Event: 1598,111 GC heap after
{Heap after GC invocations=135 (full 7):
 PSYoungGen      total 45056K, used 2026K [0x00000000d5580000, 0x00000000d8a80000, 0x0000000100000000)
  eden space 43008K, 0% used [0x00000000d5580000,0x00000000d5580000,0x00000000d7f80000)
  from space 2048K, 98% used [0x00000000d8880000,0x00000000d8a7a800,0x00000000d8a80000)
  to   space 5120K, 0% used [0x00000000d8080000,0x00000000d8080000,0x00000000d8580000)
 ParOldGen       total 230912K, used 209771K [0x0000000080000000, 0x000000008e180000, 0x00000000d5580000)
  object space 230912K, 90% used [0x0000000080000000,0x000000008ccdafe8,0x000000008e180000)
 Metaspace       used 79783K, committed 80832K, reserved 1122304K
  class space    used 8291K, committed 8704K, reserved 1048576K
}
Event: 1653,303 GC heap before
{Heap before GC invocations=136 (full 7):
 PSYoungGen      total 45056K, used 45034K [0x00000000d5580000, 0x00000000d8a80000, 0x0000000100000000)
  eden space 43008K, 100% used [0x00000000d5580000,0x00000000d7f80000,0x00000000d7f80000)
  from space 2048K, 98% used [0x00000000d8880000,0x00000000d8a7a800,0x00000000d8a80000)
  to   space 5120K, 0% used [0x00000000d8080000,0x00000000d8080000,0x00000000d8580000)
 ParOldGen       total 230912K, used 209771K [0x0000000080000000, 0x000000008e180000, 0x00000000d5580000)
  object space 230912K, 90% used [0x0000000080000000,0x000000008ccdafe8,0x000000008e180000)
 Metaspace       used 79944K, committed 81024K, reserved 1122304K
  class space    used 8309K, committed 8768K, reserved 1048576K
}
Event: 1653,306 GC heap after
{Heap after GC invocations=136 (full 7):
 PSYoungGen      total 47616K, used 5091K [0x00000000d5580000, 0x00000000d9400000, 0x0000000100000000)
  eden space 42496K, 0% used [0x00000000d5580000,0x00000000d5580000,0x00000000d7f00000)
  from space 5120K, 99% used [0x00000000d8080000,0x00000000d8578c50,0x00000000d8580000)
  to   space 10752K, 0% used [0x00000000d8980000,0x00000000d8980000,0x00000000d9400000)
 ParOldGen       total 230912K, used 214188K [0x0000000080000000, 0x000000008e180000, 0x00000000d5580000)
  object space 230912K, 92% used [0x0000000080000000,0x000000008d12b0b8,0x000000008e180000)
 Metaspace       used 79944K, committed 81024K, reserved 1122304K
  class space    used 8309K, committed 8768K, reserved 1048576K
}
Event: 1655,060 GC heap before
{Heap before GC invocations=137 (full 7):
 PSYoungGen      total 47616K, used 47587K [0x00000000d5580000, 0x00000000d9400000, 0x0000000100000000)
  eden space 42496K, 100% used [0x00000000d5580000,0x00000000d7f00000,0x00000000d7f00000)
  from space 5120K, 99% used [0x00000000d8080000,0x00000000d8578c50,0x00000000d8580000)
  to   space 10752K, 0% used [0x00000000d8980000,0x00000000d8980000,0x00000000d9400000)
 ParOldGen       total 230912K, used 214188K [0x0000000080000000, 0x000000008e180000, 0x00000000d5580000)
  object space 230912K, 92% used [0x0000000080000000,0x000000008d12b0b8,0x000000008e180000)
 Metaspace       used 80216K, committed 81280K, reserved 1122304K
  class space    used 8333K, committed 8768K, reserved 1048576K
}
Event: 1655,063 GC heap after
{Heap after GC invocations=137 (full 7):
 PSYoungGen      total 44544K, used 2057K [0x00000000d5580000, 0x00000000d8c00000, 0x0000000100000000)
  eden space 41984K, 0% used [0x00000000d5580000,0x00000000d5580000,0x00000000d7e80000)
  from space 2560K, 80% used [0x00000000d8980000,0x00000000d8b82420,0x00000000d8c00000)
  to   space 5120K, 0% used [0x00000000d8200000,0x00000000d8200000,0x00000000d8700000)
 ParOldGen       total 230912K, used 215890K [0x0000000080000000, 0x000000008e180000, 0x00000000d5580000)
  object space 230912K, 93% used [0x0000000080000000,0x000000008d2d4b10,0x000000008e180000)
 Metaspace       used 80216K, committed 81280K, reserved 1122304K
  class space    used 8333K, committed 8768K, reserved 1048576K
}
Event: 1737,008 GC heap before
{Heap before GC invocations=138 (full 7):
 PSYoungGen      total 44544K, used 44041K [0x00000000d5580000, 0x00000000d8c00000, 0x0000000100000000)
  eden space 41984K, 100% used [0x00000000d5580000,0x00000000d7e80000,0x00000000d7e80000)
  from space 2560K, 80% used [0x00000000d8980000,0x00000000d8b82420,0x00000000d8c00000)
  to   space 5120K, 0% used [0x00000000d8200000,0x00000000d8200000,0x00000000d8700000)
 ParOldGen       total 230912K, used 215890K [0x0000000080000000, 0x000000008e180000, 0x00000000d5580000)
  object space 230912K, 93% used [0x0000000080000000,0x000000008d2d4b10,0x000000008e180000)
 Metaspace       used 80819K, committed 81920K, reserved 1122304K
  class space    used 8409K, committed 8896K, reserved 1048576K
}
Event: 1737,010 GC heap after
{Heap after GC invocations=138 (full 7):
 PSYoungGen      total 46592K, used 2656K [0x00000000d5580000, 0x00000000d8a00000, 0x0000000100000000)
  eden space 41472K, 0% used [0x00000000d5580000,0x00000000d5580000,0x00000000d7e00000)
  from space 5120K, 51% used [0x00000000d8200000,0x00000000d8498248,0x00000000d8700000)
  to   space 3072K, 0% used [0x00000000d8700000,0x00000000d8700000,0x00000000d8a00000)
 ParOldGen       total 230912K, used 215898K [0x0000000080000000, 0x000000008e180000, 0x00000000d5580000)
  object space 230912K, 93% used [0x0000000080000000,0x000000008d2d6b10,0x000000008e180000)
 Metaspace       used 80819K, committed 81920K, reserved 1122304K
  class space    used 8409K, committed 8896K, reserved 1048576K
}
Event: 1754,502 GC heap before
{Heap before GC invocations=139 (full 7):
 PSYoungGen      total 46592K, used 44128K [0x00000000d5580000, 0x00000000d8a00000, 0x0000000100000000)
  eden space 41472K, 100% used [0x00000000d5580000,0x00000000d7e00000,0x00000000d7e00000)
  from space 5120K, 51% used [0x00000000d8200000,0x00000000d8498248,0x00000000d8700000)
  to   space 3072K, 0% used [0x00000000d8700000,0x00000000d8700000,0x00000000d8a00000)
 ParOldGen       total 230912K, used 215898K [0x0000000080000000, 0x000000008e180000, 0x00000000d5580000)
  object space 230912K, 93% used [0x0000000080000000,0x000000008d2d6b10,0x000000008e180000)
 Metaspace       used 80920K, committed 82048K, reserved 1122304K
  class space    used 8417K, committed 8896K, reserved 1048576K
}
Event: 1754,507 GC heap after
{Heap after GC invocations=139 (full 7):
 PSYoungGen      total 34304K, used 3068K [0x00000000d5580000, 0x00000000da380000, 0x0000000100000000)
  eden space 31232K, 0% used [0x00000000d5580000,0x00000000d5580000,0x00000000d7400000)
  from space 3072K, 99% used [0x00000000d8700000,0x00000000d89ff2a8,0x00000000d8a00000)
  to   space 19456K, 0% used [0x00000000d7400000,0x00000000d7400000,0x00000000d8700000)
 ParOldGen       total 230912K, used 229725K [0x0000000080000000, 0x000000008e180000, 0x00000000d5580000)
  object space 230912K, 99% used [0x0000000080000000,0x000000008e057508,0x000000008e180000)
 Metaspace       used 80920K, committed 82048K, reserved 1122304K
  class space    used 8417K, committed 8896K, reserved 1048576K
}
Event: 1754,507 GC heap before
{Heap before GC invocations=140 (full 8):
 PSYoungGen      total 34304K, used 3068K [0x00000000d5580000, 0x00000000da380000, 0x0000000100000000)
  eden space 31232K, 0% used [0x00000000d5580000,0x00000000d5580000,0x00000000d7400000)
  from space 3072K, 99% used [0x00000000d8700000,0x00000000d89ff2a8,0x00000000d8a00000)
  to   space 19456K, 0% used [0x00000000d7400000,0x00000000d7400000,0x00000000d8700000)
 ParOldGen       total 230912K, used 229725K [0x0000000080000000, 0x000000008e180000, 0x00000000d5580000)
  object space 230912K, 99% used [0x0000000080000000,0x000000008e057508,0x000000008e180000)
 Metaspace       used 80920K, committed 82048K, reserved 1122304K
  class space    used 8417K, committed 8896K, reserved 1048576K
}

