# JRE version: OpenJDK Runtime Environment Temurin-17.0.1+12 (17.0.1+12) (build 17.0.1+12)
# Java VM: OpenJDK 64-Bit Server VM Temurin-17.0.1+12 (17.0.1+12, mixed mode, tiered, compressed oops, compressed class ptrs, parallel gc, linux-amd64)
GC Precious Log:
 CPUs: 12 total, 12 available
 Memory: 15855M
 Large Page Support: Disabled
 NUMA Support: Disabled
 Compressed Oops: Enabled (32-bit)
 Alignments: Space 512K, Generation 512K, Heap 2M
 Heap Min Capacity: 100M
 Heap Initial Capacity: 100M
 Heap Max Capacity: 1G
 Pre-touch: Disabled
 Parallel Workers: 10
Heap:
 PSYoungGen      total 25600K, used 25376K [0x00000000eab00000, 0x00000000ec900000, 0x0000000100000000)
  eden space 22528K, 100% used [0x00000000eab00000,0x00000000ec100000,0x00000000ec100000)
  from space 3072K, 92% used [0x00000000ec200000,0x00000000ec4c8000,0x00000000ec500000)
  to   space 4096K, 31% used [0x00000000ec500000,0x00000000ec640000,0x00000000ec900000)
 ParOldGen       total 68608K, used 27958K [0x00000000c0000000, 0x00000000c4300000, 0x00000000eab00000)
  object space 68608K, 40% used [0x00000000c0000000,0x00000000c1b4d828,0x00000000c4300000)
 Metaspace       used 42492K, committed 43200K, reserved 1089536K
  class space    used 4671K, committed 4992K, reserved 1048576K
GC Heap History (20 events):
Event: 0,960 GC heap after
{Heap after GC invocations=4 (full 1):
 PSYoungGen      total 29696K, used 2161K [0x00000000eab00000, 0x00000000ecc00000, 0x0000000100000000)
  eden space 25600K, 0% used [0x00000000eab00000,0x00000000eab00000,0x00000000ec400000)
  from space 4096K, 52% used [0x00000000ec400000,0x00000000ec61c460,0x00000000ec800000)
  to   space 4096K, 0% used [0x00000000ec800000,0x00000000ec800000,0x00000000ecc00000)
 ParOldGen       total 68608K, used 7510K [0x00000000c0000000, 0x00000000c4300000, 0x00000000eab00000)
  object space 68608K, 10% used [0x00000000c0000000,0x00000000c07558e8,0x00000000c4300000)
 Metaspace       used 27392K, committed 27904K, reserved 1081344K
  class space    used 2713K, committed 2944K, reserved 1048576K
}
Event: 1,303 GC heap before
{Heap before GC invocations=5 (full 1):
 PSYoungGen      total 29696K, used 27738K [0x00000000eab00000, 0x00000000ecc00000, 0x0000000100000000)
  eden space 25600K, 99% used [0x00000000eab00000,0x00000000ec3fa4f8,0x00000000ec400000)
  from space 4096K, 52% used [0x00000000ec400000,0x00000000ec61c460,0x00000000ec800000)
  to   space 4096K, 0% used [0x00000000ec800000,0x00000000ec800000,0x00000000ecc00000)
 ParOldGen       total 68608K, used 7510K [0x00000000c0000000, 0x00000000c4300000, 0x00000000eab00000)
  object space 68608K, 10% used [0x00000000c0000000,0x00000000c07558e8,0x00000000c4300000)
 Metaspace       used 34571K, committed 35136K, reserved 1081344K
  class space    used 3661K, committed 3904K, reserved 1048576K
}
Event: 1,306 GC heap after
{Heap after GC invocations=5 (full 1):
 PSYoungGen      total 29696K, used 4068K [0x00000000eab00000, 0x00000000ecc00000, 0x0000000100000000)
  eden space 25600K, 0% used [0x00000000eab00000,0x00000000eab00000,0x00000000ec400000)
  from space 4096K, 99% used [0x00000000ec800000,0x00000000ecbf9360,0x00000000ecc00000)
  to   space 4096K, 0% used [0x00000000ec400000,0x00000000ec400000,0x00000000ec800000)
 ParOldGen       total 68608K, used 8054K [0x00000000c0000000, 0x00000000c4300000, 0x00000000eab00000)
  object space 68608K, 11% used [0x00000000c0000000,0x00000000c07dd928,0x00000000c4300000)
 Metaspace       used 34571K, committed 35136K, reserved 1081344K
  class space    used 3661K, committed 3904K, reserved 1048576K
}
Event: 1,327 GC heap before
{Heap before GC invocations=6 (full 1):
 PSYoungGen      total 29696K, used 6693K [0x00000000eab00000, 0x00000000ecc00000, 0x0000000100000000)
  eden space 25600K, 10% used [0x00000000eab00000,0x00000000ead903c8,0x00000000ec400000)
  from space 4096K, 99% used [0x00000000ec800000,0x00000000ecbf9360,0x00000000ecc00000)
  to   space 4096K, 0% used [0x00000000ec400000,0x00000000ec400000,0x00000000ec800000)
 ParOldGen       total 68608K, used 8054K [0x00000000c0000000, 0x00000000c4300000, 0x00000000eab00000)
  object space 68608K, 11% used [0x00000000c0000000,0x00000000c07dd928,0x00000000c4300000)
 Metaspace       used 35160K, committed 35840K, reserved 1081344K
  class space    used 3740K, committed 4096K, reserved 1048576K
}
Event: 1,329 GC heap after
{Heap after GC invocations=6 (full 1):
 PSYoungGen      total 29696K, used 4078K [0x00000000eab00000, 0x00000000ecf00000, 0x0000000100000000)
  eden space 25600K, 0% used [0x00000000eab00000,0x00000000eab00000,0x00000000ec400000)
  from space 4096K, 99% used [0x00000000ec400000,0x00000000ec7fbbd8,0x00000000ec800000)
  to   space 5632K, 0% used [0x00000000ec980000,0x00000000ec980000,0x00000000ecf00000)
 ParOldGen       total 68608K, used 8942K [0x00000000c0000000, 0x00000000c4300000, 0x00000000eab00000)
  object space 68608K, 13% used [0x00000000c0000000,0x00000000c08bbb78,0x00000000c4300000)
 Metaspace       used 35160K, committed 35840K, reserved 1081344K
  class space    used 3740K, committed 4096K, reserved 1048576K
}
Event: 1,329 GC heap before
{Heap before GC invocations=7 (full 2):
 PSYoungGen      total 29696K, used 4078K [0x00000000eab00000, 0x00000000ecf00000, 0x0000000100000000)
  eden space 25600K, 0% used [0x00000000eab00000,0x00000000eab00000,0x00000000ec400000)
  from space 4096K, 99% used [0x00000000ec400000,0x00000000ec7fbbd8,0x00000000ec800000)
  to   space 5632K, 0% used [0x00000000ec980000,0x00000000ec980000,0x00000000ecf00000)
 ParOldGen       total 68608K, used 8942K [0x00000000c0000000, 0x00000000c4300000, 0x00000000eab00000)
  object space 68608K, 13% used [0x00000000c0000000,0x00000000c08bbb78,0x00000000c4300000)
 Metaspace       used 35160K, committed 35840K, reserved 1081344K
  class space    used 3740K, committed 4096K, reserved 1048576K
}
Event: 1,347 GC heap after
{Heap after GC invocations=7 (full 2):
 PSYoungGen      total 29696K, used 0K [0x00000000eab00000, 0x00000000ecf00000, 0x0000000100000000)
  eden space 25600K, 0% used [0x00000000eab00000,0x00000000eab00000,0x00000000ec400000)
  from space 4096K, 0% used [0x00000000ec400000,0x00000000ec400000,0x00000000ec800000)
  to   space 5632K, 0% used [0x00000000ec980000,0x00000000ec980000,0x00000000ecf00000)
 ParOldGen       total 68608K, used 12784K [0x00000000c0000000, 0x00000000c4300000, 0x00000000eab00000)
  object space 68608K, 18% used [0x00000000c0000000,0x00000000c0c7c070,0x00000000c4300000)
 Metaspace       used 35160K, committed 35840K, reserved 1081344K
  class space    used 3740K, committed 4096K, reserved 1048576K
}
Event: 1,562 GC heap before
{Heap before GC invocations=8 (full 2):
 PSYoungGen      total 29696K, used 25600K [0x00000000eab00000, 0x00000000ecf00000, 0x0000000100000000)
  eden space 25600K, 100% used [0x00000000eab00000,0x00000000ec400000,0x00000000ec400000)
  from space 4096K, 0% used [0x00000000ec400000,0x00000000ec400000,0x00000000ec800000)
  to   space 5632K, 0% used [0x00000000ec980000,0x00000000ec980000,0x00000000ecf00000)
 ParOldGen       total 68608K, used 12784K [0x00000000c0000000, 0x00000000c4300000, 0x00000000eab00000)
  object space 68608K, 18% used [0x00000000c0000000,0x00000000c0c7c070,0x00000000c4300000)
 Metaspace       used 37026K, committed 37696K, reserved 1089536K
  class space    used 3962K, committed 4224K, reserved 1048576K
}
Event: 1,564 GC heap after
{Heap after GC invocations=8 (full 2):
 PSYoungGen      total 28160K, used 2656K [0x00000000eab00000, 0x00000000ecc80000, 0x0000000100000000)
  eden space 25088K, 0% used [0x00000000eab00000,0x00000000eab00000,0x00000000ec380000)
  from space 3072K, 86% used [0x00000000ec980000,0x00000000ecc18020,0x00000000ecc80000)
  to   space 3584K, 0% used [0x00000000ec580000,0x00000000ec580000,0x00000000ec900000)
 ParOldGen       total 68608K, used 12792K [0x00000000c0000000, 0x00000000c4300000, 0x00000000eab00000)
  object space 68608K, 18% used [0x00000000c0000000,0x00000000c0c7e070,0x00000000c4300000)
 Metaspace       used 37026K, committed 37696K, reserved 1089536K
  class space    used 3962K, committed 4224K, reserved 1048576K
}
Event: 1,636 GC heap before
{Heap before GC invocations=9 (full 2):
 PSYoungGen      total 28160K, used 27744K [0x00000000eab00000, 0x00000000ecc80000, 0x0000000100000000)
  eden space 25088K, 100% used [0x00000000eab00000,0x00000000ec380000,0x00000000ec380000)
  from space 3072K, 86% used [0x00000000ec980000,0x00000000ecc18020,0x00000000ecc80000)
  to   space 3584K, 0% used [0x00000000ec580000,0x00000000ec580000,0x00000000ec900000)
 ParOldGen       total 68608K, used 12792K [0x00000000c0000000, 0x00000000c4300000, 0x00000000eab00000)
  object space 68608K, 18% used [0x00000000c0000000,0x00000000c0c7e070,0x00000000c4300000)
 Metaspace       used 37100K, committed 37760K, reserved 1089536K
  class space    used 3967K, committed 4224K, reserved 1048576K
}
Event: 1,638 GC heap after
{Heap after GC invocations=9 (full 2):
 PSYoungGen      total 28160K, used 3568K [0x00000000eab00000, 0x00000000ecd00000, 0x0000000100000000)
  eden space 24576K, 0% used [0x00000000eab00000,0x00000000eab00000,0x00000000ec300000)
  from space 3584K, 99% used [0x00000000ec580000,0x00000000ec8fc030,0x00000000ec900000)
  to   space 4096K, 0% used [0x00000000ec900000,0x00000000ec900000,0x00000000ecd00000)
 ParOldGen       total 68608K, used 13912K [0x00000000c0000000, 0x00000000c4300000, 0x00000000eab00000)
  object space 68608K, 20% used [0x00000000c0000000,0x00000000c0d96080,0x00000000c4300000)
 Metaspace       used 37100K, committed 37760K, reserved 1089536K
  class space    used 3967K, committed 4224K, reserved 1048576K
}
Event: 1,688 GC heap before
{Heap before GC invocations=10 (full 2):
 PSYoungGen      total 28160K, used 28144K [0x00000000eab00000, 0x00000000ecd00000, 0x0000000100000000)
  eden space 24576K, 100% used [0x00000000eab00000,0x00000000ec300000,0x00000000ec300000)
  from space 3584K, 99% used [0x00000000ec580000,0x00000000ec8fc030,0x00000000ec900000)
  to   space 4096K, 0% used [0x00000000ec900000,0x00000000ec900000,0x00000000ecd00000)
 ParOldGen       total 68608K, used 13912K [0x00000000c0000000, 0x00000000c4300000, 0x00000000eab00000)
  object space 68608K, 20% used [0x00000000c0000000,0x00000000c0d96080,0x00000000c4300000)
 Metaspace       used 37190K, committed 37824K, reserved 1089536K
  class space    used 3970K, committed 4224K, reserved 1048576K
}
Event: 1,690 GC heap after
{Heap after GC invocations=10 (full 2):
 PSYoungGen      total 28160K, used 4064K [0x00000000eab00000, 0x00000000ecf80000, 0x0000000100000000)
  eden space 24064K, 0% used [0x00000000eab00000,0x00000000eab00000,0x00000000ec280000)
  from space 4096K, 99% used [0x00000000ec900000,0x00000000eccf8020,0x00000000ecd00000)
  to   space 6656K, 0% used [0x00000000ec280000,0x00000000ec280000,0x00000000ec900000)
 ParOldGen       total 68608K, used 15708K [0x00000000c0000000, 0x00000000c4300000, 0x00000000eab00000)
  object space 68608K, 22% used [0x00000000c0000000,0x00000000c0f573f8,0x00000000c4300000)
 Metaspace       used 37190K, committed 37824K, reserved 1089536K
  class space    used 3970K, committed 4224K, reserved 1048576K
}
Event: 1,719 GC heap before
{Heap before GC invocations=11 (full 2):
 PSYoungGen      total 28160K, used 28128K [0x00000000eab00000, 0x00000000ecf80000, 0x0000000100000000)
  eden space 24064K, 100% used [0x00000000eab00000,0x00000000ec280000,0x00000000ec280000)
  from space 4096K, 99% used [0x00000000ec900000,0x00000000eccf8020,0x00000000ecd00000)
  to   space 6656K, 0% used [0x00000000ec280000,0x00000000ec280000,0x00000000ec900000)
 ParOldGen       total 68608K, used 15708K [0x00000000c0000000, 0x00000000c4300000, 0x00000000eab00000)
  object space 68608K, 22% used [0x00000000c0000000,0x00000000c0f573f8,0x00000000c4300000)
 Metaspace       used 37233K, committed 37952K, reserved 1089536K
  class space    used 3981K, committed 4288K, reserved 1048576K
}
Event: 1,722 GC heap after
{Heap after GC invocations=11 (full 2):
 PSYoungGen      total 29696K, used 5728K [0x00000000eab00000, 0x00000000ece00000, 0x0000000100000000)
  eden space 23552K, 0% used [0x00000000eab00000,0x00000000eab00000,0x00000000ec200000)
  from space 6144K, 93% used [0x00000000ec280000,0x00000000ec818020,0x00000000ec880000)
  to   space 5632K, 0% used [0x00000000ec880000,0x00000000ec880000,0x00000000ece00000)
 ParOldGen       total 68608K, used 17077K [0x00000000c0000000, 0x00000000c4300000, 0x00000000eab00000)
  object space 68608K, 24% used [0x00000000c0000000,0x00000000c10ad408,0x00000000c4300000)
 Metaspace       used 37233K, committed 37952K, reserved 1089536K
  class space    used 3981K, committed 4288K, reserved 1048576K
}
Event: 1,746 GC heap before
{Heap before GC invocations=12 (full 2):
 PSYoungGen      total 29696K, used 29280K [0x00000000eab00000, 0x00000000ece00000, 0x0000000100000000)
  eden space 23552K, 100% used [0x00000000eab00000,0x00000000ec200000,0x00000000ec200000)
  from space 6144K, 93% used [0x00000000ec280000,0x00000000ec818020,0x00000000ec880000)
  to   space 5632K, 0% used [0x00000000ec880000,0x00000000ec880000,0x00000000ece00000)
 ParOldGen       total 68608K, used 17077K [0x00000000c0000000, 0x00000000c4300000, 0x00000000eab00000)
  object space 68608K, 24% used [0x00000000c0000000,0x00000000c10ad408,0x00000000c4300000)
 Metaspace       used 37233K, committed 37952K, reserved 1089536K
  class space    used 3981K, committed 4288K, reserved 1048576K
}
Event: 1,750 GC heap after
{Heap after GC invocations=12 (full 2):
 PSYoungGen      total 28672K, used 5600K [0x00000000eab00000, 0x00000000ece00000, 0x0000000100000000)
  eden space 23040K, 0% used [0x00000000eab00000,0x00000000eab00000,0x00000000ec180000)
  from space 5632K, 99% used [0x00000000ec880000,0x00000000ecdf8020,0x00000000ece00000)
  to   space 6144K, 0% used [0x00000000ec200000,0x00000000ec200000,0x00000000ec800000)
 ParOldGen       total 68608K, used 19751K [0x00000000c0000000, 0x00000000c4300000, 0x00000000eab00000)
  object space 68608K, 28% used [0x00000000c0000000,0x00000000c1349f20,0x00000000c4300000)
 Metaspace       used 37233K, committed 37952K, reserved 1089536K
  class space    used 3981K, committed 4288K, reserved 1048576K
}
Event: 1,819 GC heap before
{Heap before GC invocations=13 (full 2):
 PSYoungGen      total 28672K, used 28640K [0x00000000eab00000, 0x00000000ece00000, 0x0000000100000000)
  eden space 23040K, 100% used [0x00000000eab00000,0x00000000ec180000,0x00000000ec180000)
  from space 5632K, 99% used [0x00000000ec880000,0x00000000ecdf8020,0x00000000ece00000)
  to   space 6144K, 0% used [0x00000000ec200000,0x00000000ec200000,0x00000000ec800000)
 ParOldGen       total 68608K, used 19751K [0x00000000c0000000, 0x00000000c4300000, 0x00000000eab00000)
  object space 68608K, 28% used [0x00000000c0000000,0x00000000c1349f20,0x00000000c4300000)
 Metaspace       used 38411K, committed 39104K, reserved 1089536K
  class space    used 4143K, committed 4480K, reserved 1048576K
}
Event: 1,822 GC heap after
{Heap after GC invocations=13 (full 2):
 PSYoungGen      total 25600K, used 2848K [0x00000000eab00000, 0x00000000ec900000, 0x0000000100000000)
  eden space 22528K, 0% used [0x00000000eab00000,0x00000000eab00000,0x00000000ec100000)
  from space 3072K, 92% used [0x00000000ec200000,0x00000000ec4c8000,0x00000000ec500000)
  to   space 4096K, 0% used [0x00000000ec500000,0x00000000ec500000,0x00000000ec900000)
 ParOldGen       total 68608K, used 25222K [0x00000000c0000000, 0x00000000c4300000, 0x00000000eab00000)
  object space 68608K, 36% used [0x00000000c0000000,0x00000000c18a1828,0x00000000c4300000)
 Metaspace       used 38411K, committed 39104K, reserved 1089536K
  class space    used 4143K, committed 4480K, reserved 1048576K
}
Event: 2,018 GC heap before
{Heap before GC invocations=14 (full 2):
 PSYoungGen      total 25600K, used 25376K [0x00000000eab00000, 0x00000000ec900000, 0x0000000100000000)
  eden space 22528K, 100% used [0x00000000eab00000,0x00000000ec100000,0x00000000ec100000)
  from space 3072K, 92% used [0x00000000ec200000,0x00000000ec4c8000,0x00000000ec500000)
  to   space 4096K, 0% used [0x00000000ec500000,0x00000000ec500000,0x00000000ec900000)
 ParOldGen       total 68608K, used 25222K [0x00000000c0000000, 0x00000000c4300000, 0x00000000eab00000)
  object space 68608K, 36% used [0x00000000c0000000,0x00000000c18a1828,0x00000000c4300000)
 Metaspace       used 42492K, committed 43200K, reserved 1089536K
  class space    used 4671K, committed 4992K, reserved 1048576K
}

