# JRE version: OpenJDK Runtime Environment Temurin-17.0.1+12 (17.0.1+12) (build 17.0.1+12)
# Java VM: OpenJDK 64-Bit Server VM Temurin-17.0.1+12 (17.0.1+12, mixed mode, tiered, compressed oops, compressed class ptrs, parallel gc, linux-amd64)
GC Precious Log:
 CPUs: 12 total, 12 available
 Memory: 15855M
 Large Page Support: Disabled
 NUMA Support: Disabled
 Compressed Oops: Enabled (32-bit)
 Alignments: Space 512K, Generation 512K, Heap 2M
 Heap Min Capacity: 100M
 Heap Initial Capacity: 100M
 Heap Max Capacity: 2G
 Pre-touch: Disabled
 Parallel Workers: 10
Heap:
 PSYoungGen      total 9728K, used 9312K [0x00000000d5580000, 0x00000000d6400000, 0x0000000100000000)
  eden space 5120K, 100% used [0x00000000d5580000,0x00000000d5a80000,0x00000000d5a80000)
  from space 4608K, 90% used [0x00000000d5f80000,0x00000000d6398000,0x00000000d6400000)
  to   space 4608K, 67% used [0x00000000d5b00000,0x00000000d5e0d240,0x00000000d5f80000)
 ParOldGen       total 1398272K, used 712080K [0x0000000080000000, 0x00000000d5580000, 0x00000000d5580000)
  object space 1398272K, 50% used [0x0000000080000000,0x00000000ab7643b0,0x00000000d5580000)
 Metaspace       used 70144K, committed 71168K, reserved 1114112K
  class space    used 7402K, committed 7872K, reserved 1048576K
GC Heap History (20 events):
Event: 5,339 GC heap after
{Heap after GC invocations=136 (full 7):
 PSYoungGen      total 2560K, used 992K [0x00000000d5580000, 0x00000000d5b00000, 0x0000000100000000)
  eden space 1536K, 0% used [0x00000000d5580000,0x00000000d5580000,0x00000000d5700000)
  from space 1024K, 96% used [0x00000000d5700000,0x00000000d57f80c8,0x00000000d5800000)
  to   space 2048K, 0% used [0x00000000d5900000,0x00000000d5900000,0x00000000d5b00000)
 ParOldGen       total 110080K, used 83767K [0x0000000080000000, 0x0000000086b80000, 0x00000000d5580000)
  object space 110080K, 76% used [0x0000000080000000,0x00000000851cde38,0x0000000086b80000)
 Metaspace       used 70103K, committed 71104K, reserved 1114112K
  class space    used 7402K, committed 7872K, reserved 1048576K
}
Event: 5,342 GC heap before
{Heap before GC invocations=137 (full 7):
 PSYoungGen      total 2560K, used 2464K [0x00000000d5580000, 0x00000000d5b00000, 0x0000000100000000)
  eden space 1536K, 95% used [0x00000000d5580000,0x00000000d56f01a8,0x00000000d5700000)
  from space 1024K, 96% used [0x00000000d5700000,0x00000000d57f80c8,0x00000000d5800000)
  to   space 2048K, 0% used [0x00000000d5900000,0x00000000d5900000,0x00000000d5b00000)
 ParOldGen       total 110080K, used 83767K [0x0000000080000000, 0x0000000086b80000, 0x00000000d5580000)
  object space 110080K, 76% used [0x0000000080000000,0x00000000851cde38,0x0000000086b80000)
 Metaspace       used 70105K, committed 71104K, reserved 1114112K
  class space    used 7402K, committed 7872K, reserved 1048576K
}
Event: 5,345 GC heap after
{Heap after GC invocations=137 (full 7):
 PSYoungGen      total 3584K, used 1373K [0x00000000d5580000, 0x00000000d5a80000, 0x0000000100000000)
  eden space 2048K, 0% used [0x00000000d5580000,0x00000000d5580000,0x00000000d5780000)
  from space 1536K, 89% used [0x00000000d5900000,0x00000000d5a57778,0x00000000d5a80000)
  to   space 1536K, 0% used [0x00000000d5780000,0x00000000d5780000,0x00000000d5900000)
 ParOldGen       total 110080K, used 84659K [0x0000000080000000, 0x0000000086b80000, 0x00000000d5580000)
  object space 110080K, 76% used [0x0000000080000000,0x00000000852acd08,0x0000000086b80000)
 Metaspace       used 70105K, committed 71104K, reserved 1114112K
  class space    used 7402K, committed 7872K, reserved 1048576K
}
Event: 5,348 GC heap before
{Heap before GC invocations=138 (full 7):
 PSYoungGen      total 3584K, used 3421K [0x00000000d5580000, 0x00000000d5a80000, 0x0000000100000000)
  eden space 2048K, 100% used [0x00000000d5580000,0x00000000d5780000,0x00000000d5780000)
  from space 1536K, 89% used [0x00000000d5900000,0x00000000d5a57778,0x00000000d5a80000)
  to   space 1536K, 0% used [0x00000000d5780000,0x00000000d5780000,0x00000000d5900000)
 ParOldGen       total 110080K, used 84659K [0x0000000080000000, 0x0000000086b80000, 0x00000000d5580000)
  object space 110080K, 76% used [0x0000000080000000,0x00000000852acd08,0x0000000086b80000)
 Metaspace       used 70109K, committed 71104K, reserved 1114112K
  class space    used 7402K, committed 7872K, reserved 1048576K
}
Event: 5,350 GC heap after
{Heap after GC invocations=138 (full 7):
 PSYoungGen      total 3584K, used 1527K [0x00000000d5580000, 0x00000000d5f00000, 0x0000000100000000)
  eden space 2048K, 0% used [0x00000000d5580000,0x00000000d5580000,0x00000000d5780000)
  from space 1536K, 99% used [0x00000000d5780000,0x00000000d58fde80,0x00000000d5900000)
  to   space 3584K, 0% used [0x00000000d5b80000,0x00000000d5b80000,0x00000000d5f00000)
 ParOldGen       total 110080K, used 86259K [0x0000000080000000, 0x0000000086b80000, 0x00000000d5580000)
  object space 110080K, 78% used [0x0000000080000000,0x000000008543cdd0,0x0000000086b80000)
 Metaspace       used 70109K, committed 71104K, reserved 1114112K
  class space    used 7402K, committed 7872K, reserved 1048576K
}
Event: 5,355 GC heap before
{Heap before GC invocations=139 (full 7):
 PSYoungGen      total 3584K, used 3542K [0x00000000d5580000, 0x00000000d5f00000, 0x0000000100000000)
  eden space 2048K, 98% used [0x00000000d5580000,0x00000000d5777bd0,0x00000000d5780000)
  from space 1536K, 99% used [0x00000000d5780000,0x00000000d58fde80,0x00000000d5900000)
  to   space 3584K, 0% used [0x00000000d5b80000,0x00000000d5b80000,0x00000000d5f00000)
 ParOldGen       total 110080K, used 86259K [0x0000000080000000, 0x0000000086b80000, 0x00000000d5580000)
  object space 110080K, 78% used [0x0000000080000000,0x000000008543cdd0,0x0000000086b80000)
 Metaspace       used 70115K, committed 71104K, reserved 1114112K
  class space    used 7402K, committed 7872K, reserved 1048576K
}
Event: 5,358 GC heap after
{Heap after GC invocations=139 (full 7):
 PSYoungGen      total 4608K, used 1650K [0x00000000d5580000, 0x00000000d5d80000, 0x0000000100000000)
  eden space 2560K, 0% used [0x00000000d5580000,0x00000000d5580000,0x00000000d5800000)
  from space 2048K, 80% used [0x00000000d5b80000,0x00000000d5d1ca00,0x00000000d5d80000)
  to   space 2560K, 0% used [0x00000000d5880000,0x00000000d5880000,0x00000000d5b00000)
 ParOldGen       total 110080K, used 87803K [0x0000000080000000, 0x0000000086b80000, 0x00000000d5580000)
  object space 110080K, 79% used [0x0000000080000000,0x00000000855bef28,0x0000000086b80000)
 Metaspace       used 70115K, committed 71104K, reserved 1114112K
  class space    used 7402K, committed 7872K, reserved 1048576K
}
Event: 5,364 GC heap before
{Heap before GC invocations=140 (full 7):
 PSYoungGen      total 4608K, used 4210K [0x00000000d5580000, 0x00000000d5d80000, 0x0000000100000000)
  eden space 2560K, 100% used [0x00000000d5580000,0x00000000d5800000,0x00000000d5800000)
  from space 2048K, 80% used [0x00000000d5b80000,0x00000000d5d1ca00,0x00000000d5d80000)
  to   space 2560K, 0% used [0x00000000d5880000,0x00000000d5880000,0x00000000d5b00000)
 ParOldGen       total 110080K, used 87803K [0x0000000080000000, 0x0000000086b80000, 0x00000000d5580000)
  object space 110080K, 79% used [0x0000000080000000,0x00000000855bef28,0x0000000086b80000)
 Metaspace       used 70117K, committed 71104K, reserved 1114112K
  class space    used 7402K, committed 7872K, reserved 1048576K
}
Event: 5,366 GC heap after
{Heap after GC invocations=140 (full 7):
 PSYoungGen      total 5120K, used 1803K [0x00000000d5580000, 0x00000000d5c80000, 0x0000000100000000)
  eden space 3072K, 0% used [0x00000000d5580000,0x00000000d5580000,0x00000000d5880000)
  from space 2048K, 88% used [0x00000000d5880000,0x00000000d5a42e30,0x00000000d5a80000)
  to   space 2048K, 0% used [0x00000000d5a80000,0x00000000d5a80000,0x00000000d5c80000)
 ParOldGen       total 110080K, used 89340K [0x0000000080000000, 0x0000000086b80000, 0x00000000d5580000)
  object space 110080K, 81% used [0x0000000080000000,0x000000008573f0f8,0x0000000086b80000)
 Metaspace       used 70117K, committed 71104K, reserved 1114112K
  class space    used 7402K, committed 7872K, reserved 1048576K
}
Event: 5,375 GC heap before
{Heap before GC invocations=141 (full 7):
 PSYoungGen      total 5120K, used 4780K [0x00000000d5580000, 0x00000000d5c80000, 0x0000000100000000)
  eden space 3072K, 96% used [0x00000000d5580000,0x00000000d5868260,0x00000000d5880000)
  from space 2048K, 88% used [0x00000000d5880000,0x00000000d5a42e30,0x00000000d5a80000)
  to   space 2048K, 0% used [0x00000000d5a80000,0x00000000d5a80000,0x00000000d5c80000)
 ParOldGen       total 110080K, used 89340K [0x0000000080000000, 0x0000000086b80000, 0x00000000d5580000)
  object space 110080K, 81% used [0x0000000080000000,0x000000008573f0f8,0x0000000086b80000)
 Metaspace       used 70122K, committed 71104K, reserved 1114112K
  class space    used 7402K, committed 7872K, reserved 1048576K
}
Event: 5,376 GC heap after
{Heap after GC invocations=141 (full 7):
 PSYoungGen      total 5120K, used 1969K [0x00000000d5580000, 0x00000000d5d80000, 0x0000000100000000)
  eden space 3072K, 0% used [0x00000000d5580000,0x00000000d5580000,0x00000000d5880000)
  from space 2048K, 96% used [0x00000000d5a80000,0x00000000d5c6c788,0x00000000d5c80000)
  to   space 2048K, 0% used [0x00000000d5880000,0x00000000d5880000,0x00000000d5a80000)
 ParOldGen       total 110080K, used 90997K [0x0000000080000000, 0x0000000086b80000, 0x00000000d5580000)
  object space 110080K, 82% used [0x0000000080000000,0x00000000858dd400,0x0000000086b80000)
 Metaspace       used 70122K, committed 71104K, reserved 1114112K
  class space    used 7402K, committed 7872K, reserved 1048576K
}
Event: 5,381 GC heap before
{Heap before GC invocations=142 (full 7):
 PSYoungGen      total 5120K, used 4612K [0x00000000d5580000, 0x00000000d5d80000, 0x0000000100000000)
  eden space 3072K, 86% used [0x00000000d5580000,0x00000000d5814940,0x00000000d5880000)
  from space 2048K, 96% used [0x00000000d5a80000,0x00000000d5c6c788,0x00000000d5c80000)
  to   space 2048K, 0% used [0x00000000d5880000,0x00000000d5880000,0x00000000d5a80000)
 ParOldGen       total 110080K, used 90997K [0x0000000080000000, 0x0000000086b80000, 0x00000000d5580000)
  object space 110080K, 82% used [0x0000000080000000,0x00000000858dd400,0x0000000086b80000)
 Metaspace       used 70122K, committed 71104K, reserved 1114112K
  class space    used 7402K, committed 7872K, reserved 1048576K
}
Event: 5,382 GC heap after
{Heap after GC invocations=142 (full 7):
 PSYoungGen      total 5120K, used 1186K [0x00000000d5580000, 0x00000000d5c80000, 0x0000000100000000)
  eden space 3072K, 0% used [0x00000000d5580000,0x00000000d5580000,0x00000000d5880000)
  from space 2048K, 57% used [0x00000000d5880000,0x00000000d59a8850,0x00000000d5a80000)
  to   space 1536K, 0% used [0x00000000d5b00000,0x00000000d5b00000,0x00000000d5c80000)
 ParOldGen       total 110080K, used 92758K [0x0000000080000000, 0x0000000086b80000, 0x00000000d5580000)
  object space 110080K, 84% used [0x0000000080000000,0x0000000085a958f0,0x0000000086b80000)
 Metaspace       used 70122K, committed 71104K, reserved 1114112K
  class space    used 7402K, committed 7872K, reserved 1048576K
}
Event: 5,392 GC heap before
{Heap before GC invocations=143 (full 7):
 PSYoungGen      total 5120K, used 4258K [0x00000000d5580000, 0x00000000d5c80000, 0x0000000100000000)
  eden space 3072K, 100% used [0x00000000d5580000,0x00000000d5880000,0x00000000d5880000)
  from space 2048K, 57% used [0x00000000d5880000,0x00000000d59a8850,0x00000000d5a80000)
  to   space 1536K, 0% used [0x00000000d5b00000,0x00000000d5b00000,0x00000000d5c80000)
 ParOldGen       total 110080K, used 92758K [0x0000000080000000, 0x0000000086b80000, 0x00000000d5580000)
  object space 110080K, 84% used [0x0000000080000000,0x0000000085a958f0,0x0000000086b80000)
 Metaspace       used 70128K, committed 71168K, reserved 1114112K
  class space    used 7402K, committed 7872K, reserved 1048576K
}
Event: 5,395 GC heap after
{Heap after GC invocations=143 (full 7):
 PSYoungGen      total 5632K, used 1210K [0x00000000d5580000, 0x00000000d5c80000, 0x0000000100000000)
  eden space 4096K, 0% used [0x00000000d5580000,0x00000000d5580000,0x00000000d5980000)
  from space 1536K, 78% used [0x00000000d5b00000,0x00000000d5c2e910,0x00000000d5c80000)
  to   space 1536K, 0% used [0x00000000d5980000,0x00000000d5980000,0x00000000d5b00000)
 ParOldGen       total 110080K, used 93066K [0x0000000080000000, 0x0000000086b80000, 0x00000000d5580000)
  object space 110080K, 84% used [0x0000000080000000,0x0000000085ae2b10,0x0000000086b80000)
 Metaspace       used 70128K, committed 71168K, reserved 1114112K
  class space    used 7402K, committed 7872K, reserved 1048576K
}
Event: 5,404 GC heap before
{Heap before GC invocations=144 (full 7):
 PSYoungGen      total 5632K, used 5306K [0x00000000d5580000, 0x00000000d5c80000, 0x0000000100000000)
  eden space 4096K, 100% used [0x00000000d5580000,0x00000000d5980000,0x00000000d5980000)
  from space 1536K, 78% used [0x00000000d5b00000,0x00000000d5c2e910,0x00000000d5c80000)
  to   space 1536K, 0% used [0x00000000d5980000,0x00000000d5980000,0x00000000d5b00000)
 ParOldGen       total 110080K, used 93066K [0x0000000080000000, 0x0000000086b80000, 0x00000000d5580000)
  object space 110080K, 84% used [0x0000000080000000,0x0000000085ae2b10,0x0000000086b80000)
 Metaspace       used 70130K, committed 71168K, reserved 1114112K
  class space    used 7402K, committed 7872K, reserved 1048576K
}
Event: 5,407 GC heap after
{Heap after GC invocations=144 (full 7):
 PSYoungGen      total 5632K, used 1504K [0x00000000d5580000, 0x00000000d6480000, 0x0000000100000000)
  eden space 4096K, 0% used [0x00000000d5580000,0x00000000d5580000,0x00000000d5980000)
  from space 1536K, 97% used [0x00000000d5980000,0x00000000d5af8040,0x00000000d5b00000)
  to   space 5120K, 0% used [0x00000000d5f80000,0x00000000d5f80000,0x00000000d6480000)
 ParOldGen       total 110080K, used 96111K [0x0000000080000000, 0x0000000086b80000, 0x00000000d5580000)
  object space 110080K, 87% used [0x0000000080000000,0x0000000085ddbc48,0x0000000086b80000)
 Metaspace       used 70130K, committed 71168K, reserved 1114112K
  class space    used 7402K, committed 7872K, reserved 1048576K
}
Event: 5,415 GC heap before
{Heap before GC invocations=145 (full 7):
 PSYoungGen      total 5632K, used 5600K [0x00000000d5580000, 0x00000000d6480000, 0x0000000100000000)
  eden space 4096K, 100% used [0x00000000d5580000,0x00000000d5980000,0x00000000d5980000)
  from space 1536K, 97% used [0x00000000d5980000,0x00000000d5af8040,0x00000000d5b00000)
  to   space 5120K, 0% used [0x00000000d5f80000,0x00000000d5f80000,0x00000000d6480000)
 ParOldGen       total 110080K, used 96111K [0x0000000080000000, 0x0000000086b80000, 0x00000000d5580000)
  object space 110080K, 87% used [0x0000000080000000,0x0000000085ddbc48,0x0000000086b80000)
 Metaspace       used 70130K, committed 71168K, reserved 1114112K
  class space    used 7402K, committed 7872K, reserved 1048576K
}
Event: 5,419 GC heap after
{Heap after GC invocations=145 (full 7):
 PSYoungGen      total 9728K, used 4192K [0x00000000d5580000, 0x00000000d6400000, 0x0000000100000000)
  eden space 5120K, 0% used [0x00000000d5580000,0x00000000d5580000,0x00000000d5a80000)
  from space 4608K, 90% used [0x00000000d5f80000,0x00000000d6398000,0x00000000d6400000)
  to   space 4608K, 0% used [0x00000000d5b00000,0x00000000d5b00000,0x00000000d5f80000)
 ParOldGen       total 110080K, used 97647K [0x0000000080000000, 0x0000000086b80000, 0x00000000d5580000)
  object space 110080K, 88% used [0x0000000080000000,0x0000000085f5bc88,0x0000000086b80000)
 Metaspace       used 70130K, committed 71168K, reserved 1114112K
  class space    used 7402K, committed 7872K, reserved 1048576K
}
Event: 5,440 GC heap before
{Heap before GC invocations=146 (full 7):
 PSYoungGen      total 9728K, used 9312K [0x00000000d5580000, 0x00000000d6400000, 0x0000000100000000)
  eden space 5120K, 100% used [0x00000000d5580000,0x00000000d5a80000,0x00000000d5a80000)
  from space 4608K, 90% used [0x00000000d5f80000,0x00000000d6398000,0x00000000d6400000)
  to   space 4608K, 0% used [0x00000000d5b00000,0x00000000d5b00000,0x00000000d5f80000)
 ParOldGen       total 110080K, used 97647K [0x0000000080000000, 0x0000000086b80000, 0x00000000d5580000)
  object space 110080K, 88% used [0x0000000080000000,0x0000000085f5bc88,0x0000000086b80000)
 Metaspace       used 70144K, committed 71168K, reserved 1114112K
  class space    used 7402K, committed 7872K, reserved 1048576K
}

