# JRE version: OpenJDK Runtime Environment Temurin-17.0.1+12 (17.0.1+12) (build 17.0.1+12)
# Java VM: OpenJDK 64-Bit Server VM Temurin-17.0.1+12 (17.0.1+12, mixed mode, tiered, compressed oops, compressed class ptrs, parallel gc, linux-amd64)
GC Precious Log:
 CPUs: 12 total, 12 available
 Memory: 15855M
 Large Page Support: Disabled
 NUMA Support: Disabled
 Compressed Oops: Enabled (32-bit)
 Alignments: Space 512K, Generation 512K, Heap 2M
 Heap Min Capacity: 100M
 Heap Initial Capacity: 100M
 Heap Max Capacity: 2G
 Pre-touch: Disabled
 Parallel Workers: 10
Heap:
 PSYoungGen      total 30208K, used 30185K [0x00000000d5580000, 0x00000000d8c80000, 0x0000000100000000)
  eden space 23552K, 100% used [0x00000000d5580000,0x00000000d6c80000,0x00000000d6c80000)
  from space 6656K, 99% used [0x00000000d8400000,0x00000000d8a7a590,0x00000000d8a80000)
  to   space 16384K, 99% used [0x00000000d6c80000,0x00000000d7c7be80,0x00000000d7c80000)
 ParOldGen       total 783360K, used 761034K [0x0000000080000000, 0x00000000afd00000, 0x00000000d5580000)
  object space 783360K, 97% used [0x0000000080000000,0x00000000ae732a70,0x00000000afd00000)
 Metaspace       used 74255K, committed 75328K, reserved 1122304K
  class space    used 7755K, committed 8192K, reserved 1048576K
GC Heap History (20 events):
Event: 69,762 GC heap after
{Heap after GC invocations=126 (full 8):
 PSYoungGen      total 26112K, used 10208K [0x00000000d5580000, 0x00000000d8f00000, 0x0000000100000000)
  eden space 15872K, 0% used [0x00000000d5580000,0x00000000d5580000,0x00000000d6500000)
  from space 10240K, 99% used [0x00000000d6600000,0x00000000d6ff8300,0x00000000d7000000)
  to   space 21504K, 0% used [0x00000000d7a00000,0x00000000d7a00000,0x00000000d8f00000)
 ParOldGen       total 201216K, used 132649K [0x0000000080000000, 0x000000008c480000, 0x00000000d5580000)
  object space 201216K, 65% used [0x0000000080000000,0x000000008818a570,0x000000008c480000)
 Metaspace       used 73903K, committed 74880K, reserved 1122304K
  class space    used 7741K, committed 8128K, reserved 1048576K
}
Event: 69,803 GC heap before
{Heap before GC invocations=127 (full 8):
 PSYoungGen      total 26112K, used 26080K [0x00000000d5580000, 0x00000000d8f00000, 0x0000000100000000)
  eden space 15872K, 100% used [0x00000000d5580000,0x00000000d6500000,0x00000000d6500000)
  from space 10240K, 99% used [0x00000000d6600000,0x00000000d6ff8300,0x00000000d7000000)
  to   space 21504K, 0% used [0x00000000d7a00000,0x00000000d7a00000,0x00000000d8f00000)
 ParOldGen       total 201216K, used 132649K [0x0000000080000000, 0x000000008c480000, 0x00000000d5580000)
  object space 201216K, 65% used [0x0000000080000000,0x000000008818a570,0x000000008c480000)
 Metaspace       used 73903K, committed 74880K, reserved 1122304K
  class space    used 7741K, committed 8128K, reserved 1048576K
}
Event: 69,816 GC heap after
{Heap after GC invocations=127 (full 8):
 PSYoungGen      total 37376K, used 18485K [0x00000000d5580000, 0x00000000d8c80000, 0x0000000100000000)
  eden space 18432K, 0% used [0x00000000d5580000,0x00000000d5580000,0x00000000d6780000)
  from space 18944K, 97% used [0x00000000d7a00000,0x00000000d8c0d4a0,0x00000000d8c80000)
  to   space 18944K, 0% used [0x00000000d6780000,0x00000000d6780000,0x00000000d7a00000)
 ParOldGen       total 201216K, used 133378K [0x0000000080000000, 0x000000008c480000, 0x00000000d5580000)
  object space 201216K, 66% used [0x0000000080000000,0x0000000088240860,0x000000008c480000)
 Metaspace       used 73903K, committed 74880K, reserved 1122304K
  class space    used 7741K, committed 8128K, reserved 1048576K
}
Event: 69,941 GC heap before
{Heap before GC invocations=128 (full 8):
 PSYoungGen      total 37376K, used 36917K [0x00000000d5580000, 0x00000000d8c80000, 0x0000000100000000)
  eden space 18432K, 100% used [0x00000000d5580000,0x00000000d6780000,0x00000000d6780000)
  from space 18944K, 97% used [0x00000000d7a00000,0x00000000d8c0d4a0,0x00000000d8c80000)
  to   space 18944K, 0% used [0x00000000d6780000,0x00000000d6780000,0x00000000d7a00000)
 ParOldGen       total 201216K, used 133378K [0x0000000080000000, 0x000000008c480000, 0x00000000d5580000)
  object space 201216K, 66% used [0x0000000080000000,0x0000000088240860,0x000000008c480000)
 Metaspace       used 73908K, committed 74880K, reserved 1122304K
  class space    used 7741K, committed 8128K, reserved 1048576K
}
Event: 69,951 GC heap after
{Heap after GC invocations=128 (full 8):
 PSYoungGen      total 37376K, used 18935K [0x00000000d5580000, 0x00000000d9c00000, 0x0000000100000000)
  eden space 18432K, 0% used [0x00000000d5580000,0x00000000d5580000,0x00000000d6780000)
  from space 18944K, 99% used [0x00000000d6780000,0x00000000d79fdcd8,0x00000000d7a00000)
  to   space 25600K, 0% used [0x00000000d8300000,0x00000000d8300000,0x00000000d9c00000)
 ParOldGen       total 201216K, used 138909K [0x0000000080000000, 0x000000008c480000, 0x00000000d5580000)
  object space 201216K, 69% used [0x0000000080000000,0x00000000887a7650,0x000000008c480000)
 Metaspace       used 73908K, committed 74880K, reserved 1122304K
  class space    used 7741K, committed 8128K, reserved 1048576K
}
Event: 70,022 GC heap before
{Heap before GC invocations=129 (full 8):
 PSYoungGen      total 37376K, used 37367K [0x00000000d5580000, 0x00000000d9c00000, 0x0000000100000000)
  eden space 18432K, 100% used [0x00000000d5580000,0x00000000d6780000,0x00000000d6780000)
  from space 18944K, 99% used [0x00000000d6780000,0x00000000d79fdcd8,0x00000000d7a00000)
  to   space 25600K, 0% used [0x00000000d8300000,0x00000000d8300000,0x00000000d9c00000)
 ParOldGen       total 201216K, used 138909K [0x0000000080000000, 0x000000008c480000, 0x00000000d5580000)
  object space 201216K, 69% used [0x0000000080000000,0x00000000887a7650,0x000000008c480000)
 Metaspace       used 73919K, committed 74880K, reserved 1122304K
  class space    used 7741K, committed 8128K, reserved 1048576K
}
Event: 70,026 GC heap after
{Heap after GC invocations=129 (full 8):
 PSYoungGen      total 26112K, used 4730K [0x00000000d5580000, 0x00000000d8800000, 0x0000000100000000)
  eden space 20992K, 0% used [0x00000000d5580000,0x00000000d5580000,0x00000000d6a00000)
  from space 5120K, 92% used [0x00000000d8300000,0x00000000d879e940,0x00000000d8800000)
  to   space 12288K, 0% used [0x00000000d7000000,0x00000000d7000000,0x00000000d7c00000)
 ParOldGen       total 201216K, used 149604K [0x0000000080000000, 0x000000008c480000, 0x00000000d5580000)
  object space 201216K, 74% used [0x0000000080000000,0x00000000892190b0,0x000000008c480000)
 Metaspace       used 73919K, committed 74880K, reserved 1122304K
  class space    used 7741K, committed 8128K, reserved 1048576K
}
Event: 70,631 GC heap before
{Heap before GC invocations=130 (full 8):
 PSYoungGen      total 26112K, used 25722K [0x00000000d5580000, 0x00000000d8800000, 0x0000000100000000)
  eden space 20992K, 100% used [0x00000000d5580000,0x00000000d6a00000,0x00000000d6a00000)
  from space 5120K, 92% used [0x00000000d8300000,0x00000000d879e940,0x00000000d8800000)
  to   space 12288K, 0% used [0x00000000d7000000,0x00000000d7000000,0x00000000d7c00000)
 ParOldGen       total 201216K, used 149604K [0x0000000080000000, 0x000000008c480000, 0x00000000d5580000)
  object space 201216K, 74% used [0x0000000080000000,0x00000000892190b0,0x000000008c480000)
 Metaspace       used 73973K, committed 74944K, reserved 1122304K
  class space    used 7741K, committed 8128K, reserved 1048576K
}
Event: 70,640 GC heap after
{Heap after GC invocations=130 (full 8):
 PSYoungGen      total 32768K, used 9184K [0x00000000d5580000, 0x00000000d8380000, 0x0000000100000000)
  eden space 23552K, 0% used [0x00000000d5580000,0x00000000d5580000,0x00000000d6c80000)
  from space 9216K, 99% used [0x00000000d7000000,0x00000000d78f8040,0x00000000d7900000)
  to   space 10240K, 0% used [0x00000000d7980000,0x00000000d7980000,0x00000000d8380000)
 ParOldGen       total 201216K, used 149756K [0x0000000080000000, 0x000000008c480000, 0x00000000d5580000)
  object space 201216K, 74% used [0x0000000080000000,0x000000008923f0b0,0x000000008c480000)
 Metaspace       used 73973K, committed 74944K, reserved 1122304K
  class space    used 7741K, committed 8128K, reserved 1048576K
}
Event: 71,538 GC heap before
{Heap before GC invocations=131 (full 8):
 PSYoungGen      total 32768K, used 32736K [0x00000000d5580000, 0x00000000d8380000, 0x0000000100000000)
  eden space 23552K, 100% used [0x00000000d5580000,0x00000000d6c80000,0x00000000d6c80000)
  from space 9216K, 99% used [0x00000000d7000000,0x00000000d78f8040,0x00000000d7900000)
  to   space 10240K, 0% used [0x00000000d7980000,0x00000000d7980000,0x00000000d8380000)
 ParOldGen       total 201216K, used 149756K [0x0000000080000000, 0x000000008c480000, 0x00000000d5580000)
  object space 201216K, 74% used [0x0000000080000000,0x000000008923f0b0,0x000000008c480000)
 Metaspace       used 74155K, committed 75200K, reserved 1122304K
  class space    used 7755K, committed 8192K, reserved 1048576K
}
Event: 71,539 GC heap after
{Heap after GC invocations=131 (full 8):
 PSYoungGen      total 25088K, used 1354K [0x00000000d5580000, 0x00000000d7b00000, 0x0000000100000000)
  eden space 23552K, 0% used [0x00000000d5580000,0x00000000d5580000,0x00000000d6c80000)
  from space 1536K, 88% used [0x00000000d7980000,0x00000000d7ad2910,0x00000000d7b00000)
  to   space 4608K, 0% used [0x00000000d7200000,0x00000000d7200000,0x00000000d7680000)
 ParOldGen       total 201216K, used 149756K [0x0000000080000000, 0x000000008c480000, 0x00000000d5580000)
  object space 201216K, 74% used [0x0000000080000000,0x000000008923f0b0,0x000000008c480000)
 Metaspace       used 74155K, committed 75200K, reserved 1122304K
  class space    used 7755K, committed 8192K, reserved 1048576K
}
Event: 71,590 GC heap before
{Heap before GC invocations=132 (full 8):
 PSYoungGen      total 25088K, used 24811K [0x00000000d5580000, 0x00000000d7b00000, 0x0000000100000000)
  eden space 23552K, 99% used [0x00000000d5580000,0x00000000d6c68348,0x00000000d6c80000)
  from space 1536K, 88% used [0x00000000d7980000,0x00000000d7ad2910,0x00000000d7b00000)
  to   space 4608K, 0% used [0x00000000d7200000,0x00000000d7200000,0x00000000d7680000)
 ParOldGen       total 201216K, used 149756K [0x0000000080000000, 0x000000008c480000, 0x00000000d5580000)
  object space 201216K, 74% used [0x0000000080000000,0x000000008923f0b0,0x000000008c480000)
 Metaspace       used 74167K, committed 75264K, reserved 1122304K
  class space    used 7755K, committed 8192K, reserved 1048576K
}
Event: 71,596 GC heap after
{Heap after GC invocations=132 (full 8):
 PSYoungGen      total 28160K, used 4603K [0x00000000d5580000, 0x00000000da780000, 0x0000000100000000)
  eden space 23552K, 0% used [0x00000000d5580000,0x00000000d5580000,0x00000000d6c80000)
  from space 4608K, 99% used [0x00000000d7200000,0x00000000d767ef18,0x00000000d7680000)
  to   space 30208K, 0% used [0x00000000d8a00000,0x00000000d8a00000,0x00000000da780000)
 ParOldGen       total 201216K, used 170872K [0x0000000080000000, 0x000000008c480000, 0x00000000d5580000)
  object space 201216K, 84% used [0x0000000080000000,0x000000008a6de108,0x000000008c480000)
 Metaspace       used 74167K, committed 75264K, reserved 1122304K
  class space    used 7755K, committed 8192K, reserved 1048576K
}
Event: 71,715 GC heap before
{Heap before GC invocations=133 (full 8):
 PSYoungGen      total 28160K, used 28155K [0x00000000d5580000, 0x00000000da780000, 0x0000000100000000)
  eden space 23552K, 100% used [0x00000000d5580000,0x00000000d6c80000,0x00000000d6c80000)
  from space 4608K, 99% used [0x00000000d7200000,0x00000000d767ef18,0x00000000d7680000)
  to   space 30208K, 0% used [0x00000000d8a00000,0x00000000d8a00000,0x00000000da780000)
 ParOldGen       total 201216K, used 170872K [0x0000000080000000, 0x000000008c480000, 0x00000000d5580000)
  object space 201216K, 84% used [0x0000000080000000,0x000000008a6de108,0x000000008c480000)
 Metaspace       used 74210K, committed 75264K, reserved 1122304K
  class space    used 7755K, committed 8192K, reserved 1048576K
}
Event: 71,718 GC heap after
{Heap after GC invocations=133 (full 8):
 PSYoungGen      total 31232K, used 7193K [0x00000000d5580000, 0x00000000d9180000, 0x0000000100000000)
  eden space 23552K, 0% used [0x00000000d5580000,0x00000000d5580000,0x00000000d6c80000)
  from space 7680K, 93% used [0x00000000d8a00000,0x00000000d9106450,0x00000000d9180000)
  to   space 14336K, 0% used [0x00000000d7580000,0x00000000d7580000,0x00000000d8380000)
 ParOldGen       total 201216K, used 170952K [0x0000000080000000, 0x000000008c480000, 0x00000000d5580000)
  object space 201216K, 84% used [0x0000000080000000,0x000000008a6f2108,0x000000008c480000)
 Metaspace       used 74210K, committed 75264K, reserved 1122304K
  class space    used 7755K, committed 8192K, reserved 1048576K
}
Event: 72,044 GC heap before
{Heap before GC invocations=134 (full 8):
 PSYoungGen      total 31232K, used 30745K [0x00000000d5580000, 0x00000000d9180000, 0x0000000100000000)
  eden space 23552K, 100% used [0x00000000d5580000,0x00000000d6c80000,0x00000000d6c80000)
  from space 7680K, 93% used [0x00000000d8a00000,0x00000000d9106450,0x00000000d9180000)
  to   space 14336K, 0% used [0x00000000d7580000,0x00000000d7580000,0x00000000d8380000)
 ParOldGen       total 201216K, used 170952K [0x0000000080000000, 0x000000008c480000, 0x00000000d5580000)
  object space 201216K, 84% used [0x0000000080000000,0x000000008a6f2108,0x000000008c480000)
 Metaspace       used 74232K, committed 75328K, reserved 1122304K
  class space    used 7755K, committed 8192K, reserved 1048576K
}
Event: 72,052 GC heap after
{Heap after GC invocations=134 (full 8):
 PSYoungGen      total 37888K, used 4028K [0x00000000d5580000, 0x00000000d8a80000, 0x0000000100000000)
  eden space 23552K, 0% used [0x00000000d5580000,0x00000000d5580000,0x00000000d6c80000)
  from space 14336K, 28% used [0x00000000d7580000,0x00000000d796f110,0x00000000d8380000)
  to   space 6656K, 0% used [0x00000000d8400000,0x00000000d8400000,0x00000000d8a80000)
 ParOldGen       total 201216K, used 170952K [0x0000000080000000, 0x000000008c480000, 0x00000000d5580000)
  object space 201216K, 84% used [0x0000000080000000,0x000000008a6f2108,0x000000008c480000)
 Metaspace       used 74232K, committed 75328K, reserved 1122304K
  class space    used 7755K, committed 8192K, reserved 1048576K
}
Event: 72,219 GC heap before
{Heap before GC invocations=135 (full 8):
 PSYoungGen      total 37888K, used 27580K [0x00000000d5580000, 0x00000000d8a80000, 0x0000000100000000)
  eden space 23552K, 100% used [0x00000000d5580000,0x00000000d6c80000,0x00000000d6c80000)
  from space 14336K, 28% used [0x00000000d7580000,0x00000000d796f110,0x00000000d8380000)
  to   space 6656K, 0% used [0x00000000d8400000,0x00000000d8400000,0x00000000d8a80000)
 ParOldGen       total 201216K, used 170952K [0x0000000080000000, 0x000000008c480000, 0x00000000d5580000)
  object space 201216K, 84% used [0x0000000080000000,0x000000008a6f2108,0x000000008c480000)
 Metaspace       used 74242K, committed 75328K, reserved 1122304K
  class space    used 7755K, committed 8192K, reserved 1048576K
}
Event: 72,236 GC heap after
{Heap after GC invocations=135 (full 8):
 PSYoungGen      total 30208K, used 6633K [0x00000000d5580000, 0x00000000d8c80000, 0x0000000100000000)
  eden space 23552K, 0% used [0x00000000d5580000,0x00000000d5580000,0x00000000d6c80000)
  from space 6656K, 99% used [0x00000000d8400000,0x00000000d8a7a590,0x00000000d8a80000)
  to   space 16384K, 0% used [0x00000000d6c80000,0x00000000d6c80000,0x00000000d7c80000)
 ParOldGen       total 201216K, used 178716K [0x0000000080000000, 0x000000008c480000, 0x00000000d5580000)
  object space 201216K, 88% used [0x0000000080000000,0x000000008ae87128,0x000000008c480000)
 Metaspace       used 74242K, committed 75328K, reserved 1122304K
  class space    used 7755K, committed 8192K, reserved 1048576K
}
Event: 72,332 GC heap before
{Heap before GC invocations=136 (full 8):
 PSYoungGen      total 30208K, used 30185K [0x00000000d5580000, 0x00000000d8c80000, 0x0000000100000000)
  eden space 23552K, 100% used [0x00000000d5580000,0x00000000d6c80000,0x00000000d6c80000)
  from space 6656K, 99% used [0x00000000d8400000,0x00000000d8a7a590,0x00000000d8a80000)
  to   space 16384K, 0% used [0x00000000d6c80000,0x00000000d6c80000,0x00000000d7c80000)
 ParOldGen       total 201216K, used 178716K [0x0000000080000000, 0x000000008c480000, 0x00000000d5580000)
  object space 201216K, 88% used [0x0000000080000000,0x000000008ae87128,0x000000008c480000)
 Metaspace       used 74255K, committed 75328K, reserved 1122304K
  class space    used 7755K, committed 8192K, reserved 1048576K
}

