# JRE version: OpenJDK Runtime Environment Temurin-17.0.1+12 (17.0.1+12) (build 17.0.1+12)
# Java VM: OpenJDK 64-Bit Server VM Temurin-17.0.1+12 (17.0.1+12, mixed mode, tiered, compressed oops, compressed class ptrs, parallel gc, linux-amd64)
GC Precious Log:
 CPUs: 12 total, 12 available
 Memory: 15855M
 Large Page Support: Disabled
 NUMA Support: Disabled
 Compressed Oops: Enabled (32-bit)
 Alignments: Space 512K, Generation 512K, Heap 2M
 Heap Min Capacity: 100M
 Heap Initial Capacity: 100M
 Heap Max Capacity: 2G
 Pre-touch: Disabled
 Parallel Workers: 10
Heap:
 PSYoungGen      total 27136K, used 23036K [0x00000000d5580000, 0x00000000d7900000, 0x0000000100000000)
  eden space 23040K, 99% used [0x00000000d5580000,0x00000000d6bff018,0x00000000d6c00000)
  from space 4096K, 0% used [0x00000000d7500000,0x00000000d7500000,0x00000000d7900000)
  to   space 5632K, 22% used [0x00000000d6e00000,0x00000000d6f36860,0x00000000d7380000)
 ParOldGen       total 68608K, used 24690K [0x0000000080000000, 0x0000000084300000, 0x00000000d5580000)
  object space 68608K, 35% used [0x0000000080000000,0x000000008181caa0,0x0000000084300000)
 Metaspace       used 40975K, committed 41664K, reserved 1089536K
  class space    used 4166K, committed 4480K, reserved 1048576K
GC Heap History (20 events):
Event: 0,755 GC heap after
{Heap after GC invocations=3 (full 1):
 PSYoungGen      total 29696K, used 0K [0x00000000d5580000, 0x00000000d7680000, 0x0000000100000000)
  eden space 25600K, 0% used [0x00000000d5580000,0x00000000d5580000,0x00000000d6e80000)
  from space 4096K, 0% used [0x00000000d7280000,0x00000000d7280000,0x00000000d7680000)
  to   space 4096K, 0% used [0x00000000d6e80000,0x00000000d6e80000,0x00000000d7280000)
 ParOldGen       total 68608K, used 6703K [0x0000000080000000, 0x0000000084300000, 0x00000000d5580000)
  object space 68608K, 9% used [0x0000000080000000,0x000000008068bf60,0x0000000084300000)
 Metaspace       used 21156K, committed 21504K, reserved 1073152K
  class space    used 2157K, committed 2304K, reserved 1048576K
}
Event: 1,528 GC heap before
{Heap before GC invocations=4 (full 1):
 PSYoungGen      total 29696K, used 25600K [0x00000000d5580000, 0x00000000d7680000, 0x0000000100000000)
  eden space 25600K, 100% used [0x00000000d5580000,0x00000000d6e80000,0x00000000d6e80000)
  from space 4096K, 0% used [0x00000000d7280000,0x00000000d7280000,0x00000000d7680000)
  to   space 4096K, 0% used [0x00000000d6e80000,0x00000000d6e80000,0x00000000d7280000)
 ParOldGen       total 68608K, used 6703K [0x0000000080000000, 0x0000000084300000, 0x00000000d5580000)
  object space 68608K, 9% used [0x0000000080000000,0x000000008068bf60,0x0000000084300000)
 Metaspace       used 28572K, committed 29056K, reserved 1081344K
  class space    used 2880K, committed 3072K, reserved 1048576K
}
Event: 1,528 GC heap after
{Heap after GC invocations=4 (full 1):
 PSYoungGen      total 29696K, used 1673K [0x00000000d5580000, 0x00000000d7680000, 0x0000000100000000)
  eden space 25600K, 0% used [0x00000000d5580000,0x00000000d5580000,0x00000000d6e80000)
  from space 4096K, 40% used [0x00000000d6e80000,0x00000000d7022770,0x00000000d7280000)
  to   space 4096K, 0% used [0x00000000d7280000,0x00000000d7280000,0x00000000d7680000)
 ParOldGen       total 68608K, used 6711K [0x0000000080000000, 0x0000000084300000, 0x00000000d5580000)
  object space 68608K, 9% used [0x0000000080000000,0x000000008068df60,0x0000000084300000)
 Metaspace       used 28572K, committed 29056K, reserved 1081344K
  class space    used 2880K, committed 3072K, reserved 1048576K
}
Event: 1,817 GC heap before
{Heap before GC invocations=5 (full 1):
 PSYoungGen      total 29696K, used 27273K [0x00000000d5580000, 0x00000000d7680000, 0x0000000100000000)
  eden space 25600K, 100% used [0x00000000d5580000,0x00000000d6e80000,0x00000000d6e80000)
  from space 4096K, 40% used [0x00000000d6e80000,0x00000000d7022770,0x00000000d7280000)
  to   space 4096K, 0% used [0x00000000d7280000,0x00000000d7280000,0x00000000d7680000)
 ParOldGen       total 68608K, used 6711K [0x0000000080000000, 0x0000000084300000, 0x00000000d5580000)
  object space 68608K, 9% used [0x0000000080000000,0x000000008068df60,0x0000000084300000)
 Metaspace       used 33091K, committed 33728K, reserved 1081344K
  class space    used 3390K, committed 3712K, reserved 1048576K
}
Event: 1,820 GC heap after
{Heap after GC invocations=5 (full 1):
 PSYoungGen      total 29696K, used 4076K [0x00000000d5580000, 0x00000000d7680000, 0x0000000100000000)
  eden space 25600K, 0% used [0x00000000d5580000,0x00000000d5580000,0x00000000d6e80000)
  from space 4096K, 99% used [0x00000000d7280000,0x00000000d767b018,0x00000000d7680000)
  to   space 4096K, 0% used [0x00000000d6e80000,0x00000000d6e80000,0x00000000d7280000)
 ParOldGen       total 68608K, used 6983K [0x0000000080000000, 0x0000000084300000, 0x00000000d5580000)
  object space 68608K, 10% used [0x0000000080000000,0x00000000806d1f80,0x0000000084300000)
 Metaspace       used 33091K, committed 33728K, reserved 1081344K
  class space    used 3390K, committed 3712K, reserved 1048576K
}
Event: 1,899 GC heap before
{Heap before GC invocations=6 (full 1):
 PSYoungGen      total 29696K, used 29676K [0x00000000d5580000, 0x00000000d7680000, 0x0000000100000000)
  eden space 25600K, 100% used [0x00000000d5580000,0x00000000d6e80000,0x00000000d6e80000)
  from space 4096K, 99% used [0x00000000d7280000,0x00000000d767b018,0x00000000d7680000)
  to   space 4096K, 0% used [0x00000000d6e80000,0x00000000d6e80000,0x00000000d7280000)
 ParOldGen       total 68608K, used 6983K [0x0000000080000000, 0x0000000084300000, 0x00000000d5580000)
  object space 68608K, 10% used [0x0000000080000000,0x00000000806d1f80,0x0000000084300000)
 Metaspace       used 33169K, committed 33856K, reserved 1081344K
  class space    used 3395K, committed 3712K, reserved 1048576K
}
Event: 1,905 GC heap after
{Heap after GC invocations=6 (full 1):
 PSYoungGen      total 29184K, used 4069K [0x00000000d5580000, 0x00000000d7c00000, 0x0000000100000000)
  eden space 25088K, 0% used [0x00000000d5580000,0x00000000d5580000,0x00000000d6e00000)
  from space 4096K, 99% used [0x00000000d6e80000,0x00000000d7279480,0x00000000d7280000)
  to   space 7168K, 0% used [0x00000000d7500000,0x00000000d7500000,0x00000000d7c00000)
 ParOldGen       total 68608K, used 9315K [0x0000000080000000, 0x0000000084300000, 0x00000000d5580000)
  object space 68608K, 13% used [0x0000000080000000,0x0000000080918fb0,0x0000000084300000)
 Metaspace       used 33169K, committed 33856K, reserved 1081344K
  class space    used 3395K, committed 3712K, reserved 1048576K
}
Event: 1,972 GC heap before
{Heap before GC invocations=7 (full 1):
 PSYoungGen      total 29184K, used 29157K [0x00000000d5580000, 0x00000000d7c00000, 0x0000000100000000)
  eden space 25088K, 100% used [0x00000000d5580000,0x00000000d6e00000,0x00000000d6e00000)
  from space 4096K, 99% used [0x00000000d6e80000,0x00000000d7279480,0x00000000d7280000)
  to   space 7168K, 0% used [0x00000000d7500000,0x00000000d7500000,0x00000000d7c00000)
 ParOldGen       total 68608K, used 9315K [0x0000000080000000, 0x0000000084300000, 0x00000000d5580000)
  object space 68608K, 13% used [0x0000000080000000,0x0000000080918fb0,0x0000000084300000)
 Metaspace       used 33256K, committed 33920K, reserved 1081344K
  class space    used 3398K, committed 3712K, reserved 1048576K
}
Event: 1,976 GC heap after
{Heap after GC invocations=7 (full 1):
 PSYoungGen      total 31232K, used 6516K [0x00000000d5580000, 0x00000000d7b80000, 0x0000000100000000)
  eden space 24576K, 0% used [0x00000000d5580000,0x00000000d5580000,0x00000000d6d80000)
  from space 6656K, 97% used [0x00000000d7500000,0x00000000d7b5d1e8,0x00000000d7b80000)
  to   space 6656K, 0% used [0x00000000d6e80000,0x00000000d6e80000,0x00000000d7500000)
 ParOldGen       total 68608K, used 9323K [0x0000000080000000, 0x0000000084300000, 0x00000000d5580000)
  object space 68608K, 13% used [0x0000000080000000,0x000000008091afb0,0x0000000084300000)
 Metaspace       used 33256K, committed 33920K, reserved 1081344K
  class space    used 3398K, committed 3712K, reserved 1048576K
}
Event: 2,030 GC heap before
{Heap before GC invocations=8 (full 1):
 PSYoungGen      total 31232K, used 31092K [0x00000000d5580000, 0x00000000d7b80000, 0x0000000100000000)
  eden space 24576K, 100% used [0x00000000d5580000,0x00000000d6d80000,0x00000000d6d80000)
  from space 6656K, 97% used [0x00000000d7500000,0x00000000d7b5d1e8,0x00000000d7b80000)
  to   space 6656K, 0% used [0x00000000d6e80000,0x00000000d6e80000,0x00000000d7500000)
 ParOldGen       total 68608K, used 9323K [0x0000000080000000, 0x0000000084300000, 0x00000000d5580000)
  object space 68608K, 13% used [0x0000000080000000,0x000000008091afb0,0x0000000084300000)
 Metaspace       used 33303K, committed 33920K, reserved 1081344K
  class space    used 3410K, committed 3712K, reserved 1048576K
}
Event: 2,036 GC heap after
{Heap after GC invocations=8 (full 1):
 PSYoungGen      total 30720K, used 6645K [0x00000000d5580000, 0x00000000d8100000, 0x0000000100000000)
  eden space 24064K, 0% used [0x00000000d5580000,0x00000000d5580000,0x00000000d6d00000)
  from space 6656K, 99% used [0x00000000d6e80000,0x00000000d74fd7d8,0x00000000d7500000)
  to   space 10240K, 0% used [0x00000000d7700000,0x00000000d7700000,0x00000000d8100000)
 ParOldGen       total 68608K, used 12327K [0x0000000080000000, 0x0000000084300000, 0x00000000d5580000)
  object space 68608K, 17% used [0x0000000080000000,0x0000000080c09cc8,0x0000000084300000)
 Metaspace       used 33303K, committed 33920K, reserved 1081344K
  class space    used 3410K, committed 3712K, reserved 1048576K
}
Event: 2,080 GC heap before
{Heap before GC invocations=9 (full 1):
 PSYoungGen      total 30720K, used 30709K [0x00000000d5580000, 0x00000000d8100000, 0x0000000100000000)
  eden space 24064K, 100% used [0x00000000d5580000,0x00000000d6d00000,0x00000000d6d00000)
  from space 6656K, 99% used [0x00000000d6e80000,0x00000000d74fd7d8,0x00000000d7500000)
  to   space 10240K, 0% used [0x00000000d7700000,0x00000000d7700000,0x00000000d8100000)
 ParOldGen       total 68608K, used 12327K [0x0000000080000000, 0x0000000084300000, 0x00000000d5580000)
  object space 68608K, 17% used [0x0000000080000000,0x0000000080c09cc8,0x0000000084300000)
 Metaspace       used 33303K, committed 33920K, reserved 1081344K
  class space    used 3410K, committed 3712K, reserved 1048576K
}
Event: 2,085 GC heap after
{Heap after GC invocations=9 (full 1):
 PSYoungGen      total 31232K, used 7424K [0x00000000d5580000, 0x00000000d7e80000, 0x0000000100000000)
  eden space 23552K, 0% used [0x00000000d5580000,0x00000000d5580000,0x00000000d6c80000)
  from space 7680K, 96% used [0x00000000d7700000,0x00000000d7e40010,0x00000000d7e80000)
  to   space 8704K, 0% used [0x00000000d6d80000,0x00000000d6d80000,0x00000000d7600000)
 ParOldGen       total 68608K, used 14274K [0x0000000080000000, 0x0000000084300000, 0x00000000d5580000)
  object space 68608K, 20% used [0x0000000080000000,0x0000000080df09a8,0x0000000084300000)
 Metaspace       used 33303K, committed 33920K, reserved 1081344K
  class space    used 3410K, committed 3712K, reserved 1048576K
}
Event: 2,135 GC heap before
{Heap before GC invocations=10 (full 1):
 PSYoungGen      total 31232K, used 30976K [0x00000000d5580000, 0x00000000d7e80000, 0x0000000100000000)
  eden space 23552K, 100% used [0x00000000d5580000,0x00000000d6c80000,0x00000000d6c80000)
  from space 7680K, 96% used [0x00000000d7700000,0x00000000d7e40010,0x00000000d7e80000)
  to   space 8704K, 0% used [0x00000000d6d80000,0x00000000d6d80000,0x00000000d7600000)
 ParOldGen       total 68608K, used 14274K [0x0000000080000000, 0x0000000084300000, 0x00000000d5580000)
  object space 68608K, 20% used [0x0000000080000000,0x0000000080df09a8,0x0000000084300000)
 Metaspace       used 33353K, committed 33984K, reserved 1081344K
  class space    used 3413K, committed 3712K, reserved 1048576K
}
Event: 2,140 GC heap after
{Heap after GC invocations=10 (full 1):
 PSYoungGen      total 30720K, used 7168K [0x00000000d5580000, 0x00000000d7b00000, 0x0000000100000000)
  eden space 23040K, 0% used [0x00000000d5580000,0x00000000d5580000,0x00000000d6c00000)
  from space 7680K, 93% used [0x00000000d6d80000,0x00000000d7480010,0x00000000d7500000)
  to   space 6144K, 0% used [0x00000000d7500000,0x00000000d7500000,0x00000000d7b00000)
 ParOldGen       total 68608K, used 17321K [0x0000000080000000, 0x0000000084300000, 0x00000000d5580000)
  object space 68608K, 25% used [0x0000000080000000,0x00000000810ea500,0x0000000084300000)
 Metaspace       used 33353K, committed 33984K, reserved 1081344K
  class space    used 3413K, committed 3712K, reserved 1048576K
}
Event: 2,230 GC heap before
{Heap before GC invocations=11 (full 1):
 PSYoungGen      total 30720K, used 14206K [0x00000000d5580000, 0x00000000d7b00000, 0x0000000100000000)
  eden space 23040K, 30% used [0x00000000d5580000,0x00000000d5c5f9b0,0x00000000d6c00000)
  from space 7680K, 93% used [0x00000000d6d80000,0x00000000d7480010,0x00000000d7500000)
  to   space 6144K, 0% used [0x00000000d7500000,0x00000000d7500000,0x00000000d7b00000)
 ParOldGen       total 68608K, used 17321K [0x0000000080000000, 0x0000000084300000, 0x00000000d5580000)
  object space 68608K, 25% used [0x0000000080000000,0x00000000810ea500,0x0000000084300000)
 Metaspace       used 35230K, committed 35840K, reserved 1089536K
  class space    used 3654K, committed 3968K, reserved 1048576K
}
Event: 2,233 GC heap after
{Heap after GC invocations=11 (full 1):
 PSYoungGen      total 27136K, used 3963K [0x00000000d5580000, 0x00000000d7900000, 0x0000000100000000)
  eden space 23040K, 0% used [0x00000000d5580000,0x00000000d5580000,0x00000000d6c00000)
  from space 4096K, 96% used [0x00000000d7500000,0x00000000d78def70,0x00000000d7900000)
  to   space 5632K, 0% used [0x00000000d6e00000,0x00000000d6e00000,0x00000000d7380000)
 ParOldGen       total 68608K, used 21667K [0x0000000080000000, 0x0000000084300000, 0x00000000d5580000)
  object space 68608K, 31% used [0x0000000080000000,0x0000000081528c28,0x0000000084300000)
 Metaspace       used 35230K, committed 35840K, reserved 1089536K
  class space    used 3654K, committed 3968K, reserved 1048576K
}
Event: 2,233 GC heap before
{Heap before GC invocations=12 (full 2):
 PSYoungGen      total 27136K, used 3963K [0x00000000d5580000, 0x00000000d7900000, 0x0000000100000000)
  eden space 23040K, 0% used [0x00000000d5580000,0x00000000d5580000,0x00000000d6c00000)
  from space 4096K, 96% used [0x00000000d7500000,0x00000000d78def70,0x00000000d7900000)
  to   space 5632K, 0% used [0x00000000d6e00000,0x00000000d6e00000,0x00000000d7380000)
 ParOldGen       total 68608K, used 21667K [0x0000000080000000, 0x0000000084300000, 0x00000000d5580000)
  object space 68608K, 31% used [0x0000000080000000,0x0000000081528c28,0x0000000084300000)
 Metaspace       used 35230K, committed 35840K, reserved 1089536K
  class space    used 3654K, committed 3968K, reserved 1048576K
}
Event: 2,258 GC heap after
{Heap after GC invocations=12 (full 2):
 PSYoungGen      total 27136K, used 0K [0x00000000d5580000, 0x00000000d7900000, 0x0000000100000000)
  eden space 23040K, 0% used [0x00000000d5580000,0x00000000d5580000,0x00000000d6c00000)
  from space 4096K, 0% used [0x00000000d7500000,0x00000000d7500000,0x00000000d7900000)
  to   space 5632K, 0% used [0x00000000d6e00000,0x00000000d6e00000,0x00000000d7380000)
 ParOldGen       total 68608K, used 24682K [0x0000000080000000, 0x0000000084300000, 0x00000000d5580000)
  object space 68608K, 35% used [0x0000000080000000,0x000000008181aaa0,0x0000000084300000)
 Metaspace       used 35230K, committed 35840K, reserved 1089536K
  class space    used 3654K, committed 3968K, reserved 1048576K
}
Event: 3,208 GC heap before
{Heap before GC invocations=13 (full 2):
 PSYoungGen      total 27136K, used 23036K [0x00000000d5580000, 0x00000000d7900000, 0x0000000100000000)
  eden space 23040K, 99% used [0x00000000d5580000,0x00000000d6bff018,0x00000000d6c00000)
  from space 4096K, 0% used [0x00000000d7500000,0x00000000d7500000,0x00000000d7900000)
  to   space 5632K, 0% used [0x00000000d6e00000,0x00000000d6e00000,0x00000000d7380000)
 ParOldGen       total 68608K, used 24682K [0x0000000080000000, 0x0000000084300000, 0x00000000d5580000)
  object space 68608K, 35% used [0x0000000080000000,0x000000008181aaa0,0x0000000084300000)
 Metaspace       used 40975K, committed 41664K, reserved 1089536K
  class space    used 4166K, committed 4480K, reserved 1048576K
}

