# JRE version: OpenJDK Runtime Environment Temurin-17.0.1+12 (17.0.1+12) (build 17.0.1+12)
# Java VM: OpenJDK 64-Bit Server VM Temurin-17.0.1+12 (17.0.1+12, mixed mode, tiered, compressed oops, compressed class ptrs, parallel gc, linux-amd64)
GC Precious Log:
 CPUs: 12 total, 12 available
 Memory: 15855M
 Large Page Support: Disabled
 NUMA Support: Disabled
 Compressed Oops: Enabled (32-bit)
 Alignments: Space 512K, Generation 512K, Heap 2M
 Heap Min Capacity: 100M
 Heap Initial Capacity: 100M
 Heap Max Capacity: 1G
 Pre-touch: Disabled
 Parallel Workers: 10
Heap:
 PSYoungGen      total 23552K, used 23547K [0x00000000eab00000, 0x00000000ece80000, 0x0000000100000000)
  eden space 22016K, 100% used [0x00000000eab00000,0x00000000ec080000,0x00000000ec080000)
  from space 1536K, 99% used [0x00000000ec180000,0x00000000ec2fef40,0x00000000ec300000)
  to   space 7168K, 0% used [0x00000000ec780000,0x00000000ec780000,0x00000000ece80000)
 ParOldGen       total 79872K, used 76759K [0x00000000c0000000, 0x00000000c4e00000, 0x00000000eab00000)
  object space 79872K, 96% used [0x00000000c0000000,0x00000000c4af5dd0,0x00000000c4e00000)
 Metaspace       used 58115K, committed 59008K, reserved 1105920K
  class space    used 6475K, committed 6912K, reserved 1048576K
GC Heap History (20 events):
Event: 2,164 GC heap after
{Heap after GC invocations=10 (full 2):
 PSYoungGen      total 30720K, used 6453K [0x00000000eab00000, 0x00000000ed000000, 0x0000000100000000)
  eden space 24064K, 0% used [0x00000000eab00000,0x00000000eab00000,0x00000000ec280000)
  from space 6656K, 96% used [0x00000000ec980000,0x00000000ecfcd688,0x00000000ed000000)
  to   space 6656K, 0% used [0x00000000ec300000,0x00000000ec300000,0x00000000ec980000)
 ParOldGen       total 68608K, used 14042K [0x00000000c0000000, 0x00000000c4300000, 0x00000000eab00000)
  object space 68608K, 20% used [0x00000000c0000000,0x00000000c0db6ad0,0x00000000c4300000)
 Metaspace       used 41836K, committed 42560K, reserved 1089536K
  class space    used 4572K, committed 4928K, reserved 1048576K
}
Event: 2,203 GC heap before
{Heap before GC invocations=11 (full 2):
 PSYoungGen      total 30720K, used 30517K [0x00000000eab00000, 0x00000000ed000000, 0x0000000100000000)
  eden space 24064K, 100% used [0x00000000eab00000,0x00000000ec280000,0x00000000ec280000)
  from space 6656K, 96% used [0x00000000ec980000,0x00000000ecfcd688,0x00000000ed000000)
  to   space 6656K, 0% used [0x00000000ec300000,0x00000000ec300000,0x00000000ec980000)
 ParOldGen       total 68608K, used 14042K [0x00000000c0000000, 0x00000000c4300000, 0x00000000eab00000)
  object space 68608K, 20% used [0x00000000c0000000,0x00000000c0db6ad0,0x00000000c4300000)
 Metaspace       used 41958K, committed 42688K, reserved 1089536K
  class space    used 4585K, committed 4928K, reserved 1048576K
}
Event: 2,206 GC heap after
{Heap after GC invocations=11 (full 2):
 PSYoungGen      total 30208K, used 6482K [0x00000000eab00000, 0x00000000ecf00000, 0x0000000100000000)
  eden space 23552K, 0% used [0x00000000eab00000,0x00000000eab00000,0x00000000ec200000)
  from space 6656K, 97% used [0x00000000ec300000,0x00000000ec954b48,0x00000000ec980000)
  to   space 5632K, 0% used [0x00000000ec980000,0x00000000ec980000,0x00000000ecf00000)
 ParOldGen       total 68608K, used 16638K [0x00000000c0000000, 0x00000000c4300000, 0x00000000eab00000)
  object space 68608K, 24% used [0x00000000c0000000,0x00000000c103fba0,0x00000000c4300000)
 Metaspace       used 41958K, committed 42688K, reserved 1089536K
  class space    used 4585K, committed 4928K, reserved 1048576K
}
Event: 2,230 GC heap before
{Heap before GC invocations=12 (full 2):
 PSYoungGen      total 30208K, used 30034K [0x00000000eab00000, 0x00000000ecf00000, 0x0000000100000000)
  eden space 23552K, 100% used [0x00000000eab00000,0x00000000ec200000,0x00000000ec200000)
  from space 6656K, 97% used [0x00000000ec300000,0x00000000ec954b48,0x00000000ec980000)
  to   space 5632K, 0% used [0x00000000ec980000,0x00000000ec980000,0x00000000ecf00000)
 ParOldGen       total 68608K, used 16638K [0x00000000c0000000, 0x00000000c4300000, 0x00000000eab00000)
  object space 68608K, 24% used [0x00000000c0000000,0x00000000c103fba0,0x00000000c4300000)
 Metaspace       used 41958K, committed 42688K, reserved 1089536K
  class space    used 4585K, committed 4928K, reserved 1048576K
}
Event: 2,233 GC heap after
{Heap after GC invocations=12 (full 2):
 PSYoungGen      total 28672K, used 5408K [0x00000000eab00000, 0x00000000ecf00000, 0x0000000100000000)
  eden space 23040K, 0% used [0x00000000eab00000,0x00000000eab00000,0x00000000ec180000)
  from space 5632K, 96% used [0x00000000ec980000,0x00000000ecec8020,0x00000000ecf00000)
  to   space 6144K, 0% used [0x00000000ec300000,0x00000000ec300000,0x00000000ec900000)
 ParOldGen       total 68608K, used 20309K [0x00000000c0000000, 0x00000000c4300000, 0x00000000eab00000)
  object space 68608K, 29% used [0x00000000c0000000,0x00000000c13d5708,0x00000000c4300000)
 Metaspace       used 41958K, committed 42688K, reserved 1089536K
  class space    used 4585K, committed 4928K, reserved 1048576K
}
Event: 2,256 GC heap before
{Heap before GC invocations=13 (full 2):
 PSYoungGen      total 28672K, used 28448K [0x00000000eab00000, 0x00000000ecf00000, 0x0000000100000000)
  eden space 23040K, 100% used [0x00000000eab00000,0x00000000ec180000,0x00000000ec180000)
  from space 5632K, 96% used [0x00000000ec980000,0x00000000ecec8020,0x00000000ecf00000)
  to   space 6144K, 0% used [0x00000000ec300000,0x00000000ec300000,0x00000000ec900000)
 ParOldGen       total 68608K, used 20309K [0x00000000c0000000, 0x00000000c4300000, 0x00000000eab00000)
  object space 68608K, 29% used [0x00000000c0000000,0x00000000c13d5708,0x00000000c4300000)
 Metaspace       used 41958K, committed 42688K, reserved 1089536K
  class space    used 4585K, committed 4928K, reserved 1048576K
}
Event: 2,259 GC heap after
{Heap after GC invocations=13 (full 2):
 PSYoungGen      total 25088K, used 2400K [0x00000000eab00000, 0x00000000eca00000, 0x0000000100000000)
  eden space 22528K, 0% used [0x00000000eab00000,0x00000000eab00000,0x00000000ec100000)
  from space 2560K, 93% used [0x00000000ec300000,0x00000000ec558000,0x00000000ec580000)
  to   space 3584K, 0% used [0x00000000ec680000,0x00000000ec680000,0x00000000eca00000)
 ParOldGen       total 68608K, used 25538K [0x00000000c0000000, 0x00000000c4300000, 0x00000000eab00000)
  object space 68608K, 37% used [0x00000000c0000000,0x00000000c18f0ae8,0x00000000c4300000)
 Metaspace       used 41958K, committed 42688K, reserved 1089536K
  class space    used 4585K, committed 4928K, reserved 1048576K
}
Event: 2,403 GC heap before
{Heap before GC invocations=14 (full 2):
 PSYoungGen      total 25088K, used 24928K [0x00000000eab00000, 0x00000000eca00000, 0x0000000100000000)
  eden space 22528K, 100% used [0x00000000eab00000,0x00000000ec100000,0x00000000ec100000)
  from space 2560K, 93% used [0x00000000ec300000,0x00000000ec558000,0x00000000ec580000)
  to   space 3584K, 0% used [0x00000000ec680000,0x00000000ec680000,0x00000000eca00000)
 ParOldGen       total 68608K, used 25538K [0x00000000c0000000, 0x00000000c4300000, 0x00000000eab00000)
  object space 68608K, 37% used [0x00000000c0000000,0x00000000c18f0ae8,0x00000000c4300000)
 Metaspace       used 44307K, committed 44992K, reserved 1089536K
  class space    used 4896K, committed 5184K, reserved 1048576K
}
Event: 2,406 GC heap after
{Heap after GC invocations=14 (full 2):
 PSYoungGen      total 25088K, used 2668K [0x00000000eab00000, 0x00000000ec980000, 0x0000000100000000)
  eden space 22016K, 0% used [0x00000000eab00000,0x00000000eab00000,0x00000000ec080000)
  from space 3072K, 86% used [0x00000000ec680000,0x00000000ec91b240,0x00000000ec980000)
  to   space 3072K, 0% used [0x00000000ec380000,0x00000000ec380000,0x00000000ec680000)
 ParOldGen       total 68608K, used 27840K [0x00000000c0000000, 0x00000000c4300000, 0x00000000eab00000)
  object space 68608K, 40% used [0x00000000c0000000,0x00000000c1b30368,0x00000000c4300000)
 Metaspace       used 44307K, committed 44992K, reserved 1089536K
  class space    used 4896K, committed 5184K, reserved 1048576K
}
Event: 2,658 GC heap before
{Heap before GC invocations=15 (full 2):
 PSYoungGen      total 25088K, used 24684K [0x00000000eab00000, 0x00000000ec980000, 0x0000000100000000)
  eden space 22016K, 100% used [0x00000000eab00000,0x00000000ec080000,0x00000000ec080000)
  from space 3072K, 86% used [0x00000000ec680000,0x00000000ec91b240,0x00000000ec980000)
  to   space 3072K, 0% used [0x00000000ec380000,0x00000000ec380000,0x00000000ec680000)
 ParOldGen       total 68608K, used 27840K [0x00000000c0000000, 0x00000000c4300000, 0x00000000eab00000)
  object space 68608K, 40% used [0x00000000c0000000,0x00000000c1b30368,0x00000000c4300000)
 Metaspace       used 48479K, committed 49152K, reserved 1097728K
  class space    used 5467K, committed 5760K, reserved 1048576K
}
Event: 2,660 GC heap after
{Heap after GC invocations=15 (full 2):
 PSYoungGen      total 24064K, used 1632K [0x00000000eab00000, 0x00000000ec700000, 0x0000000100000000)
  eden space 22016K, 0% used [0x00000000eab00000,0x00000000eab00000,0x00000000ec080000)
  from space 2048K, 79% used [0x00000000ec380000,0x00000000ec518000,0x00000000ec580000)
  to   space 1536K, 0% used [0x00000000ec580000,0x00000000ec580000,0x00000000ec700000)
 ParOldGen       total 68608K, used 30192K [0x00000000c0000000, 0x00000000c4300000, 0x00000000eab00000)
  object space 68608K, 44% used [0x00000000c0000000,0x00000000c1d7c368,0x00000000c4300000)
 Metaspace       used 48479K, committed 49152K, reserved 1097728K
  class space    used 5467K, committed 5760K, reserved 1048576K
}
Event: 2,785 GC heap before
{Heap before GC invocations=16 (full 2):
 PSYoungGen      total 24064K, used 23648K [0x00000000eab00000, 0x00000000ec700000, 0x0000000100000000)
  eden space 22016K, 100% used [0x00000000eab00000,0x00000000ec080000,0x00000000ec080000)
  from space 2048K, 79% used [0x00000000ec380000,0x00000000ec518000,0x00000000ec580000)
  to   space 1536K, 0% used [0x00000000ec580000,0x00000000ec580000,0x00000000ec700000)
 ParOldGen       total 68608K, used 30192K [0x00000000c0000000, 0x00000000c4300000, 0x00000000eab00000)
  object space 68608K, 44% used [0x00000000c0000000,0x00000000c1d7c368,0x00000000c4300000)
 Metaspace       used 50784K, committed 51520K, reserved 1097728K
  class space    used 5702K, committed 6016K, reserved 1048576K
}
Event: 2,786 GC heap after
{Heap after GC invocations=16 (full 2):
 PSYoungGen      total 23552K, used 1521K [0x00000000eab00000, 0x00000000ec780000, 0x0000000100000000)
  eden space 22016K, 0% used [0x00000000eab00000,0x00000000eab00000,0x00000000ec080000)
  from space 1536K, 99% used [0x00000000ec580000,0x00000000ec6fc740,0x00000000ec700000)
  to   space 3584K, 0% used [0x00000000ec080000,0x00000000ec080000,0x00000000ec400000)
 ParOldGen       total 68608K, used 31876K [0x00000000c0000000, 0x00000000c4300000, 0x00000000eab00000)
  object space 68608K, 46% used [0x00000000c0000000,0x00000000c1f21078,0x00000000c4300000)
 Metaspace       used 50784K, committed 51520K, reserved 1097728K
  class space    used 5702K, committed 6016K, reserved 1048576K
}
Event: 2,948 GC heap before
{Heap before GC invocations=17 (full 2):
 PSYoungGen      total 23552K, used 23537K [0x00000000eab00000, 0x00000000ec780000, 0x0000000100000000)
  eden space 22016K, 100% used [0x00000000eab00000,0x00000000ec080000,0x00000000ec080000)
  from space 1536K, 99% used [0x00000000ec580000,0x00000000ec6fc740,0x00000000ec700000)
  to   space 3584K, 0% used [0x00000000ec080000,0x00000000ec080000,0x00000000ec400000)
 ParOldGen       total 68608K, used 31876K [0x00000000c0000000, 0x00000000c4300000, 0x00000000eab00000)
  object space 68608K, 46% used [0x00000000c0000000,0x00000000c1f21078,0x00000000c4300000)
 Metaspace       used 52083K, committed 52864K, reserved 1097728K
  class space    used 5827K, committed 6208K, reserved 1048576K
}
Event: 2,949 GC heap after
{Heap after GC invocations=17 (full 2):
 PSYoungGen      total 24064K, used 1808K [0x00000000eab00000, 0x00000000ec600000, 0x0000000100000000)
  eden space 22016K, 0% used [0x00000000eab00000,0x00000000eab00000,0x00000000ec080000)
  from space 2048K, 88% used [0x00000000ec080000,0x00000000ec2443c0,0x00000000ec280000)
  to   space 2560K, 0% used [0x00000000ec380000,0x00000000ec380000,0x00000000ec600000)
 ParOldGen       total 68608K, used 33409K [0x00000000c0000000, 0x00000000c4300000, 0x00000000eab00000)
  object space 68608K, 48% used [0x00000000c0000000,0x00000000c20a0628,0x00000000c4300000)
 Metaspace       used 52083K, committed 52864K, reserved 1097728K
  class space    used 5827K, committed 6208K, reserved 1048576K
}
Event: 2,986 GC heap before
{Heap before GC invocations=18 (full 2):
 PSYoungGen      total 24064K, used 23824K [0x00000000eab00000, 0x00000000ec600000, 0x0000000100000000)
  eden space 22016K, 100% used [0x00000000eab00000,0x00000000ec080000,0x00000000ec080000)
  from space 2048K, 88% used [0x00000000ec080000,0x00000000ec2443c0,0x00000000ec280000)
  to   space 2560K, 0% used [0x00000000ec380000,0x00000000ec380000,0x00000000ec600000)
 ParOldGen       total 68608K, used 33409K [0x00000000c0000000, 0x00000000c4300000, 0x00000000eab00000)
  object space 68608K, 48% used [0x00000000c0000000,0x00000000c20a0628,0x00000000c4300000)
 Metaspace       used 52185K, committed 52992K, reserved 1097728K
  class space    used 5833K, committed 6208K, reserved 1048576K
}
Event: 2,987 GC heap after
{Heap after GC invocations=18 (full 2):
 PSYoungGen      total 23040K, used 960K [0x00000000eab00000, 0x00000000ec480000, 0x0000000100000000)
  eden space 22016K, 0% used [0x00000000eab00000,0x00000000eab00000,0x00000000ec080000)
  from space 1024K, 93% used [0x00000000ec380000,0x00000000ec470000,0x00000000ec480000)
  to   space 1536K, 0% used [0x00000000ec180000,0x00000000ec180000,0x00000000ec300000)
 ParOldGen       total 68608K, used 35081K [0x00000000c0000000, 0x00000000c4300000, 0x00000000eab00000)
  object space 68608K, 51% used [0x00000000c0000000,0x00000000c22426e0,0x00000000c4300000)
 Metaspace       used 52185K, committed 52992K, reserved 1097728K
  class space    used 5833K, committed 6208K, reserved 1048576K
}
Event: 3,163 GC heap before
{Heap before GC invocations=19 (full 2):
 PSYoungGen      total 23040K, used 22974K [0x00000000eab00000, 0x00000000ec480000, 0x0000000100000000)
  eden space 22016K, 99% used [0x00000000eab00000,0x00000000ec07fbe0,0x00000000ec080000)
  from space 1024K, 93% used [0x00000000ec380000,0x00000000ec470000,0x00000000ec480000)
  to   space 1536K, 0% used [0x00000000ec180000,0x00000000ec180000,0x00000000ec300000)
 ParOldGen       total 68608K, used 35081K [0x00000000c0000000, 0x00000000c4300000, 0x00000000eab00000)
  object space 68608K, 51% used [0x00000000c0000000,0x00000000c22426e0,0x00000000c4300000)
 Metaspace       used 57307K, committed 58112K, reserved 1105920K
  class space    used 6401K, committed 6784K, reserved 1048576K
}
Event: 3,165 GC heap after
{Heap after GC invocations=19 (full 2):
 PSYoungGen      total 23552K, used 1531K [0x00000000eab00000, 0x00000000ece80000, 0x0000000100000000)
  eden space 22016K, 0% used [0x00000000eab00000,0x00000000eab00000,0x00000000ec080000)
  from space 1536K, 99% used [0x00000000ec180000,0x00000000ec2fef40,0x00000000ec300000)
  to   space 7168K, 0% used [0x00000000ec780000,0x00000000ec780000,0x00000000ece80000)
 ParOldGen       total 68608K, used 39420K [0x00000000c0000000, 0x00000000c4300000, 0x00000000eab00000)
  object space 68608K, 57% used [0x00000000c0000000,0x00000000c267f280,0x00000000c4300000)
 Metaspace       used 57307K, committed 58112K, reserved 1105920K
  class space    used 6401K, committed 6784K, reserved 1048576K
}
Event: 3,228 GC heap before
{Heap before GC invocations=20 (full 3):
 PSYoungGen      total 23552K, used 23547K [0x00000000eab00000, 0x00000000ece80000, 0x0000000100000000)
  eden space 22016K, 100% used [0x00000000eab00000,0x00000000ec080000,0x00000000ec080000)
  from space 1536K, 99% used [0x00000000ec180000,0x00000000ec2fef40,0x00000000ec300000)
  to   space 7168K, 0% used [0x00000000ec780000,0x00000000ec780000,0x00000000ece80000)
 ParOldGen       total 79872K, used 76759K [0x00000000c0000000, 0x00000000c4e00000, 0x00000000eab00000)
  object space 79872K, 96% used [0x00000000c0000000,0x00000000c4af5dd0,0x00000000c4e00000)
 Metaspace       used 58115K, committed 59008K, reserved 1105920K
  class space    used 6475K, committed 6912K, reserved 1048576K
}

