# JRE version: OpenJDK Runtime Environment Temurin-17.0.1+12 (17.0.1+12) (build 17.0.1+12)
# Java VM: OpenJDK 64-Bit Server VM Temurin-17.0.1+12 (17.0.1+12, mixed mode, tiered, compressed oops, compressed class ptrs, parallel gc, linux-amd64)
GC Precious Log:
 CPUs: 12 total, 12 available
 Memory: 15855M
 Large Page Support: Disabled
 NUMA Support: Disabled
 Compressed Oops: Enabled (32-bit)
 Alignments: Space 512K, Generation 512K, Heap 2M
 Heap Min Capacity: 100M
 Heap Initial Capacity: 100M
 Heap Max Capacity: 1G
 Pre-touch: Disabled
 Parallel Workers: 10
Heap:
 PSYoungGen      total 24576K, used 13375K [0x00000000eab00000, 0x00000000ecc00000, 0x0000000100000000)
  eden space 22016K, 49% used [0x00000000eab00000,0x00000000eb5a2f90,0x00000000ec080000)
  from space 2560K, 97% used [0x00000000ec300000,0x00000000ec56cf78,0x00000000ec580000)
  to   space 3584K, 0% used [0x00000000ec880000,0x00000000ec880000,0x00000000ecc00000)
 ParOldGen       total 68608K, used 38360K [0x00000000c0000000, 0x00000000c4300000, 0x00000000eab00000)
  object space 68608K, 55% used [0x00000000c0000000,0x00000000c2576220,0x00000000c4300000)
 Metaspace       used 49898K, committed 50624K, reserved 1097728K
  class space    used 5144K, committed 5504K, reserved 1048576K
GC Heap History (20 events):
Event: 2,199 GC heap before
{Heap before GC invocations=8 (full 1):
 PSYoungGen      total 31232K, used 30825K [0x00000000eab00000, 0x00000000ed080000, 0x0000000100000000)
  eden space 24576K, 100% used [0x00000000eab00000,0x00000000ec300000,0x00000000ec300000)
  from space 6656K, 93% used [0x00000000eca00000,0x00000000ed01a678,0x00000000ed080000)
  to   space 6656K, 0% used [0x00000000ec380000,0x00000000ec380000,0x00000000eca00000)
 ParOldGen       total 68608K, used 8638K [0x00000000c0000000, 0x00000000c4300000, 0x00000000eab00000)
  object space 68608K, 12% used [0x00000000c0000000,0x00000000c086fb28,0x00000000c4300000)
 Metaspace       used 32796K, committed 33408K, reserved 1081344K
  class space    used 3353K, committed 3648K, reserved 1048576K
}
Event: 2,202 GC heap after
{Heap after GC invocations=8 (full 1):
 PSYoungGen      total 30720K, used 6636K [0x00000000eab00000, 0x00000000ed480000, 0x0000000100000000)
  eden space 24064K, 0% used [0x00000000eab00000,0x00000000eab00000,0x00000000ec280000)
  from space 6656K, 99% used [0x00000000ec380000,0x00000000ec9fb370,0x00000000eca00000)
  to   space 9216K, 0% used [0x00000000ecb80000,0x00000000ecb80000,0x00000000ed480000)
 ParOldGen       total 68608K, used 10546K [0x00000000c0000000, 0x00000000c4300000, 0x00000000eab00000)
  object space 68608K, 15% used [0x00000000c0000000,0x00000000c0a4ca10,0x00000000c4300000)
 Metaspace       used 32796K, committed 33408K, reserved 1081344K
  class space    used 3353K, committed 3648K, reserved 1048576K
}
Event: 2,241 GC heap before
{Heap before GC invocations=9 (full 1):
 PSYoungGen      total 30720K, used 30700K [0x00000000eab00000, 0x00000000ed480000, 0x0000000100000000)
  eden space 24064K, 100% used [0x00000000eab00000,0x00000000ec280000,0x00000000ec280000)
  from space 6656K, 99% used [0x00000000ec380000,0x00000000ec9fb370,0x00000000eca00000)
  to   space 9216K, 0% used [0x00000000ecb80000,0x00000000ecb80000,0x00000000ed480000)
 ParOldGen       total 68608K, used 10546K [0x00000000c0000000, 0x00000000c4300000, 0x00000000eab00000)
  object space 68608K, 15% used [0x00000000c0000000,0x00000000c0a4ca10,0x00000000c4300000)
 Metaspace       used 32796K, committed 33408K, reserved 1081344K
  class space    used 3353K, committed 3648K, reserved 1048576K
}
Event: 2,245 GC heap after
{Heap after GC invocations=9 (full 1):
 PSYoungGen      total 30720K, used 6976K [0x00000000eab00000, 0x00000000ed280000, 0x0000000100000000)
  eden space 23552K, 0% used [0x00000000eab00000,0x00000000eab00000,0x00000000ec200000)
  from space 7168K, 97% used [0x00000000ecb80000,0x00000000ed250010,0x00000000ed280000)
  to   space 7680K, 0% used [0x00000000ec380000,0x00000000ec380000,0x00000000ecb00000)
 ParOldGen       total 68608K, used 12927K [0x00000000c0000000, 0x00000000c4300000, 0x00000000eab00000)
  object space 68608K, 18% used [0x00000000c0000000,0x00000000c0c9fda0,0x00000000c4300000)
 Metaspace       used 32796K, committed 33408K, reserved 1081344K
  class space    used 3353K, committed 3648K, reserved 1048576K
}
Event: 2,272 GC heap before
{Heap before GC invocations=10 (full 1):
 PSYoungGen      total 30720K, used 30528K [0x00000000eab00000, 0x00000000ed280000, 0x0000000100000000)
  eden space 23552K, 100% used [0x00000000eab00000,0x00000000ec200000,0x00000000ec200000)
  from space 7168K, 97% used [0x00000000ecb80000,0x00000000ed250010,0x00000000ed280000)
  to   space 7680K, 0% used [0x00000000ec380000,0x00000000ec380000,0x00000000ecb00000)
 ParOldGen       total 68608K, used 12927K [0x00000000c0000000, 0x00000000c4300000, 0x00000000eab00000)
  object space 68608K, 18% used [0x00000000c0000000,0x00000000c0c9fda0,0x00000000c4300000)
 Metaspace       used 32796K, committed 33408K, reserved 1081344K
  class space    used 3353K, committed 3648K, reserved 1048576K
}
Event: 2,276 GC heap after
{Heap after GC invocations=10 (full 1):
 PSYoungGen      total 29696K, used 6624K [0x00000000eab00000, 0x00000000ecf80000, 0x0000000100000000)
  eden space 23040K, 0% used [0x00000000eab00000,0x00000000eab00000,0x00000000ec180000)
  from space 6656K, 99% used [0x00000000ec380000,0x00000000ec9f8010,0x00000000eca00000)
  to   space 5632K, 0% used [0x00000000eca00000,0x00000000eca00000,0x00000000ecf80000)
 ParOldGen       total 68608K, used 15454K [0x00000000c0000000, 0x00000000c4300000, 0x00000000eab00000)
  object space 68608K, 22% used [0x00000000c0000000,0x00000000c0f178f8,0x00000000c4300000)
 Metaspace       used 32796K, committed 33408K, reserved 1081344K
  class space    used 3353K, committed 3648K, reserved 1048576K
}
Event: 2,426 GC heap before
{Heap before GC invocations=11 (full 1):
 PSYoungGen      total 29696K, used 25513K [0x00000000eab00000, 0x00000000ecf80000, 0x0000000100000000)
  eden space 23040K, 81% used [0x00000000eab00000,0x00000000ebd72708,0x00000000ec180000)
  from space 6656K, 99% used [0x00000000ec380000,0x00000000ec9f8010,0x00000000eca00000)
  to   space 5632K, 0% used [0x00000000eca00000,0x00000000eca00000,0x00000000ecf80000)
 ParOldGen       total 68608K, used 15454K [0x00000000c0000000, 0x00000000c4300000, 0x00000000eab00000)
  object space 68608K, 22% used [0x00000000c0000000,0x00000000c0f178f8,0x00000000c4300000)
 Metaspace       used 35280K, committed 35840K, reserved 1089536K
  class space    used 3664K, committed 3904K, reserved 1048576K
}
Event: 2,431 GC heap after
{Heap after GC invocations=11 (full 1):
 PSYoungGen      total 28160K, used 5068K [0x00000000eab00000, 0x00000000ecf00000, 0x0000000100000000)
  eden space 23040K, 0% used [0x00000000eab00000,0x00000000eab00000,0x00000000ec180000)
  from space 5120K, 98% used [0x00000000eca00000,0x00000000ecef3018,0x00000000ecf00000)
  to   space 6144K, 0% used [0x00000000ec300000,0x00000000ec300000,0x00000000ec900000)
 ParOldGen       total 68608K, used 19750K [0x00000000c0000000, 0x00000000c4300000, 0x00000000eab00000)
  object space 68608K, 28% used [0x00000000c0000000,0x00000000c13499b8,0x00000000c4300000)
 Metaspace       used 35280K, committed 35840K, reserved 1089536K
  class space    used 3664K, committed 3904K, reserved 1048576K
}
Event: 2,431 GC heap before
{Heap before GC invocations=12 (full 2):
 PSYoungGen      total 28160K, used 5068K [0x00000000eab00000, 0x00000000ecf00000, 0x0000000100000000)
  eden space 23040K, 0% used [0x00000000eab00000,0x00000000eab00000,0x00000000ec180000)
  from space 5120K, 98% used [0x00000000eca00000,0x00000000ecef3018,0x00000000ecf00000)
  to   space 6144K, 0% used [0x00000000ec300000,0x00000000ec300000,0x00000000ec900000)
 ParOldGen       total 68608K, used 19750K [0x00000000c0000000, 0x00000000c4300000, 0x00000000eab00000)
  object space 68608K, 28% used [0x00000000c0000000,0x00000000c13499b8,0x00000000c4300000)
 Metaspace       used 35280K, committed 35840K, reserved 1089536K
  class space    used 3664K, committed 3904K, reserved 1048576K
}
Event: 2,459 GC heap after
{Heap after GC invocations=12 (full 2):
 PSYoungGen      total 28160K, used 0K [0x00000000eab00000, 0x00000000ecf00000, 0x0000000100000000)
  eden space 23040K, 0% used [0x00000000eab00000,0x00000000eab00000,0x00000000ec180000)
  from space 5120K, 0% used [0x00000000eca00000,0x00000000eca00000,0x00000000ecf00000)
  to   space 6144K, 0% used [0x00000000ec300000,0x00000000ec300000,0x00000000ec900000)
 ParOldGen       total 68608K, used 23916K [0x00000000c0000000, 0x00000000c4300000, 0x00000000eab00000)
  object space 68608K, 34% used [0x00000000c0000000,0x00000000c175b308,0x00000000c4300000)
 Metaspace       used 35280K, committed 35840K, reserved 1089536K
  class space    used 3664K, committed 3904K, reserved 1048576K
}
Event: 3,789 GC heap before
{Heap before GC invocations=13 (full 2):
 PSYoungGen      total 28160K, used 23040K [0x00000000eab00000, 0x00000000ecf00000, 0x0000000100000000)
  eden space 23040K, 100% used [0x00000000eab00000,0x00000000ec180000,0x00000000ec180000)
  from space 5120K, 0% used [0x00000000eca00000,0x00000000eca00000,0x00000000ecf00000)
  to   space 6144K, 0% used [0x00000000ec300000,0x00000000ec300000,0x00000000ec900000)
 ParOldGen       total 68608K, used 23916K [0x00000000c0000000, 0x00000000c4300000, 0x00000000eab00000)
  object space 68608K, 34% used [0x00000000c0000000,0x00000000c175b308,0x00000000c4300000)
 Metaspace       used 41793K, committed 42432K, reserved 1089536K
  class space    used 4256K, committed 4544K, reserved 1048576K
}
Event: 3,790 GC heap after
{Heap after GC invocations=13 (full 2):
 PSYoungGen      total 24576K, used 1562K [0x00000000eab00000, 0x00000000eca80000, 0x0000000100000000)
  eden space 22528K, 0% used [0x00000000eab00000,0x00000000eab00000,0x00000000ec100000)
  from space 2048K, 76% used [0x00000000ec300000,0x00000000ec486860,0x00000000ec500000)
  to   space 3072K, 0% used [0x00000000ec780000,0x00000000ec780000,0x00000000eca80000)
 ParOldGen       total 68608K, used 23924K [0x00000000c0000000, 0x00000000c4300000, 0x00000000eab00000)
  object space 68608K, 34% used [0x00000000c0000000,0x00000000c175d308,0x00000000c4300000)
 Metaspace       used 41793K, committed 42432K, reserved 1089536K
  class space    used 4256K, committed 4544K, reserved 1048576K
}
Event: 6,517 GC heap before
{Heap before GC invocations=14 (full 2):
 PSYoungGen      total 24576K, used 24090K [0x00000000eab00000, 0x00000000eca80000, 0x0000000100000000)
  eden space 22528K, 100% used [0x00000000eab00000,0x00000000ec100000,0x00000000ec100000)
  from space 2048K, 76% used [0x00000000ec300000,0x00000000ec486860,0x00000000ec500000)
  to   space 3072K, 0% used [0x00000000ec780000,0x00000000ec780000,0x00000000eca80000)
 ParOldGen       total 68608K, used 23924K [0x00000000c0000000, 0x00000000c4300000, 0x00000000eab00000)
  object space 68608K, 34% used [0x00000000c0000000,0x00000000c175d308,0x00000000c4300000)
 Metaspace       used 42570K, committed 43264K, reserved 1089536K
  class space    used 4303K, committed 4608K, reserved 1048576K
}
Event: 6,519 GC heap after
{Heap after GC invocations=14 (full 2):
 PSYoungGen      total 25088K, used 3044K [0x00000000eab00000, 0x00000000ecb80000, 0x0000000100000000)
  eden space 22016K, 0% used [0x00000000eab00000,0x00000000eab00000,0x00000000ec080000)
  from space 3072K, 99% used [0x00000000ec780000,0x00000000eca79330,0x00000000eca80000)
  to   space 5632K, 0% used [0x00000000ec080000,0x00000000ec080000,0x00000000ec600000)
 ParOldGen       total 68608K, used 25554K [0x00000000c0000000, 0x00000000c4300000, 0x00000000eab00000)
  object space 68608K, 37% used [0x00000000c0000000,0x00000000c18f4b00,0x00000000c4300000)
 Metaspace       used 42570K, committed 43264K, reserved 1089536K
  class space    used 4303K, committed 4608K, reserved 1048576K
}
Event: 6,574 GC heap before
{Heap before GC invocations=15 (full 2):
 PSYoungGen      total 25088K, used 25060K [0x00000000eab00000, 0x00000000ecb80000, 0x0000000100000000)
  eden space 22016K, 100% used [0x00000000eab00000,0x00000000ec080000,0x00000000ec080000)
  from space 3072K, 99% used [0x00000000ec780000,0x00000000eca79330,0x00000000eca80000)
  to   space 5632K, 0% used [0x00000000ec080000,0x00000000ec080000,0x00000000ec600000)
 ParOldGen       total 68608K, used 25554K [0x00000000c0000000, 0x00000000c4300000, 0x00000000eab00000)
  object space 68608K, 37% used [0x00000000c0000000,0x00000000c18f4b00,0x00000000c4300000)
 Metaspace       used 42637K, committed 43328K, reserved 1089536K
  class space    used 4303K, committed 4608K, reserved 1048576K
}
Event: 6,577 GC heap after
{Heap after GC invocations=15 (full 2):
 PSYoungGen      total 27648K, used 5618K [0x00000000eab00000, 0x00000000ed680000, 0x0000000100000000)
  eden space 22016K, 0% used [0x00000000eab00000,0x00000000eab00000,0x00000000ec080000)
  from space 5632K, 99% used [0x00000000ec080000,0x00000000ec5fcb88,0x00000000ec600000)
  to   space 11264K, 0% used [0x00000000ecb80000,0x00000000ecb80000,0x00000000ed680000)
 ParOldGen       total 68608K, used 29749K [0x00000000c0000000, 0x00000000c4300000, 0x00000000eab00000)
  object space 68608K, 43% used [0x00000000c0000000,0x00000000c1d0d620,0x00000000c4300000)
 Metaspace       used 42637K, committed 43328K, reserved 1089536K
  class space    used 4303K, committed 4608K, reserved 1048576K
}
Event: 6,814 GC heap before
{Heap before GC invocations=16 (full 2):
 PSYoungGen      total 27648K, used 27634K [0x00000000eab00000, 0x00000000ed680000, 0x0000000100000000)
  eden space 22016K, 100% used [0x00000000eab00000,0x00000000ec080000,0x00000000ec080000)
  from space 5632K, 99% used [0x00000000ec080000,0x00000000ec5fcb88,0x00000000ec600000)
  to   space 11264K, 0% used [0x00000000ecb80000,0x00000000ecb80000,0x00000000ed680000)
 ParOldGen       total 68608K, used 29749K [0x00000000c0000000, 0x00000000c4300000, 0x00000000eab00000)
  object space 68608K, 43% used [0x00000000c0000000,0x00000000c1d0d620,0x00000000c4300000)
 Metaspace       used 44142K, committed 44864K, reserved 1089536K
  class space    used 4448K, committed 4800K, reserved 1048576K
}
Event: 6,817 GC heap after
{Heap after GC invocations=16 (full 2):
 PSYoungGen      total 25600K, used 3332K [0x00000000eab00000, 0x00000000ecf00000, 0x0000000100000000)
  eden space 22016K, 0% used [0x00000000eab00000,0x00000000eab00000,0x00000000ec080000)
  from space 3584K, 92% used [0x00000000ecb80000,0x00000000ecec1120,0x00000000ecf00000)
  to   space 6144K, 0% used [0x00000000ec300000,0x00000000ec300000,0x00000000ec900000)
 ParOldGen       total 68608K, used 35159K [0x00000000c0000000, 0x00000000c4300000, 0x00000000eab00000)
  object space 68608K, 51% used [0x00000000c0000000,0x00000000c2255ce8,0x00000000c4300000)
 Metaspace       used 44142K, committed 44864K, reserved 1089536K
  class space    used 4448K, committed 4800K, reserved 1048576K
}
Event: 7,507 GC heap before
{Heap before GC invocations=17 (full 2):
 PSYoungGen      total 25600K, used 25333K [0x00000000eab00000, 0x00000000ecf00000, 0x0000000100000000)
  eden space 22016K, 99% used [0x00000000eab00000,0x00000000ec07c6a8,0x00000000ec080000)
  from space 3584K, 92% used [0x00000000ecb80000,0x00000000ecec1120,0x00000000ecf00000)
  to   space 6144K, 0% used [0x00000000ec300000,0x00000000ec300000,0x00000000ec900000)
 ParOldGen       total 68608K, used 35159K [0x00000000c0000000, 0x00000000c4300000, 0x00000000eab00000)
  object space 68608K, 51% used [0x00000000c0000000,0x00000000c2255ce8,0x00000000c4300000)
 Metaspace       used 49586K, committed 50240K, reserved 1097728K
  class space    used 5133K, committed 5440K, reserved 1048576K
}
Event: 7,510 GC heap after
{Heap after GC invocations=17 (full 2):
 PSYoungGen      total 24576K, used 2483K [0x00000000eab00000, 0x00000000ecc00000, 0x0000000100000000)
  eden space 22016K, 0% used [0x00000000eab00000,0x00000000eab00000,0x00000000ec080000)
  from space 2560K, 97% used [0x00000000ec300000,0x00000000ec56cf78,0x00000000ec580000)
  to   space 3584K, 0% used [0x00000000ec880000,0x00000000ec880000,0x00000000ecc00000)
 ParOldGen       total 68608K, used 38360K [0x00000000c0000000, 0x00000000c4300000, 0x00000000eab00000)
  object space 68608K, 55% used [0x00000000c0000000,0x00000000c2576220,0x00000000c4300000)
 Metaspace       used 49586K, committed 50240K, reserved 1097728K
  class space    used 5133K, committed 5440K, reserved 1048576K
}

