# JRE version: OpenJDK Runtime Environment Temurin-17.0.1+12 (17.0.1+12) (build 17.0.1+12)
# Java VM: OpenJDK 64-Bit Server VM Temurin-17.0.1+12 (17.0.1+12, mixed mode, tiered, compressed oops, compressed class ptrs, parallel gc, linux-amd64)
GC Precious Log:
 CPUs: 12 total, 12 available
 Memory: 15855M
 Large Page Support: Disabled
 NUMA Support: Disabled
 Compressed Oops: Enabled (32-bit)
 Alignments: Space 512K, Generation 512K, Heap 2M
 Heap Min Capacity: 100M
 Heap Initial Capacity: 100M
 Heap Max Capacity: 2G
 Pre-touch: Disabled
 Parallel Workers: 10
Heap:
 PSYoungGen      total 22528K, used 1047K [0x00000000d5580000, 0x00000000d7600000, 0x0000000100000000)
  eden space 22016K, 4% used [0x00000000d5580000,0x00000000d5685fd8,0x00000000d6b00000)
  from space 512K, 0% used [0x00000000d6b00000,0x00000000d6b00000,0x00000000d6b80000)
  to   space 4096K, 0% used [0x00000000d7200000,0x00000000d7200000,0x00000000d7600000)
 ParOldGen       total 68608K, used 24448K [0x0000000080000000, 0x0000000084300000, 0x00000000d5580000)
  object space 68608K, 35% used [0x0000000080000000,0x00000000817e0010,0x0000000084300000)
 Metaspace       used 35684K, committed 36352K, reserved 1089536K
  class space    used 3683K, committed 3968K, reserved 1048576K
GC Heap History (20 events):
Event: 1,853 GC heap before
{Heap before GC invocations=4 (full 1):
 PSYoungGen      total 29696K, used 25600K [0x00000000d5580000, 0x00000000d7680000, 0x0000000100000000)
  eden space 25600K, 100% used [0x00000000d5580000,0x00000000d6e80000,0x00000000d6e80000)
  from space 4096K, 0% used [0x00000000d7280000,0x00000000d7280000,0x00000000d7680000)
  to   space 4096K, 0% used [0x00000000d6e80000,0x00000000d6e80000,0x00000000d7280000)
 ParOldGen       total 68608K, used 6703K [0x0000000080000000, 0x0000000084300000, 0x00000000d5580000)
  object space 68608K, 9% used [0x0000000080000000,0x000000008068bf20,0x0000000084300000)
 Metaspace       used 28624K, committed 29120K, reserved 1081344K
  class space    used 2883K, committed 3072K, reserved 1048576K
}
Event: 1,854 GC heap after
{Heap after GC invocations=4 (full 1):
 PSYoungGen      total 29696K, used 1674K [0x00000000d5580000, 0x00000000d7680000, 0x0000000100000000)
  eden space 25600K, 0% used [0x00000000d5580000,0x00000000d5580000,0x00000000d6e80000)
  from space 4096K, 40% used [0x00000000d6e80000,0x00000000d7022988,0x00000000d7280000)
  to   space 4096K, 0% used [0x00000000d7280000,0x00000000d7280000,0x00000000d7680000)
 ParOldGen       total 68608K, used 6711K [0x0000000080000000, 0x0000000084300000, 0x00000000d5580000)
  object space 68608K, 9% used [0x0000000080000000,0x000000008068df20,0x0000000084300000)
 Metaspace       used 28624K, committed 29120K, reserved 1081344K
  class space    used 2883K, committed 3072K, reserved 1048576K
}
Event: 2,103 GC heap before
{Heap before GC invocations=5 (full 1):
 PSYoungGen      total 29696K, used 27274K [0x00000000d5580000, 0x00000000d7680000, 0x0000000100000000)
  eden space 25600K, 100% used [0x00000000d5580000,0x00000000d6e80000,0x00000000d6e80000)
  from space 4096K, 40% used [0x00000000d6e80000,0x00000000d7022988,0x00000000d7280000)
  to   space 4096K, 0% used [0x00000000d7280000,0x00000000d7280000,0x00000000d7680000)
 ParOldGen       total 68608K, used 6711K [0x0000000080000000, 0x0000000084300000, 0x00000000d5580000)
  object space 68608K, 9% used [0x0000000080000000,0x000000008068df20,0x0000000084300000)
 Metaspace       used 32569K, committed 33216K, reserved 1081344K
  class space    used 3332K, committed 3648K, reserved 1048576K
}
Event: 2,104 GC heap after
{Heap after GC invocations=5 (full 1):
 PSYoungGen      total 29696K, used 4072K [0x00000000d5580000, 0x00000000d7680000, 0x0000000100000000)
  eden space 25600K, 0% used [0x00000000d5580000,0x00000000d5580000,0x00000000d6e80000)
  from space 4096K, 99% used [0x00000000d7280000,0x00000000d767a340,0x00000000d7680000)
  to   space 4096K, 0% used [0x00000000d6e80000,0x00000000d6e80000,0x00000000d7280000)
 ParOldGen       total 68608K, used 6751K [0x0000000080000000, 0x0000000084300000, 0x00000000d5580000)
  object space 68608K, 9% used [0x0000000080000000,0x0000000080697f20,0x0000000084300000)
 Metaspace       used 32569K, committed 33216K, reserved 1081344K
  class space    used 3332K, committed 3648K, reserved 1048576K
}
Event: 2,157 GC heap before
{Heap before GC invocations=6 (full 1):
 PSYoungGen      total 29696K, used 29672K [0x00000000d5580000, 0x00000000d7680000, 0x0000000100000000)
  eden space 25600K, 100% used [0x00000000d5580000,0x00000000d6e80000,0x00000000d6e80000)
  from space 4096K, 99% used [0x00000000d7280000,0x00000000d767a340,0x00000000d7680000)
  to   space 4096K, 0% used [0x00000000d6e80000,0x00000000d6e80000,0x00000000d7280000)
 ParOldGen       total 68608K, used 6751K [0x0000000080000000, 0x0000000084300000, 0x00000000d5580000)
  object space 68608K, 9% used [0x0000000080000000,0x0000000080697f20,0x0000000084300000)
 Metaspace       used 32640K, committed 33280K, reserved 1081344K
  class space    used 3336K, committed 3648K, reserved 1048576K
}
Event: 2,161 GC heap after
{Heap after GC invocations=6 (full 1):
 PSYoungGen      total 29184K, used 4073K [0x00000000d5580000, 0x00000000d7b00000, 0x0000000100000000)
  eden space 25088K, 0% used [0x00000000d5580000,0x00000000d5580000,0x00000000d6e00000)
  from space 4096K, 99% used [0x00000000d6e80000,0x00000000d727a500,0x00000000d7280000)
  to   space 6656K, 0% used [0x00000000d7480000,0x00000000d7480000,0x00000000d7b00000)
 ParOldGen       total 68608K, used 8761K [0x0000000080000000, 0x0000000084300000, 0x00000000d5580000)
  object space 68608K, 12% used [0x0000000080000000,0x000000008088e778,0x0000000084300000)
 Metaspace       used 32640K, committed 33280K, reserved 1081344K
  class space    used 3336K, committed 3648K, reserved 1048576K
}
Event: 2,212 GC heap before
{Heap before GC invocations=7 (full 1):
 PSYoungGen      total 29184K, used 29161K [0x00000000d5580000, 0x00000000d7b00000, 0x0000000100000000)
  eden space 25088K, 100% used [0x00000000d5580000,0x00000000d6e00000,0x00000000d6e00000)
  from space 4096K, 99% used [0x00000000d6e80000,0x00000000d727a500,0x00000000d7280000)
  to   space 6656K, 0% used [0x00000000d7480000,0x00000000d7480000,0x00000000d7b00000)
 ParOldGen       total 68608K, used 8761K [0x0000000080000000, 0x0000000084300000, 0x00000000d5580000)
  object space 68608K, 12% used [0x0000000080000000,0x000000008088e778,0x0000000084300000)
 Metaspace       used 32655K, committed 33280K, reserved 1081344K
  class space    used 3336K, committed 3648K, reserved 1048576K
}
Event: 2,215 GC heap after
{Heap after GC invocations=7 (full 1):
 PSYoungGen      total 31232K, used 6227K [0x00000000d5580000, 0x00000000d7b00000, 0x0000000100000000)
  eden space 24576K, 0% used [0x00000000d5580000,0x00000000d5580000,0x00000000d6d80000)
  from space 6656K, 93% used [0x00000000d7480000,0x00000000d7a94cf8,0x00000000d7b00000)
  to   space 6656K, 0% used [0x00000000d6e00000,0x00000000d6e00000,0x00000000d7480000)
 ParOldGen       total 68608K, used 8769K [0x0000000080000000, 0x0000000084300000, 0x00000000d5580000)
  object space 68608K, 12% used [0x0000000080000000,0x0000000080890778,0x0000000084300000)
 Metaspace       used 32655K, committed 33280K, reserved 1081344K
  class space    used 3336K, committed 3648K, reserved 1048576K
}
Event: 2,265 GC heap before
{Heap before GC invocations=8 (full 1):
 PSYoungGen      total 31232K, used 30803K [0x00000000d5580000, 0x00000000d7b00000, 0x0000000100000000)
  eden space 24576K, 100% used [0x00000000d5580000,0x00000000d6d80000,0x00000000d6d80000)
  from space 6656K, 93% used [0x00000000d7480000,0x00000000d7a94cf8,0x00000000d7b00000)
  to   space 6656K, 0% used [0x00000000d6e00000,0x00000000d6e00000,0x00000000d7480000)
 ParOldGen       total 68608K, used 8769K [0x0000000080000000, 0x0000000084300000, 0x00000000d5580000)
  object space 68608K, 12% used [0x0000000080000000,0x0000000080890778,0x0000000084300000)
 Metaspace       used 32783K, committed 33408K, reserved 1081344K
  class space    used 3352K, committed 3648K, reserved 1048576K
}
Event: 2,268 GC heap after
{Heap after GC invocations=8 (full 1):
 PSYoungGen      total 30720K, used 6643K [0x00000000d5580000, 0x00000000d8000000, 0x0000000100000000)
  eden space 24064K, 0% used [0x00000000d5580000,0x00000000d5580000,0x00000000d6d00000)
  from space 6656K, 99% used [0x00000000d6e00000,0x00000000d747ccf8,0x00000000d7480000)
  to   space 9728K, 0% used [0x00000000d7680000,0x00000000d7680000,0x00000000d8000000)
 ParOldGen       total 68608K, used 11047K [0x0000000080000000, 0x0000000084300000, 0x00000000d5580000)
  object space 68608K, 16% used [0x0000000080000000,0x0000000080ac9df8,0x0000000084300000)
 Metaspace       used 32783K, committed 33408K, reserved 1081344K
  class space    used 3352K, committed 3648K, reserved 1048576K
}
Event: 2,296 GC heap before
{Heap before GC invocations=9 (full 1):
 PSYoungGen      total 30720K, used 30707K [0x00000000d5580000, 0x00000000d8000000, 0x0000000100000000)
  eden space 24064K, 100% used [0x00000000d5580000,0x00000000d6d00000,0x00000000d6d00000)
  from space 6656K, 99% used [0x00000000d6e00000,0x00000000d747ccf8,0x00000000d7480000)
  to   space 9728K, 0% used [0x00000000d7680000,0x00000000d7680000,0x00000000d8000000)
 ParOldGen       total 68608K, used 11047K [0x0000000080000000, 0x0000000084300000, 0x00000000d5580000)
  object space 68608K, 16% used [0x0000000080000000,0x0000000080ac9df8,0x0000000084300000)
 Metaspace       used 32783K, committed 33408K, reserved 1081344K
  class space    used 3352K, committed 3648K, reserved 1048576K
}
Event: 2,300 GC heap after
{Heap after GC invocations=9 (full 1):
 PSYoungGen      total 30720K, used 6912K [0x00000000d5580000, 0x00000000d7d80000, 0x0000000100000000)
  eden space 23552K, 0% used [0x00000000d5580000,0x00000000d5580000,0x00000000d6c80000)
  from space 7168K, 96% used [0x00000000d7680000,0x00000000d7d40020,0x00000000d7d80000)
  to   space 7680K, 0% used [0x00000000d6e80000,0x00000000d6e80000,0x00000000d7600000)
 ParOldGen       total 68608K, used 13162K [0x0000000080000000, 0x0000000084300000, 0x00000000d5580000)
  object space 68608K, 19% used [0x0000000080000000,0x0000000080cdaa18,0x0000000084300000)
 Metaspace       used 32783K, committed 33408K, reserved 1081344K
  class space    used 3352K, committed 3648K, reserved 1048576K
}
Event: 2,339 GC heap before
{Heap before GC invocations=10 (full 1):
 PSYoungGen      total 30720K, used 30464K [0x00000000d5580000, 0x00000000d7d80000, 0x0000000100000000)
  eden space 23552K, 100% used [0x00000000d5580000,0x00000000d6c80000,0x00000000d6c80000)
  from space 7168K, 96% used [0x00000000d7680000,0x00000000d7d40020,0x00000000d7d80000)
  to   space 7680K, 0% used [0x00000000d6e80000,0x00000000d6e80000,0x00000000d7600000)
 ParOldGen       total 68608K, used 13162K [0x0000000080000000, 0x0000000084300000, 0x00000000d5580000)
  object space 68608K, 19% used [0x0000000080000000,0x0000000080cdaa18,0x0000000084300000)
 Metaspace       used 32783K, committed 33408K, reserved 1081344K
  class space    used 3352K, committed 3648K, reserved 1048576K
}
Event: 2,341 GC heap after
{Heap after GC invocations=10 (full 1):
 PSYoungGen      total 30208K, used 6880K [0x00000000d5580000, 0x00000000d7a00000, 0x0000000100000000)
  eden space 23040K, 0% used [0x00000000d5580000,0x00000000d5580000,0x00000000d6c00000)
  from space 7168K, 95% used [0x00000000d6e80000,0x00000000d7538020,0x00000000d7580000)
  to   space 4608K, 0% used [0x00000000d7580000,0x00000000d7580000,0x00000000d7a00000)
 ParOldGen       total 68608K, used 15274K [0x0000000080000000, 0x0000000084300000, 0x00000000d5580000)
  object space 68608K, 22% used [0x0000000080000000,0x0000000080eeaa18,0x0000000084300000)
 Metaspace       used 32783K, committed 33408K, reserved 1081344K
  class space    used 3352K, committed 3648K, reserved 1048576K
}
Event: 2,462 GC heap before
{Heap before GC invocations=11 (full 1):
 PSYoungGen      total 30208K, used 29920K [0x00000000d5580000, 0x00000000d7a00000, 0x0000000100000000)
  eden space 23040K, 100% used [0x00000000d5580000,0x00000000d6c00000,0x00000000d6c00000)
  from space 7168K, 95% used [0x00000000d6e80000,0x00000000d7538020,0x00000000d7580000)
  to   space 4608K, 0% used [0x00000000d7580000,0x00000000d7580000,0x00000000d7a00000)
 ParOldGen       total 68608K, used 15274K [0x0000000080000000, 0x0000000084300000, 0x00000000d5580000)
  object space 68608K, 22% used [0x0000000080000000,0x0000000080eeaa18,0x0000000084300000)
 Metaspace       used 34467K, committed 35072K, reserved 1081344K
  class space    used 3555K, committed 3840K, reserved 1048576K
}
Event: 2,465 GC heap after
{Heap after GC invocations=11 (full 1):
 PSYoungGen      total 26624K, used 4583K [0x00000000d5580000, 0x00000000d8080000, 0x0000000100000000)
  eden space 22016K, 0% used [0x00000000d5580000,0x00000000d5580000,0x00000000d6b00000)
  from space 4608K, 99% used [0x00000000d7580000,0x00000000d79f9de8,0x00000000d7a00000)
  to   space 10752K, 0% used [0x00000000d6b00000,0x00000000d6b00000,0x00000000d7580000)
 ParOldGen       total 68608K, used 20581K [0x0000000080000000, 0x0000000084300000, 0x00000000d5580000)
  object space 68608K, 29% used [0x0000000080000000,0x0000000081419720,0x0000000084300000)
 Metaspace       used 34467K, committed 35072K, reserved 1081344K
  class space    used 3555K, committed 3840K, reserved 1048576K
}
Event: 2,497 GC heap before
{Heap before GC invocations=12 (full 1):
 PSYoungGen      total 26624K, used 6160K [0x00000000d5580000, 0x00000000d8080000, 0x0000000100000000)
  eden space 22016K, 7% used [0x00000000d5580000,0x00000000d570a498,0x00000000d6b00000)
  from space 4608K, 99% used [0x00000000d7580000,0x00000000d79f9de8,0x00000000d7a00000)
  to   space 10752K, 0% used [0x00000000d6b00000,0x00000000d6b00000,0x00000000d7580000)
 ParOldGen       total 68608K, used 20581K [0x0000000080000000, 0x0000000084300000, 0x00000000d5580000)
  object space 68608K, 29% used [0x0000000080000000,0x0000000081419720,0x0000000084300000)
 Metaspace       used 35320K, committed 35840K, reserved 1089536K
  class space    used 3652K, committed 3904K, reserved 1048576K
}
Event: 2,499 GC heap after
{Heap after GC invocations=12 (full 1):
 PSYoungGen      total 22528K, used 256K [0x00000000d5580000, 0x00000000d7600000, 0x0000000100000000)
  eden space 22016K, 0% used [0x00000000d5580000,0x00000000d5580000,0x00000000d6b00000)
  from space 512K, 50% used [0x00000000d6b00000,0x00000000d6b40000,0x00000000d6b80000)
  to   space 4096K, 0% used [0x00000000d7200000,0x00000000d7200000,0x00000000d7600000)
 ParOldGen       total 68608K, used 25136K [0x0000000080000000, 0x0000000084300000, 0x00000000d5580000)
  object space 68608K, 36% used [0x0000000080000000,0x000000008188c210,0x0000000084300000)
 Metaspace       used 35320K, committed 35840K, reserved 1089536K
  class space    used 3652K, committed 3904K, reserved 1048576K
}
Event: 2,499 GC heap before
{Heap before GC invocations=13 (full 2):
 PSYoungGen      total 22528K, used 256K [0x00000000d5580000, 0x00000000d7600000, 0x0000000100000000)
  eden space 22016K, 0% used [0x00000000d5580000,0x00000000d5580000,0x00000000d6b00000)
  from space 512K, 50% used [0x00000000d6b00000,0x00000000d6b40000,0x00000000d6b80000)
  to   space 4096K, 0% used [0x00000000d7200000,0x00000000d7200000,0x00000000d7600000)
 ParOldGen       total 68608K, used 25136K [0x0000000080000000, 0x0000000084300000, 0x00000000d5580000)
  object space 68608K, 36% used [0x0000000080000000,0x000000008188c210,0x0000000084300000)
 Metaspace       used 35320K, committed 35840K, reserved 1089536K
  class space    used 3652K, committed 3904K, reserved 1048576K
}
Event: 2,522 GC heap after
{Heap after GC invocations=13 (full 2):
 PSYoungGen      total 22528K, used 0K [0x00000000d5580000, 0x00000000d7600000, 0x0000000100000000)
  eden space 22016K, 0% used [0x00000000d5580000,0x00000000d5580000,0x00000000d6b00000)
  from space 512K, 0% used [0x00000000d6b00000,0x00000000d6b00000,0x00000000d6b80000)
  to   space 4096K, 0% used [0x00000000d7200000,0x00000000d7200000,0x00000000d7600000)
 ParOldGen       total 68608K, used 24448K [0x0000000080000000, 0x0000000084300000, 0x00000000d5580000)
  object space 68608K, 35% used [0x0000000080000000,0x00000000817e0010,0x0000000084300000)
 Metaspace       used 35320K, committed 35840K, reserved 1089536K
  class space    used 3652K, committed 3904K, reserved 1048576K
}

