# JRE version: OpenJDK Runtime Environment (11.0.11+9) (build 11.0.11+9-Ubuntu-0ubuntu2.20.04)
# Java VM: OpenJDK 64-Bit Server VM (11.0.11+9-Ubuntu-0ubuntu2.20.04, mixed mode, sharing, tiered, compressed oops, g1 gc, linux-amd64)
Heap:
 garbage-first heap   total 348160K, used 198042K [0x0000000708400000, 0x0000000800000000)
  region size 1024K, 176 young (180224K), 7 survivors (7168K)
 Metaspace       used 54039K, capacity 55943K, committed 56240K, reserved 1097728K
  class space    used 7426K, capacity 8157K, committed 8192K, reserved 1048576K
GC Heap History (11 events):
Event: 0,187 GC heap before
{Heap before GC invocations=0 (full 0):
 garbage-first heap   total 256000K, used 27336K [0x0000000708400000, 0x0000000800000000)
  region size 1024K, 24 young (24576K), 0 survivors (0K)
 Metaspace       used 2872K, capacity 6095K, committed 6272K, reserved 1056768K
  class space    used 327K, capacity 586K, committed 640K, reserved 1048576K
}
Event: 0,192 GC heap after
{Heap after GC invocations=1 (full 0):
 garbage-first heap   total 256000K, used 7534K [0x0000000708400000, 0x0000000800000000)
  region size 1024K, 3 young (3072K), 3 survivors (3072K)
 Metaspace       used 2872K, capacity 6095K, committed 6272K, reserved 1056768K
  class space    used 327K, capacity 586K, committed 640K, reserved 1048576K
}
Event: 0,640 GC heap before
{Heap before GC invocations=1 (full 0):
 garbage-first heap   total 256000K, used 156014K [0x0000000708400000, 0x0000000800000000)
  region size 1024K, 149 young (152576K), 3 survivors (3072K)
 Metaspace       used 15388K, capacity 16627K, committed 16768K, reserved 1062912K
  class space    used 2128K, capacity 2379K, committed 2432K, reserved 1048576K
}
Event: 0,644 GC heap after
{Heap after GC invocations=2 (full 0):
 garbage-first heap   total 256000K, used 11530K [0x0000000708400000, 0x0000000800000000)
  region size 1024K, 7 young (7168K), 7 survivors (7168K)
 Metaspace       used 15388K, capacity 16627K, committed 16768K, reserved 1062912K
  class space    used 2128K, capacity 2379K, committed 2432K, reserved 1048576K
}
Event: 0,979 GC heap before
{Heap before GC invocations=2 (full 0):
 garbage-first heap   total 256000K, used 132362K [0x0000000708400000, 0x0000000800000000)
  region size 1024K, 127 young (130048K), 7 survivors (7168K)
 Metaspace       used 19840K, capacity 21199K, committed 21296K, reserved 1067008K
  class space    used 2758K, capacity 3113K, committed 3200K, reserved 1048576K
}
Event: 0,988 GC heap after
{Heap after GC invocations=3 (full 0):
 garbage-first heap   total 256000K, used 14629K [0x0000000708400000, 0x0000000800000000)
  region size 1024K, 10 young (10240K), 10 survivors (10240K)
 Metaspace       used 19840K, capacity 21199K, committed 21296K, reserved 1067008K
  class space    used 2758K, capacity 3113K, committed 3200K, reserved 1048576K
}
Event: 1,423 GC heap before
{Heap before GC invocations=4 (full 0):
 garbage-first heap   total 256000K, used 163109K [0x0000000708400000, 0x0000000800000000)
  region size 1024K, 148 young (151552K), 10 survivors (10240K)
 Metaspace       used 27752K, capacity 28900K, committed 29104K, reserved 1075200K
  class space    used 3790K, capacity 4260K, committed 4352K, reserved 1048576K
}
Event: 1,433 GC heap after
{Heap after GC invocations=5 (full 0):
 garbage-first heap   total 256000K, used 21834K [0x0000000708400000, 0x0000000800000000)
  region size 1024K, 17 young (17408K), 17 survivors (17408K)
 Metaspace       used 27752K, capacity 28900K, committed 29104K, reserved 1075200K
  class space    used 3790K, capacity 4260K, committed 4352K, reserved 1048576K
}
Event: 1,677 GC heap before
{Heap before GC invocations=5 (full 0):
 garbage-first heap   total 256000K, used 125258K [0x0000000708400000, 0x0000000800000000)
  region size 1024K, 115 young (117760K), 17 survivors (17408K)
 Metaspace       used 34438K, capacity 35659K, committed 35888K, reserved 1079296K
  class space    used 4621K, capacity 5124K, committed 5248K, reserved 1048576K
}
Event: 1,692 GC heap after
{Heap after GC invocations=6 (full 0):
 garbage-first heap   total 348160K, used 24986K [0x0000000708400000, 0x0000000800000000)
  region size 1024K, 11 young (11264K), 11 survivors (11264K)
 Metaspace       used 34438K, capacity 35659K, committed 35888K, reserved 1079296K
  class space    used 4621K, capacity 5124K, committed 5248K, reserved 1048576K
}
Event: 2,617 GC heap before
{Heap before GC invocations=7 (full 0):
 garbage-first heap   total 348160K, used 198042K [0x0000000708400000, 0x0000000800000000)
  region size 1024K, 180 young (184320K), 11 survivors (11264K)
 Metaspace       used 54039K, capacity 55943K, committed 56240K, reserved 1097728K
  class space    used 7426K, capacity 8157K, committed 8192K, reserved 1048576K
}

