# JRE version: OpenJDK Runtime Environment (11.0.11+9) (build 11.0.11+9-Ubuntu-0ubuntu2.20.04)
# Java VM: OpenJDK 64-Bit Server VM (11.0.11+9-Ubuntu-0ubuntu2.20.04, mixed mode, sharing, tiered, compressed oops, g1 gc, linux-amd64)
Heap:
 garbage-first heap   total 365568K, used 39463K [0x0000000708400000, 0x0000000800000000)
  region size 1024K, 19 young (19456K), 14 survivors (14336K)
 Metaspace       used 58309K, capacity 60386K, committed 60464K, reserved 1101824K
  class space    used 7978K, capacity 8827K, committed 8832K, reserved 1048576K
GC Heap History (14 events):
Event: 0,218 GC heap before
{Heap before GC invocations=0 (full 0):
 garbage-first heap   total 256000K, used 27336K [0x0000000708400000, 0x0000000800000000)
  region size 1024K, 24 young (24576K), 0 survivors (0K)
 Metaspace       used 2875K, capacity 6095K, committed 6272K, reserved 1056768K
  class space    used 327K, capacity 586K, committed 640K, reserved 1048576K
}
Event: 0,226 GC heap after
{Heap after GC invocations=1 (full 0):
 garbage-first heap   total 256000K, used 7606K [0x0000000708400000, 0x0000000800000000)
  region size 1024K, 3 young (3072K), 3 survivors (3072K)
 Metaspace       used 2875K, capacity 6095K, committed 6272K, reserved 1056768K
  class space    used 327K, capacity 586K, committed 640K, reserved 1048576K
}
Event: 0,880 GC heap before
{Heap before GC invocations=1 (full 0):
 garbage-first heap   total 256000K, used 156086K [0x0000000708400000, 0x0000000800000000)
  region size 1024K, 148 young (151552K), 3 survivors (3072K)
 Metaspace       used 15272K, capacity 16532K, committed 16768K, reserved 1062912K
  class space    used 2127K, capacity 2390K, committed 2432K, reserved 1048576K
}
Event: 0,886 GC heap after
{Heap after GC invocations=2 (full 0):
 garbage-first heap   total 256000K, used 11589K [0x0000000708400000, 0x0000000800000000)
  region size 1024K, 7 young (7168K), 7 survivors (7168K)
 Metaspace       used 15272K, capacity 16532K, committed 16768K, reserved 1062912K
  class space    used 2127K, capacity 2390K, committed 2432K, reserved 1048576K
}
Event: 1,310 GC heap before
{Heap before GC invocations=2 (full 0):
 garbage-first heap   total 256000K, used 130373K [0x0000000708400000, 0x0000000800000000)
  region size 1024K, 125 young (128000K), 7 survivors (7168K)
 Metaspace       used 19773K, capacity 21135K, committed 21296K, reserved 1067008K
  class space    used 2747K, capacity 3113K, committed 3200K, reserved 1048576K
}
Event: 1,322 GC heap after
{Heap after GC invocations=3 (full 0):
 garbage-first heap   total 256000K, used 14738K [0x0000000708400000, 0x0000000800000000)
  region size 1024K, 10 young (10240K), 10 survivors (10240K)
 Metaspace       used 19773K, capacity 21135K, committed 21296K, reserved 1067008K
  class space    used 2747K, capacity 3113K, committed 3200K, reserved 1048576K
}
Event: 1,794 GC heap before
{Heap before GC invocations=4 (full 0):
 garbage-first heap   total 256000K, used 163218K [0x0000000708400000, 0x0000000800000000)
  region size 1024K, 148 young (151552K), 10 survivors (10240K)
 Metaspace       used 27775K, capacity 28900K, committed 29104K, reserved 1075200K
  class space    used 3792K, capacity 4260K, committed 4352K, reserved 1048576K
}
Event: 1,806 GC heap after
{Heap after GC invocations=5 (full 0):
 garbage-first heap   total 256000K, used 21925K [0x0000000708400000, 0x0000000800000000)
  region size 1024K, 17 young (17408K), 17 survivors (17408K)
 Metaspace       used 27775K, capacity 28900K, committed 29104K, reserved 1075200K
  class space    used 3792K, capacity 4260K, committed 4352K, reserved 1048576K
}
Event: 2,081 GC heap before
{Heap before GC invocations=5 (full 0):
 garbage-first heap   total 256000K, used 126373K [0x0000000708400000, 0x0000000800000000)
  region size 1024K, 116 young (118784K), 17 survivors (17408K)
 Metaspace       used 34455K, capacity 35659K, committed 35888K, reserved 1079296K
  class space    used 4623K, capacity 5124K, committed 5248K, reserved 1048576K
}
Event: 2,098 GC heap after
{Heap after GC invocations=6 (full 0):
 garbage-first heap   total 365568K, used 25318K [0x0000000708400000, 0x0000000800000000)
  region size 1024K, 11 young (11264K), 11 survivors (11264K)
 Metaspace       used 34455K, capacity 35659K, committed 35888K, reserved 1079296K
  class space    used 4623K, capacity 5124K, committed 5248K, reserved 1048576K
}
Event: 3,113 GC heap before
{Heap before GC invocations=7 (full 0):
 garbage-first heap   total 365568K, used 200422K [0x0000000708400000, 0x0000000800000000)
  region size 1024K, 182 young (186368K), 11 survivors (11264K)
 Metaspace       used 53989K, capacity 55875K, committed 55984K, reserved 1097728K
  class space    used 7418K, capacity 8177K, committed 8192K, reserved 1048576K
}
Event: 3,122 GC heap after
{Heap after GC invocations=8 (full 0):
 garbage-first heap   total 365568K, used 34534K [0x0000000708400000, 0x0000000800000000)
  region size 1024K, 20 young (20480K), 20 survivors (20480K)
 Metaspace       used 53989K, capacity 55875K, committed 55984K, reserved 1097728K
  class space    used 7418K, capacity 8177K, committed 8192K, reserved 1048576K
}
Event: 6,537 GC heap before
{Heap before GC invocations=8 (full 0):
 garbage-first heap   total 365568K, used 71398K [0x0000000708400000, 0x0000000800000000)
  region size 1024K, 57 young (58368K), 20 survivors (20480K)
 Metaspace       used 58031K, capacity 60066K, committed 60208K, reserved 1101824K
  class space    used 7927K, capacity 8763K, committed 8832K, reserved 1048576K
}
Event: 6,547 GC heap after
{Heap after GC invocations=9 (full 0):
 garbage-first heap   total 365568K, used 35367K [0x0000000708400000, 0x0000000800000000)
  region size 1024K, 14 young (14336K), 14 survivors (14336K)
 Metaspace       used 58031K, capacity 60066K, committed 60208K, reserved 1101824K
  class space    used 7927K, capacity 8763K, committed 8832K, reserved 1048576K
}

