# JRE version: OpenJDK Runtime Environment (11.0.11+9) (build 11.0.11+9-Ubuntu-0ubuntu2.20.04)
# Java VM: OpenJDK 64-Bit Server VM (11.0.11+9-Ubuntu-0ubuntu2.20.04, mixed mode, sharing, tiered, compressed oops, g1 gc, linux-amd64)
Heap:
 garbage-first heap   total 323584K, used 200201K [0x0000000708400000, 0x0000000800000000)
  region size 1024K, 192 young (196608K), 21 survivors (21504K)
 Metaspace       used 53832K, capacity 55664K, committed 55728K, reserved 1097728K
  class space    used 7393K, capacity 8170K, committed 8192K, reserved 1048576K
GC Heap History (11 events):
Event: 0,238 GC heap before
{Heap before GC invocations=0 (full 0):
 garbage-first heap   total 256000K, used 27336K [0x0000000708400000, 0x0000000800000000)
  region size 1024K, 24 young (24576K), 0 survivors (0K)
 Metaspace       used 2866K, capacity 6095K, committed 6272K, reserved 1056768K
  class space    used 325K, capacity 586K, committed 640K, reserved 1048576K
}
Event: 0,244 GC heap after
{Heap after GC invocations=1 (full 0):
 garbage-first heap   total 256000K, used 7263K [0x0000000708400000, 0x0000000800000000)
  region size 1024K, 3 young (3072K), 3 survivors (3072K)
 Metaspace       used 2866K, capacity 6095K, committed 6272K, reserved 1056768K
  class space    used 325K, capacity 586K, committed 640K, reserved 1048576K
}
Event: 0,741 GC heap before
{Heap before GC invocations=1 (full 0):
 garbage-first heap   total 256000K, used 155743K [0x0000000708400000, 0x0000000800000000)
  region size 1024K, 148 young (151552K), 3 survivors (3072K)
 Metaspace       used 15266K, capacity 16520K, committed 16768K, reserved 1062912K
  class space    used 2124K, capacity 2386K, committed 2432K, reserved 1048576K
}
Event: 0,746 GC heap after
{Heap after GC invocations=2 (full 0):
 garbage-first heap   total 256000K, used 11278K [0x0000000708400000, 0x0000000800000000)
  region size 1024K, 7 young (7168K), 7 survivors (7168K)
 Metaspace       used 15266K, capacity 16520K, committed 16768K, reserved 1062912K
  class space    used 2124K, capacity 2386K, committed 2432K, reserved 1048576K
}
Event: 1,102 GC heap before
{Heap before GC invocations=2 (full 0):
 garbage-first heap   total 256000K, used 131086K [0x0000000708400000, 0x0000000800000000)
  region size 1024K, 126 young (129024K), 7 survivors (7168K)
 Metaspace       used 19771K, capacity 21138K, committed 21296K, reserved 1067008K
  class space    used 2748K, capacity 3114K, committed 3200K, reserved 1048576K
}
Event: 1,109 GC heap after
{Heap after GC invocations=3 (full 0):
 garbage-first heap   total 256000K, used 14662K [0x0000000708400000, 0x0000000800000000)
  region size 1024K, 11 young (11264K), 11 survivors (11264K)
 Metaspace       used 19771K, capacity 21138K, committed 21296K, reserved 1067008K
  class space    used 2748K, capacity 3114K, committed 3200K, reserved 1048576K
}
Event: 1,557 GC heap before
{Heap before GC invocations=4 (full 0):
 garbage-first heap   total 256000K, used 162118K [0x0000000708400000, 0x0000000800000000)
  region size 1024K, 148 young (151552K), 11 survivors (11264K)
 Metaspace       used 27494K, capacity 28600K, committed 28720K, reserved 1073152K
  class space    used 3775K, capacity 4224K, committed 4224K, reserved 1048576K
}
Event: 1,566 GC heap after
{Heap after GC invocations=5 (full 0):
 garbage-first heap   total 256000K, used 21555K [0x0000000708400000, 0x0000000800000000)
  region size 1024K, 14 young (14336K), 14 survivors (14336K)
 Metaspace       used 27494K, capacity 28600K, committed 28720K, reserved 1073152K
  class space    used 3775K, capacity 4224K, committed 4224K, reserved 1048576K
}
Event: 1,839 GC heap before
{Heap before GC invocations=5 (full 0):
 garbage-first heap   total 256000K, used 128051K [0x0000000708400000, 0x0000000800000000)
  region size 1024K, 115 young (117760K), 14 survivors (14336K)
 Metaspace       used 34420K, capacity 35679K, committed 35888K, reserved 1079296K
  class space    used 4612K, capacity 5153K, committed 5248K, reserved 1048576K
}
Event: 1,851 GC heap after
{Heap after GC invocations=6 (full 0):
 garbage-first heap   total 323584K, used 25097K [0x0000000708400000, 0x0000000800000000)
  region size 1024K, 11 young (11264K), 11 survivors (11264K)
 Metaspace       used 34420K, capacity 35679K, committed 35888K, reserved 1079296K
  class space    used 4612K, capacity 5153K, committed 5248K, reserved 1048576K
}
Event: 3,075 GC heap before
{Heap before GC invocations=7 (full 0):
 garbage-first heap   total 323584K, used 200201K [0x0000000708400000, 0x0000000800000000)
  region size 1024K, 182 young (186368K), 11 survivors (11264K)
 Metaspace       used 53832K, capacity 55664K, committed 55728K, reserved 1097728K
  class space    used 7393K, capacity 8170K, committed 8192K, reserved 1048576K
}

