# JRE version: OpenJDK Runtime Environment (11.0.11+9) (build 11.0.11+9-Ubuntu-0ubuntu2.20.04)
# Java VM: OpenJDK 64-Bit Server VM (11.0.11+9-Ubuntu-0ubuntu2.20.04, mixed mode, sharing, tiered, compressed oops, g1 gc, linux-amd64)
Heap:
 garbage-first heap   total 256000K, used 21855K [0x0000000708400000, 0x0000000800000000)
  region size 1024K, 20 young (20480K), 9 survivors (9216K)
 Metaspace       used 21715K, capacity 22648K, committed 22912K, reserved 1069056K
  class space    used 2826K, capacity 3171K, committed 3200K, reserved 1048576K
GC Heap History (6 events):
Event: 0,279 GC heap before
{Heap before GC invocations=0 (full 0):
 garbage-first heap   total 256000K, used 25288K [0x0000000708400000, 0x0000000800000000)
  region size 1024K, 24 young (24576K), 0 survivors (0K)
 Metaspace       used 4139K, capacity 6350K, committed 6656K, reserved 1056768K
  class space    used 479K, capacity 705K, committed 768K, reserved 1048576K
}
Event: 0,287 GC heap after
{Heap after GC invocations=1 (full 0):
 garbage-first heap   total 256000K, used 7194K [0x0000000708400000, 0x0000000800000000)
  region size 1024K, 3 young (3072K), 3 survivors (3072K)
 Metaspace       used 4139K, capacity 6350K, committed 6656K, reserved 1056768K
  class space    used 479K, capacity 705K, committed 768K, reserved 1048576K
}
Event: 1,105 GC heap before
{Heap before GC invocations=1 (full 0):
 garbage-first heap   total 256000K, used 154650K [0x0000000708400000, 0x0000000800000000)
  region size 1024K, 148 young (151552K), 3 survivors (3072K)
 Metaspace       used 19667K, capacity 20568K, committed 20736K, reserved 1067008K
  class space    used 2647K, capacity 3011K, committed 3072K, reserved 1048576K
}
Event: 1,111 GC heap after
{Heap after GC invocations=2 (full 0):
 garbage-first heap   total 256000K, used 12309K [0x0000000708400000, 0x0000000800000000)
  region size 1024K, 8 young (8192K), 8 survivors (8192K)
 Metaspace       used 19667K, capacity 20568K, committed 20736K, reserved 1067008K
  class space    used 2647K, capacity 3011K, committed 3072K, reserved 1048576K
}
Event: 1,126 GC heap before
{Heap before GC invocations=2 (full 0):
 garbage-first heap   total 256000K, used 23573K [0x0000000708400000, 0x0000000800000000)
  region size 1024K, 21 young (21504K), 8 survivors (8192K)
 Metaspace       used 20253K, capacity 21112K, committed 21248K, reserved 1067008K
  class space    used 2688K, capacity 3043K, committed 3072K, reserved 1048576K
}
Event: 1,132 GC heap after
{Heap after GC invocations=3 (full 0):
 garbage-first heap   total 256000K, used 12639K [0x0000000708400000, 0x0000000800000000)
  region size 1024K, 9 young (9216K), 9 survivors (9216K)
 Metaspace       used 20253K, capacity 21112K, committed 21248K, reserved 1067008K
  class space    used 2688K, capacity 3043K, committed 3072K, reserved 1048576K
}

