# JRE version: OpenJDK Runtime Environment (11.0.11+9) (build 11.0.11+9-Ubuntu-0ubuntu2.20.04)
# Java VM: OpenJDK 64-Bit Server VM (11.0.11+9-Ubuntu-0ubuntu2.20.04, mixed mode, sharing, tiered, compressed oops, g1 gc, linux-amd64)
Heap:
 garbage-first heap   total 256000K, used 99922K [0x0000000708400000, 0x0000000800000000)
  region size 1024K, 91 young (93184K), 7 survivors (7168K)
 Metaspace       used 34562K, capacity 35832K, committed 35964K, reserved 1079296K
  class space    used 4625K, capacity 5183K, committed 5248K, reserved 1048576K
GC Heap History (9 events):
Event: 0,284 GC heap before
{Heap before GC invocations=0 (full 0):
 garbage-first heap   total 256000K, used 25288K [0x0000000708400000, 0x0000000800000000)
  region size 1024K, 24 young (24576K), 0 survivors (0K)
 Metaspace       used 4152K, capacity 6350K, committed 6656K, reserved 1056768K
  class space    used 479K, capacity 705K, committed 768K, reserved 1048576K
}
Event: 0,291 GC heap after
{Heap after GC invocations=1 (full 0):
 garbage-first heap   total 256000K, used 7739K [0x0000000708400000, 0x0000000800000000)
  region size 1024K, 3 young (3072K), 3 survivors (3072K)
 Metaspace       used 4152K, capacity 6350K, committed 6656K, reserved 1056768K
  class space    used 479K, capacity 705K, committed 768K, reserved 1048576K
}
Event: 1,088 GC heap before
{Heap before GC invocations=1 (full 0):
 garbage-first heap   total 256000K, used 155195K [0x0000000708400000, 0x0000000800000000)
  region size 1024K, 148 young (151552K), 3 survivors (3072K)
 Metaspace       used 19686K, capacity 20562K, committed 20736K, reserved 1067008K
  class space    used 2657K, capacity 3010K, committed 3072K, reserved 1048576K
}
Event: 1,095 GC heap after
{Heap after GC invocations=2 (full 0):
 garbage-first heap   total 256000K, used 12642K [0x0000000708400000, 0x0000000800000000)
  region size 1024K, 8 young (8192K), 8 survivors (8192K)
 Metaspace       used 19686K, capacity 20562K, committed 20736K, reserved 1067008K
  class space    used 2657K, capacity 3010K, committed 3072K, reserved 1048576K
}
Event: 1,109 GC heap before
{Heap before GC invocations=2 (full 0):
 garbage-first heap   total 256000K, used 23906K [0x0000000708400000, 0x0000000800000000)
  region size 1024K, 21 young (21504K), 8 survivors (8192K)
 Metaspace       used 20232K, capacity 21108K, committed 21248K, reserved 1067008K
  class space    used 2700K, capacity 3043K, committed 3072K, reserved 1048576K
}
Event: 1,119 GC heap after
{Heap after GC invocations=3 (full 0):
 garbage-first heap   total 256000K, used 13155K [0x0000000708400000, 0x0000000800000000)
  region size 1024K, 9 young (9216K), 9 survivors (9216K)
 Metaspace       used 20232K, capacity 21108K, committed 21248K, reserved 1067008K
  class space    used 2700K, capacity 3043K, committed 3072K, reserved 1048576K
}
Event: 1,407 GC heap before
{Heap before GC invocations=4 (full 0):
 garbage-first heap   total 256000K, used 73571K [0x0000000708400000, 0x0000000800000000)
  region size 1024K, 68 young (69632K), 9 survivors (9216K)
 Metaspace       used 25768K, capacity 26787K, committed 27132K, reserved 1073152K
  class space    used 3365K, capacity 3759K, committed 3840K, reserved 1048576K
}
Event: 1,414 GC heap after
{Heap after GC invocations=5 (full 0):
 garbage-first heap   total 256000K, used 14416K [0x0000000708400000, 0x0000000800000000)
  region size 1024K, 3 young (3072K), 3 survivors (3072K)
 Metaspace       used 25768K, capacity 26787K, committed 27132K, reserved 1073152K
  class space    used 3365K, capacity 3759K, committed 3840K, reserved 1048576K
}
Event: 2,119 GC heap before
{Heap before GC invocations=5 (full 0):
 garbage-first heap   total 256000K, used 99408K [0x0000000708400000, 0x0000000800000000)
  region size 1024K, 87 young (89088K), 3 survivors (3072K)
 Metaspace       used 34562K, capacity 35832K, committed 35964K, reserved 1079296K
  class space    used 4625K, capacity 5183K, committed 5248K, reserved 1048576K
}

