# JRE version: OpenJDK Runtime Environment (11.0.11+9) (build 11.0.11+9-Ubuntu-0ubuntu2.20.04)
# Java VM: OpenJDK 64-Bit Server VM (11.0.11+9-Ubuntu-0ubuntu2.20.04, mixed mode, sharing, tiered, compressed oops, g1 gc, linux-amd64)
Heap:
 garbage-first heap   total 342016K, used 203676K [0x0000000708400000, 0x0000000800000000)
  region size 1024K, 195 young (199680K), 21 survivors (21504K)
 Metaspace       used 54196K, capacity 56158K, committed 56368K, reserved 1097728K
  class space    used 7444K, capacity 8207K, committed 8320K, reserved 1048576K
GC Heap History (11 events):
Event: 0,212 GC heap before
{Heap before GC invocations=0 (full 0):
 garbage-first heap   total 256000K, used 27336K [0x0000000708400000, 0x0000000800000000)
  region size 1024K, 24 young (24576K), 0 survivors (0K)
 Metaspace       used 2866K, capacity 6095K, committed 6272K, reserved 1056768K
  class space    used 325K, capacity 586K, committed 640K, reserved 1048576K
}
Event: 0,219 GC heap after
{Heap after GC invocations=1 (full 0):
 garbage-first heap   total 256000K, used 7206K [0x0000000708400000, 0x0000000800000000)
  region size 1024K, 3 young (3072K), 3 survivors (3072K)
 Metaspace       used 2866K, capacity 6095K, committed 6272K, reserved 1056768K
  class space    used 325K, capacity 586K, committed 640K, reserved 1048576K
}
Event: 0,724 GC heap before
{Heap before GC invocations=1 (full 0):
 garbage-first heap   total 256000K, used 155686K [0x0000000708400000, 0x0000000800000000)
  region size 1024K, 148 young (151552K), 3 survivors (3072K)
 Metaspace       used 15269K, capacity 16526K, committed 16768K, reserved 1062912K
  class space    used 2126K, capacity 2388K, committed 2432K, reserved 1048576K
}
Event: 0,729 GC heap after
{Heap after GC invocations=2 (full 0):
 garbage-first heap   total 256000K, used 11090K [0x0000000708400000, 0x0000000800000000)
  region size 1024K, 7 young (7168K), 7 survivors (7168K)
 Metaspace       used 15269K, capacity 16526K, committed 16768K, reserved 1062912K
  class space    used 2126K, capacity 2388K, committed 2432K, reserved 1048576K
}
Event: 1,111 GC heap before
{Heap before GC invocations=2 (full 0):
 garbage-first heap   total 256000K, used 130898K [0x0000000708400000, 0x0000000800000000)
  region size 1024K, 126 young (129024K), 7 survivors (7168K)
 Metaspace       used 19776K, capacity 21138K, committed 21296K, reserved 1067008K
  class space    used 2748K, capacity 3114K, committed 3200K, reserved 1048576K
}
Event: 1,119 GC heap after
{Heap after GC invocations=3 (full 0):
 garbage-first heap   total 256000K, used 14322K [0x0000000708400000, 0x0000000800000000)
  region size 1024K, 10 young (10240K), 10 survivors (10240K)
 Metaspace       used 19776K, capacity 21138K, committed 21296K, reserved 1067008K
  class space    used 2748K, capacity 3114K, committed 3200K, reserved 1048576K
}
Event: 1,616 GC heap before
{Heap before GC invocations=4 (full 0):
 garbage-first heap   total 256000K, used 162802K [0x0000000708400000, 0x0000000800000000)
  region size 1024K, 148 young (151552K), 10 survivors (10240K)
 Metaspace       used 27747K, capacity 28836K, committed 29104K, reserved 1075200K
  class space    used 3798K, capacity 4260K, committed 4352K, reserved 1048576K
}
Event: 1,625 GC heap after
{Heap after GC invocations=5 (full 0):
 garbage-first heap   total 256000K, used 21494K [0x0000000708400000, 0x0000000800000000)
  region size 1024K, 17 young (17408K), 17 survivors (17408K)
 Metaspace       used 27747K, capacity 28836K, committed 29104K, reserved 1075200K
  class space    used 3798K, capacity 4260K, committed 4352K, reserved 1048576K
}
Event: 1,895 GC heap before
{Heap before GC invocations=5 (full 0):
 garbage-first heap   total 256000K, used 126966K [0x0000000708400000, 0x0000000800000000)
  region size 1024K, 117 young (119808K), 17 survivors (17408K)
 Metaspace       used 34436K, capacity 35679K, committed 35888K, reserved 1079296K
  class space    used 4617K, capacity 5153K, committed 5248K, reserved 1048576K
}
Event: 1,908 GC heap after
{Heap after GC invocations=6 (full 0):
 garbage-first heap   total 342016K, used 25500K [0x0000000708400000, 0x0000000800000000)
  region size 1024K, 12 young (12288K), 12 survivors (12288K)
 Metaspace       used 34436K, capacity 35679K, committed 35888K, reserved 1079296K
  class space    used 4617K, capacity 5153K, committed 5248K, reserved 1048576K
}
Event: 3,050 GC heap before
{Heap before GC invocations=7 (full 0):
 garbage-first heap   total 342016K, used 203676K [0x0000000708400000, 0x0000000800000000)
  region size 1024K, 186 young (190464K), 12 survivors (12288K)
 Metaspace       used 54196K, capacity 56158K, committed 56368K, reserved 1097728K
  class space    used 7444K, capacity 8207K, committed 8320K, reserved 1048576K
}

