# JRE version: OpenJDK Runtime Environment (11.0.13+8) (build 11.0.13+8-Ubuntu-0ubuntu1.20.04)
# Java VM: OpenJDK 64-Bit Server VM (11.0.13+8-Ubuntu-0ubuntu1.20.04, mixed mode, sharing, tiered, compressed oops, g1 gc, linux-amd64)
Heap:
 garbage-first heap   total 256000K, used 120621K [0x0000000708400000, 0x0000000800000000)
  region size 1024K, 103 young (105472K), 5 survivors (5120K)
 Metaspace       used 23674K, capacity 24323K, committed 24704K, reserved 1071104K
  class space    used 2617K, capacity 2859K, committed 2944K, reserved 1048576K
GC Heap History (6 events):
Event: 0,458 GC heap before
{Heap before GC invocations=0 (full 0):
 garbage-first heap   total 256000K, used 25288K [0x0000000708400000, 0x0000000800000000)
  region size 1024K, 24 young (24576K), 0 survivors (0K)
 Metaspace       used 5642K, capacity 7995K, committed 8192K, reserved 1056768K
  class space    used 649K, capacity 902K, committed 1024K, reserved 1048576K
}
Event: 0,467 GC heap after
{Heap after GC invocations=1 (full 0):
 garbage-first heap   total 256000K, used 3828K [0x0000000708400000, 0x0000000800000000)
  region size 1024K, 3 young (3072K), 3 survivors (3072K)
 Metaspace       used 5642K, capacity 7995K, committed 8192K, reserved 1056768K
  class space    used 649K, capacity 902K, committed 1024K, reserved 1048576K
}
Event: 1,526 GC heap before
{Heap before GC invocations=1 (full 0):
 garbage-first heap   total 256000K, used 152308K [0x0000000708400000, 0x0000000800000000)
  region size 1024K, 148 young (151552K), 3 survivors (3072K)
 Metaspace       used 14051K, capacity 15621K, committed 15744K, reserved 1062912K
  class space    used 1545K, capacity 1806K, committed 1920K, reserved 1048576K
}
Event: 1,535 GC heap after
{Heap after GC invocations=2 (full 0):
 garbage-first heap   total 256000K, used 15221K [0x0000000708400000, 0x0000000800000000)
  region size 1024K, 15 young (15360K), 15 survivors (15360K)
 Metaspace       used 14051K, capacity 15621K, committed 15744K, reserved 1062912K
  class space    used 1545K, capacity 1806K, committed 1920K, reserved 1048576K
}
Event: 1,916 GC heap before
{Heap before GC invocations=2 (full 0):
 garbage-first heap   total 256000K, used 166773K [0x0000000708400000, 0x0000000800000000)
  region size 1024K, 115 young (117760K), 15 survivors (15360K)
 Metaspace       used 20166K, capacity 21133K, committed 21248K, reserved 1069056K
  class space    used 2248K, capacity 2480K, committed 2560K, reserved 1048576K
}
Event: 1,940 GC heap after
{Heap after GC invocations=3 (full 0):
 garbage-first heap   total 256000K, used 19245K [0x0000000708400000, 0x0000000800000000)
  region size 1024K, 5 young (5120K), 5 survivors (5120K)
 Metaspace       used 20166K, capacity 21133K, committed 21248K, reserved 1069056K
  class space    used 2248K, capacity 2480K, committed 2560K, reserved 1048576K
}

