# JRE version: OpenJDK Runtime Environment (11.0.11+9) (build 11.0.11+9-Ubuntu-0ubuntu2.20.04)
# Java VM: OpenJDK 64-Bit Server VM (11.0.11+9-Ubuntu-0ubuntu2.20.04, mixed mode, sharing, tiered, compressed oops, g1 gc, linux-amd64)
Heap:
 garbage-first heap   total 256000K, used 163606K [0x0000000708400000, 0x0000000800000000)
  region size 1024K, 156 young (159744K), 18 survivors (18432K)
 Metaspace       used 27773K, capacity 28900K, committed 29360K, reserved 1075200K
  class space    used 3792K, capacity 4260K, committed 4352K, reserved 1048576K
GC Heap History (7 events):
Event: 0,194 GC heap before
{Heap before GC invocations=0 (full 0):
 garbage-first heap   total 256000K, used 27336K [0x0000000708400000, 0x0000000800000000)
  region size 1024K, 24 young (24576K), 0 survivors (0K)
 Metaspace       used 2876K, capacity 6095K, committed 6272K, reserved 1056768K
  class space    used 327K, capacity 586K, committed 640K, reserved 1048576K
}
Event: 0,199 GC heap after
{Heap after GC invocations=1 (full 0):
 garbage-first heap   total 256000K, used 7408K [0x0000000708400000, 0x0000000800000000)
  region size 1024K, 3 young (3072K), 3 survivors (3072K)
 Metaspace       used 2876K, capacity 6095K, committed 6272K, reserved 1056768K
  class space    used 327K, capacity 586K, committed 640K, reserved 1048576K
}
Event: 0,652 GC heap before
{Heap before GC invocations=1 (full 0):
 garbage-first heap   total 256000K, used 155888K [0x0000000708400000, 0x0000000800000000)
  region size 1024K, 148 young (151552K), 3 survivors (3072K)
 Metaspace       used 15375K, capacity 16634K, committed 16768K, reserved 1062912K
  class space    used 2130K, capacity 2381K, committed 2432K, reserved 1048576K
}
Event: 0,656 GC heap after
{Heap after GC invocations=2 (full 0):
 garbage-first heap   total 256000K, used 11217K [0x0000000708400000, 0x0000000800000000)
  region size 1024K, 7 young (7168K), 7 survivors (7168K)
 Metaspace       used 15375K, capacity 16634K, committed 16768K, reserved 1062912K
  class space    used 2130K, capacity 2381K, committed 2432K, reserved 1048576K
}
Event: 0,987 GC heap before
{Heap before GC invocations=2 (full 0):
 garbage-first heap   total 256000K, used 130001K [0x0000000708400000, 0x0000000800000000)
  region size 1024K, 125 young (128000K), 7 survivors (7168K)
 Metaspace       used 19776K, capacity 21135K, committed 21296K, reserved 1067008K
  class space    used 2747K, capacity 3113K, committed 3200K, reserved 1048576K
}
Event: 0,996 GC heap after
{Heap after GC invocations=3 (full 0):
 garbage-first heap   total 256000K, used 14102K [0x0000000708400000, 0x0000000800000000)
  region size 1024K, 10 young (10240K), 10 survivors (10240K)
 Metaspace       used 19776K, capacity 21135K, committed 21296K, reserved 1067008K
  class space    used 2747K, capacity 3113K, committed 3200K, reserved 1048576K
}
Event: 1,458 GC heap before
{Heap before GC invocations=4 (full 0):
 garbage-first heap   total 256000K, used 162582K [0x0000000708400000, 0x0000000800000000)
  region size 1024K, 148 young (151552K), 10 survivors (10240K)
 Metaspace       used 27773K, capacity 28900K, committed 29360K, reserved 1075200K
  class space    used 3792K, capacity 4260K, committed 4352K, reserved 1048576K
}

