# JRE version: OpenJDK Runtime Environment (11.0.13+8) (build 11.0.13+8-Ubuntu-0ubuntu1.20.04)
# Java VM: OpenJDK 64-Bit Server VM (11.0.13+8-Ubuntu-0ubuntu1.20.04, mixed mode, sharing, tiered, compressed oops, g1 gc, linux-amd64)
Heap:
 garbage-first heap   total 256000K, used 145686K [0x0000000708400000, 0x0000000800000000)
  region size 1024K, 127 young (130048K), 4 survivors (4096K)
 Metaspace       used 24465K, capacity 25129K, committed 25472K, reserved 1071104K
  class space    used 2664K, capacity 2885K, committed 2944K, reserved 1048576K
GC Heap History (6 events):
Event: 0,475 GC heap before
{Heap before GC invocations=0 (full 0):
 garbage-first heap   total 256000K, used 25288K [0x0000000708400000, 0x0000000800000000)
  region size 1024K, 24 young (24576K), 0 survivors (0K)
 Metaspace       used 5656K, capacity 7995K, committed 8192K, reserved 1056768K
  class space    used 649K, capacity 902K, committed 1024K, reserved 1048576K
}
Event: 0,484 GC heap after
{Heap after GC invocations=1 (full 0):
 garbage-first heap   total 256000K, used 4097K [0x0000000708400000, 0x0000000800000000)
  region size 1024K, 3 young (3072K), 3 survivors (3072K)
 Metaspace       used 5656K, capacity 7995K, committed 8192K, reserved 1056768K
  class space    used 649K, capacity 902K, committed 1024K, reserved 1048576K
}
Event: 1,491 GC heap before
{Heap before GC invocations=1 (full 0):
 garbage-first heap   total 256000K, used 152577K [0x0000000708400000, 0x0000000800000000)
  region size 1024K, 148 young (151552K), 3 survivors (3072K)
 Metaspace       used 14095K, capacity 15622K, committed 16000K, reserved 1062912K
  class space    used 1545K, capacity 1806K, committed 1920K, reserved 1048576K
}
Event: 1,501 GC heap after
{Heap after GC invocations=2 (full 0):
 garbage-first heap   total 256000K, used 14904K [0x0000000708400000, 0x0000000800000000)
  region size 1024K, 14 young (14336K), 14 survivors (14336K)
 Metaspace       used 14095K, capacity 15622K, committed 16000K, reserved 1062912K
  class space    used 1545K, capacity 1806K, committed 1920K, reserved 1048576K
}
Event: 1,851 GC heap before
{Heap before GC invocations=2 (full 0):
 garbage-first heap   total 256000K, used 165432K [0x0000000708400000, 0x0000000800000000)
  region size 1024K, 113 young (115712K), 14 survivors (14336K)
 Metaspace       used 19888K, capacity 20904K, committed 21248K, reserved 1069056K
  class space    used 2214K, capacity 2446K, committed 2560K, reserved 1048576K
}
Event: 1,864 GC heap after
{Heap after GC invocations=3 (full 0):
 garbage-first heap   total 256000K, used 18710K [0x0000000708400000, 0x0000000800000000)
  region size 1024K, 4 young (4096K), 4 survivors (4096K)
 Metaspace       used 19888K, capacity 20904K, committed 21248K, reserved 1069056K
  class space    used 2214K, capacity 2446K, committed 2560K, reserved 1048576K
}

