# JRE version: OpenJDK Runtime Environment (11.0.13+8) (build 11.0.13+8-Ubuntu-0ubuntu1.20.04)
# Java VM: OpenJDK 64-Bit Server VM (11.0.13+8-Ubuntu-0ubuntu1.20.04, mixed mode, sharing, tiered, compressed oops, g1 gc, linux-amd64)
Heap:
 garbage-first heap   total 167936K, used 123044K [0x0000000708400000, 0x0000000800000000)
  region size 1024K, 8 young (8192K), 4 survivors (4096K)
 Metaspace       used 66365K, capacity 68947K, committed 69256K, reserved 1107968K
  class space    used 8854K, capacity 9848K, committed 9980K, reserved 1048576K
GC Heap History (20 events):
Event: 1424,175 GC heap before
{Heap before GC invocations=685 (full 1):
 garbage-first heap   total 167936K, used 92648K [0x0000000708400000, 0x0000000800000000)
  region size 1024K, 5 young (5120K), 1 survivors (1024K)
 Metaspace       used 65649K, capacity 68080K, committed 68232K, reserved 1107968K
  class space    used 8781K, capacity 9724K, committed 9724K, reserved 1048576K
}
Event: 1424,206 GC heap after
{Heap after GC invocations=686 (full 2):
 garbage-first heap   total 137216K, used 37028K [0x0000000708400000, 0x0000000800000000)
  region size 1024K, 0 young (0K), 0 survivors (0K)
 Metaspace       used 65649K, capacity 68080K, committed 68232K, reserved 1107968K
  class space    used 8781K, capacity 9724K, committed 9724K, reserved 1048576K
}
Event: 1424,279 GC heap before
{Heap before GC invocations=686 (full 2):
 garbage-first heap   total 137216K, used 64676K [0x0000000708400000, 0x0000000800000000)
  region size 1024K, 27 young (27648K), 0 survivors (0K)
 Metaspace       used 65667K, capacity 68104K, committed 68360K, reserved 1107968K
  class space    used 8783K, capacity 9728K, committed 9852K, reserved 1048576K
}
Event: 1424,284 GC heap after
{Heap after GC invocations=687 (full 2):
 garbage-first heap   total 137216K, used 39422K [0x0000000708400000, 0x0000000800000000)
  region size 1024K, 3 young (3072K), 3 survivors (3072K)
 Metaspace       used 65667K, capacity 68104K, committed 68360K, reserved 1107968K
  class space    used 8783K, capacity 9728K, committed 9852K, reserved 1048576K
}
Event: 1424,383 GC heap before
{Heap before GC invocations=688 (full 2):
 garbage-first heap   total 137216K, used 70142K [0x0000000708400000, 0x0000000800000000)
  region size 1024K, 33 young (33792K), 3 survivors (3072K)
 Metaspace       used 65821K, capacity 68340K, committed 68616K, reserved 1107968K
  class space    used 8804K, capacity 9768K, committed 9852K, reserved 1048576K
}
Event: 1424,384 GC heap after
{Heap after GC invocations=689 (full 2):
 garbage-first heap   total 137216K, used 40100K [0x0000000708400000, 0x0000000800000000)
  region size 1024K, 3 young (3072K), 3 survivors (3072K)
 Metaspace       used 65821K, capacity 68340K, committed 68616K, reserved 1107968K
  class space    used 8804K, capacity 9768K, committed 9852K, reserved 1048576K
}
Event: 1424,429 GC heap before
{Heap before GC invocations=689 (full 2):
 garbage-first heap   total 137216K, used 73892K [0x0000000708400000, 0x0000000800000000)
  region size 1024K, 37 young (37888K), 3 survivors (3072K)
 Metaspace       used 65861K, capacity 68352K, committed 68616K, reserved 1107968K
  class space    used 8807K, capacity 9770K, committed 9852K, reserved 1048576K
}
Event: 1424,434 GC heap after
{Heap after GC invocations=690 (full 2):
 garbage-first heap   total 137216K, used 40945K [0x0000000708400000, 0x0000000800000000)
  region size 1024K, 3 young (3072K), 3 survivors (3072K)
 Metaspace       used 65861K, capacity 68352K, committed 68616K, reserved 1107968K
  class space    used 8807K, capacity 9770K, committed 9852K, reserved 1048576K
}
Event: 1424,502 GC heap before
{Heap before GC invocations=691 (full 2):
 garbage-first heap   total 137216K, used 78833K [0x0000000708400000, 0x0000000800000000)
  region size 1024K, 40 young (40960K), 3 survivors (3072K)
 Metaspace       used 65882K, capacity 68382K, committed 68616K, reserved 1107968K
  class space    used 8809K, capacity 9775K, committed 9852K, reserved 1048576K
}
Event: 1424,504 GC heap after
{Heap after GC invocations=692 (full 2):
 garbage-first heap   total 137216K, used 41384K [0x0000000708400000, 0x0000000800000000)
  region size 1024K, 3 young (3072K), 3 survivors (3072K)
 Metaspace       used 65882K, capacity 68382K, committed 68616K, reserved 1107968K
  class space    used 8809K, capacity 9775K, committed 9852K, reserved 1048576K
}
Event: 1424,684 GC heap before
{Heap before GC invocations=692 (full 2):
 garbage-first heap   total 137216K, used 83368K [0x0000000708400000, 0x0000000800000000)
  region size 1024K, 44 young (45056K), 3 survivors (3072K)
 Metaspace       used 66257K, capacity 68814K, committed 69000K, reserved 1107968K
  class space    used 8843K, capacity 9833K, committed 9980K, reserved 1048576K
}
Event: 1424,687 GC heap after
{Heap after GC invocations=693 (full 2):
 garbage-first heap   total 137216K, used 43289K [0x0000000708400000, 0x0000000800000000)
  region size 1024K, 5 young (5120K), 5 survivors (5120K)
 Metaspace       used 66257K, capacity 68814K, committed 69000K, reserved 1107968K
  class space    used 8843K, capacity 9833K, committed 9980K, reserved 1048576K
}
Event: 1424,808 GC heap before
{Heap before GC invocations=694 (full 2):
 garbage-first heap   total 137216K, used 69913K [0x0000000708400000, 0x0000000800000000)
  region size 1024K, 32 young (32768K), 5 survivors (5120K)
 Metaspace       used 66321K, capacity 68893K, committed 69256K, reserved 1107968K
  class space    used 8848K, capacity 9837K, committed 9980K, reserved 1048576K
}
Event: 1424,811 GC heap after
{Heap after GC invocations=695 (full 2):
 garbage-first heap   total 164864K, used 45047K [0x0000000708400000, 0x0000000800000000)
  region size 1024K, 5 young (5120K), 5 survivors (5120K)
 Metaspace       used 66321K, capacity 68893K, committed 69256K, reserved 1107968K
  class space    used 8848K, capacity 9837K, committed 9980K, reserved 1048576K
}
Event: 1426,582 GC heap before
{Heap before GC invocations=696 (full 2):
 garbage-first heap   total 164864K, used 111607K [0x0000000708400000, 0x0000000800000000)
  region size 1024K, 39 young (39936K), 5 survivors (5120K)
 Metaspace       used 66357K, capacity 68935K, committed 69256K, reserved 1107968K
  class space    used 8853K, capacity 9846K, committed 9980K, reserved 1048576K
}
Event: 1426,593 GC heap after
{Heap after GC invocations=697 (full 2):
 garbage-first heap   total 164864K, used 77915K [0x0000000708400000, 0x0000000800000000)
  region size 1024K, 8 young (8192K), 8 survivors (8192K)
 Metaspace       used 66357K, capacity 68935K, committed 69256K, reserved 1107968K
  class space    used 8853K, capacity 9846K, committed 9980K, reserved 1048576K
}
Event: 1428,900 GC heap before
{Heap before GC invocations=698 (full 2):
 garbage-first heap   total 164864K, used 115803K [0x0000000708400000, 0x0000000800000000)
  region size 1024K, 38 young (38912K), 8 survivors (8192K)
 Metaspace       used 66364K, capacity 68947K, committed 69256K, reserved 1107968K
  class space    used 8854K, capacity 9848K, committed 9980K, reserved 1048576K
}
Event: 1428,913 GC heap after
{Heap after GC invocations=699 (full 2):
 garbage-first heap   total 164864K, used 83747K [0x0000000708400000, 0x0000000800000000)
  region size 1024K, 5 young (5120K), 5 survivors (5120K)
 Metaspace       used 66364K, capacity 68947K, committed 69256K, reserved 1107968K
  class space    used 8854K, capacity 9848K, committed 9980K, reserved 1048576K
}
Event: 1428,926 GC heap before
{Heap before GC invocations=699 (full 2):
 garbage-first heap   total 164864K, used 132899K [0x0000000708400000, 0x0000000800000000)
  region size 1024K, 29 young (29696K), 5 survivors (5120K)
 Metaspace       used 66364K, capacity 68947K, committed 69256K, reserved 1107968K
  class space    used 8854K, capacity 9848K, committed 9980K, reserved 1048576K
}
Event: 1428,936 GC heap after
{Heap after GC invocations=700 (full 2):
 garbage-first heap   total 167936K, used 134308K [0x0000000708400000, 0x0000000800000000)
  region size 1024K, 4 young (4096K), 4 survivors (4096K)
 Metaspace       used 66364K, capacity 68947K, committed 69256K, reserved 1107968K
  class space    used 8854K, capacity 9848K, committed 9980K, reserved 1048576K
}

