# JRE version: OpenJDK Runtime Environment (11.0.13+8) (build 11.0.13+8-Ubuntu-0ubuntu1.20.04)
# Java VM: OpenJDK 64-Bit Server VM (11.0.13+8-Ubuntu-0ubuntu1.20.04, mixed mode, sharing, tiered, compressed oops, g1 gc, linux-amd64)
Heap:
 garbage-first heap   total 256000K, used 74993K [0x0000000708400000, 0x0000000800000000)
  region size 1024K, 34 young (34816K), 3 survivors (3072K)
 Metaspace       used 26229K, capacity 26940K, committed 27264K, reserved 1073152K
  class space    used 2838K, capacity 3083K, committed 3200K, reserved 1048576K
GC Heap History (9 events):
Event: 0,448 GC heap before
{Heap before GC invocations=0 (full 0):
 garbage-first heap   total 256000K, used 25288K [0x0000000708400000, 0x0000000800000000)
  region size 1024K, 24 young (24576K), 0 survivors (0K)
 Metaspace       used 5641K, capacity 7995K, committed 8192K, reserved 1056768K
  class space    used 649K, capacity 902K, committed 1024K, reserved 1048576K
}
Event: 0,456 GC heap after
{Heap after GC invocations=1 (full 0):
 garbage-first heap   total 256000K, used 4063K [0x0000000708400000, 0x0000000800000000)
  region size 1024K, 3 young (3072K), 3 survivors (3072K)
 Metaspace       used 5641K, capacity 7995K, committed 8192K, reserved 1056768K
  class space    used 649K, capacity 902K, committed 1024K, reserved 1048576K
}
Event: 1,330 GC heap before
{Heap before GC invocations=1 (full 0):
 garbage-first heap   total 256000K, used 152543K [0x0000000708400000, 0x0000000800000000)
  region size 1024K, 148 young (151552K), 3 survivors (3072K)
 Metaspace       used 14047K, capacity 15620K, committed 16000K, reserved 1062912K
  class space    used 1545K, capacity 1806K, committed 1920K, reserved 1048576K
}
Event: 1,339 GC heap after
{Heap after GC invocations=2 (full 0):
 garbage-first heap   total 256000K, used 15091K [0x0000000708400000, 0x0000000800000000)
  region size 1024K, 14 young (14336K), 14 survivors (14336K)
 Metaspace       used 14047K, capacity 15620K, committed 16000K, reserved 1062912K
  class space    used 1545K, capacity 1806K, committed 1920K, reserved 1048576K
}
Event: 1,761 GC heap before
{Heap before GC invocations=2 (full 0):
 garbage-first heap   total 256000K, used 167667K [0x0000000708400000, 0x0000000800000000)
  region size 1024K, 115 young (117760K), 14 survivors (14336K)
 Metaspace       used 19818K, capacity 20903K, committed 21248K, reserved 1069056K
  class space    used 2214K, capacity 2446K, committed 2560K, reserved 1048576K
}
Event: 1,786 GC heap after
{Heap after GC invocations=3 (full 0):
 garbage-first heap   total 256000K, used 18878K [0x0000000708400000, 0x0000000800000000)
  region size 1024K, 5 young (5120K), 5 survivors (5120K)
 Metaspace       used 19818K, capacity 20903K, committed 21248K, reserved 1069056K
  class space    used 2214K, capacity 2446K, committed 2560K, reserved 1048576K
}
Event: 2,485 GC heap before
{Heap before GC invocations=4 (full 0):
 garbage-first heap   total 256000K, used 151998K [0x0000000708400000, 0x0000000800000000)
  region size 1024K, 132 young (135168K), 5 survivors (5120K)
 Metaspace       used 25688K, capacity 26457K, committed 26752K, reserved 1073152K
  class space    used 2821K, capacity 3073K, committed 3200K, reserved 1048576K
}
Event: 2,510 GC heap after
{Heap after GC invocations=5 (full 0):
 garbage-first heap   total 256000K, used 42266K [0x0000000708400000, 0x0000000800000000)
  region size 1024K, 17 young (17408K), 17 survivors (17408K)
 Metaspace       used 25688K, capacity 26457K, committed 26752K, reserved 1073152K
  class space    used 2821K, capacity 3073K, committed 3200K, reserved 1048576K
}
Event: 2,756 GC heap before
{Heap before GC invocations=6 (full 0):
 garbage-first heap   total 256000K, used 74010K [0x0000000708400000, 0x0000000800000000)
  region size 1024K, 48 young (49152K), 17 survivors (17408K)
 Metaspace       used 26229K, capacity 26940K, committed 27264K, reserved 1073152K
  class space    used 2838K, capacity 3083K, committed 3200K, reserved 1048576K
}

