# JRE version: OpenJDK Runtime Environment (11.0.11+9) (build 11.0.11+9-Ubuntu-0ubuntu2.20.04)
# Java VM: OpenJDK 64-Bit Server VM (11.0.11+9-Ubuntu-0ubuntu2.20.04, mixed mode, sharing, tiered, compressed oops, g1 gc, linux-amd64)
Heap:
 garbage-first heap   total 328704K, used 203671K [0x0000000708400000, 0x0000000800000000)
  region size 1024K, 181 young (185344K), 7 survivors (7168K)
 Metaspace       used 53940K, capacity 55855K, committed 55984K, reserved 1097728K
  class space    used 7410K, capacity 8173K, committed 8192K, reserved 1048576K
GC Heap History (11 events):
Event: 0,205 GC heap before
{Heap before GC invocations=0 (full 0):
 garbage-first heap   total 256000K, used 27336K [0x0000000708400000, 0x0000000800000000)
  region size 1024K, 24 young (24576K), 0 survivors (0K)
 Metaspace       used 2870K, capacity 6095K, committed 6272K, reserved 1056768K
  class space    used 325K, capacity 586K, committed 640K, reserved 1048576K
}
Event: 0,210 GC heap after
{Heap after GC invocations=1 (full 0):
 garbage-first heap   total 256000K, used 7394K [0x0000000708400000, 0x0000000800000000)
  region size 1024K, 3 young (3072K), 3 survivors (3072K)
 Metaspace       used 2870K, capacity 6095K, committed 6272K, reserved 1056768K
  class space    used 325K, capacity 586K, committed 640K, reserved 1048576K
}
Event: 0,689 GC heap before
{Heap before GC invocations=1 (full 0):
 garbage-first heap   total 256000K, used 155874K [0x0000000708400000, 0x0000000800000000)
  region size 1024K, 148 young (151552K), 3 survivors (3072K)
 Metaspace       used 15319K, capacity 16596K, committed 16768K, reserved 1062912K
  class space    used 2138K, capacity 2390K, committed 2432K, reserved 1048576K
}
Event: 0,694 GC heap after
{Heap after GC invocations=2 (full 0):
 garbage-first heap   total 256000K, used 11488K [0x0000000708400000, 0x0000000800000000)
  region size 1024K, 7 young (7168K), 7 survivors (7168K)
 Metaspace       used 15319K, capacity 16596K, committed 16768K, reserved 1062912K
  class space    used 2138K, capacity 2390K, committed 2432K, reserved 1048576K
}
Event: 1,041 GC heap before
{Heap before GC invocations=2 (full 0):
 garbage-first heap   total 256000K, used 131296K [0x0000000708400000, 0x0000000800000000)
  region size 1024K, 126 young (129024K), 7 survivors (7168K)
 Metaspace       used 19770K, capacity 21138K, committed 21296K, reserved 1067008K
  class space    used 2749K, capacity 3114K, committed 3200K, reserved 1048576K
}
Event: 1,048 GC heap after
{Heap after GC invocations=3 (full 0):
 garbage-first heap   total 256000K, used 14684K [0x0000000708400000, 0x0000000800000000)
  region size 1024K, 11 young (11264K), 11 survivors (11264K)
 Metaspace       used 19770K, capacity 21138K, committed 21296K, reserved 1067008K
  class space    used 2749K, capacity 3114K, committed 3200K, reserved 1048576K
}
Event: 1,489 GC heap before
{Heap before GC invocations=4 (full 0):
 garbage-first heap   total 256000K, used 162140K [0x0000000708400000, 0x0000000800000000)
  region size 1024K, 148 young (151552K), 11 survivors (11264K)
 Metaspace       used 27447K, capacity 28536K, committed 28720K, reserved 1073152K
  class space    used 3766K, capacity 4224K, committed 4224K, reserved 1048576K
}
Event: 1,497 GC heap after
{Heap after GC invocations=5 (full 0):
 garbage-first heap   total 256000K, used 21761K [0x0000000708400000, 0x0000000800000000)
  region size 1024K, 14 young (14336K), 14 survivors (14336K)
 Metaspace       used 27447K, capacity 28536K, committed 28720K, reserved 1073152K
  class space    used 3766K, capacity 4224K, committed 4224K, reserved 1048576K
}
Event: 1,758 GC heap before
{Heap before GC invocations=5 (full 0):
 garbage-first heap   total 256000K, used 129281K [0x0000000708400000, 0x0000000800000000)
  region size 1024K, 116 young (118784K), 14 survivors (14336K)
 Metaspace       used 34504K, capacity 35730K, committed 35888K, reserved 1079296K
  class space    used 4640K, capacity 5150K, committed 5248K, reserved 1048576K
}
Event: 1,770 GC heap after
{Heap after GC invocations=6 (full 0):
 garbage-first heap   total 328704K, used 25495K [0x0000000708400000, 0x0000000800000000)
  region size 1024K, 12 young (12288K), 12 survivors (12288K)
 Metaspace       used 34504K, capacity 35730K, committed 35888K, reserved 1079296K
  class space    used 4640K, capacity 5150K, committed 5248K, reserved 1048576K
}
Event: 2,711 GC heap before
{Heap before GC invocations=7 (full 0):
 garbage-first heap   total 328704K, used 203671K [0x0000000708400000, 0x0000000800000000)
  region size 1024K, 186 young (190464K), 12 survivors (12288K)
 Metaspace       used 53940K, capacity 55855K, committed 55984K, reserved 1097728K
  class space    used 7410K, capacity 8173K, committed 8192K, reserved 1048576K
}

