# JRE version: OpenJDK Runtime Environment (11.0.11+9) (build 11.0.11+9-Ubuntu-0ubuntu2.20.04)
# Java VM: OpenJDK 64-Bit Server VM (11.0.11+9-Ubuntu-0ubuntu2.20.04, mixed mode, sharing, tiered, compressed oops, g1 gc, linux-amd64)
Heap:
 garbage-first heap   total 256000K, used 101575K [0x0000000708400000, 0x0000000800000000)
  region size 1024K, 92 young (94208K), 10 survivors (10240K)
 Metaspace       used 33855K, capacity 35122K, committed 35504K, reserved 1079296K
  class space    used 4408K, capacity 4925K, committed 5040K, reserved 1048576K
GC Heap History (6 events):
Event: 0,259 GC heap before
{Heap before GC invocations=0 (full 0):
 garbage-first heap   total 256000K, used 26312K [0x0000000708400000, 0x0000000800000000)
  region size 1024K, 24 young (24576K), 0 survivors (0K)
 Metaspace       used 3060K, capacity 5708K, committed 5760K, reserved 1056768K
  class space    used 334K, capacity 595K, committed 640K, reserved 1048576K
}
Event: 0,265 GC heap after
{Heap after GC invocations=1 (full 0):
 garbage-first heap   total 256000K, used 9136K [0x0000000708400000, 0x0000000800000000)
  region size 1024K, 3 young (3072K), 3 survivors (3072K)
 Metaspace       used 3060K, capacity 5708K, committed 5760K, reserved 1056768K
  class space    used 334K, capacity 595K, committed 640K, reserved 1048576K
}
Event: 1,027 GC heap before
{Heap before GC invocations=1 (full 0):
 garbage-first heap   total 256000K, used 148400K [0x0000000708400000, 0x0000000800000000)
  region size 1024K, 140 young (143360K), 3 survivors (3072K)
 Metaspace       used 20372K, capacity 21283K, committed 21296K, reserved 1067008K
  class space    used 2711K, capacity 3111K, committed 3120K, reserved 1048576K
}
Event: 1,034 GC heap after
{Heap after GC invocations=2 (full 0):
 garbage-first heap   total 256000K, used 14846K [0x0000000708400000, 0x0000000800000000)
  region size 1024K, 9 young (9216K), 9 survivors (9216K)
 Metaspace       used 20372K, capacity 21283K, committed 21296K, reserved 1067008K
  class space    used 2711K, capacity 3111K, committed 3120K, reserved 1048576K
}
Event: 1,397 GC heap before
{Heap before GC invocations=3 (full 0):
 garbage-first heap   total 256000K, used 133630K [0x0000000708400000, 0x0000000800000000)
  region size 1024K, 126 young (129024K), 9 survivors (9216K)
 Metaspace       used 28321K, capacity 29478K, committed 29744K, reserved 1075200K
  class space    used 3653K, capacity 4110K, committed 4144K, reserved 1048576K
}
Event: 1,404 GC heap after
{Heap after GC invocations=4 (full 0):
 garbage-first heap   total 256000K, used 18631K [0x0000000708400000, 0x0000000800000000)
  region size 1024K, 10 young (10240K), 10 survivors (10240K)
 Metaspace       used 28321K, capacity 29478K, committed 29744K, reserved 1075200K
  class space    used 3653K, capacity 4110K, committed 4144K, reserved 1048576K
}

